NCOMP 11
COMPONENT 1 DEAD (det0 in P)
COMPONENT 2 DEAD (det0 in P)
COMPONENT 3 DEAD (det0 in P)
COMPONENT 4 LIVE:
_[1]=q12
_[2]=q7
_[3]=q6
_[4]=q10^2-4*q9*q11
_[5]=q4*q10-q3*q11
_[6]=q3*q10-4*q1*q11
_[7]=q4*q9-q1*q11
_[8]=q3*q9-q1*q10
_[9]=2*q4*q8+q2*q10-2*q0*q11
_[10]=q3*q8+2*q2*q9-q0*q10
_[11]=q3^2-4*q1*q4
_[12]=q2*q9*q10+2*q1*q8*q11-2*q0*q9*q11
_[13]=2*q2*q9^2+q1*q8*q10-q0*q9*q10
COMPONENT 5 DEAD (det0 in P)
COMPONENT 6 DEAD (det0 in P)
COMPONENT 7 LIVE:
_[1]=q10
_[2]=q9
_[3]=q7
_[4]=q6
_[5]=q4
_[6]=q3
_[7]=q1
_[8]=q0
COMPONENT 8 DEAD (det0 in P)
COMPONENT 9 DEAD (det0 in P)
COMPONENT 10 DEAD (det0 in P)
COMPONENT 11 DEAD (det0 in P)
NLIVE 2
UNIT comp 4 k 1
UNIT comp 4 k 2
UNIT comp 4 k 3
UNIT comp 7 k 1
UNIT comp 7 k 2
UNIT comp 7 k 3
VERDICT-DECOMPOSED system 698: EMPTY
