NBRANCH 159
BRANCH 1 DEAD (det0 in ideal)
BRANCH 2 DEAD (det0 in ideal)
BRANCH 3 DEAD (det0 in ideal)
BRANCH 4 DEAD (det0 in ideal)
BRANCH 5 DEAD (det0 in ideal)
BRANCH 6 DEAD (det0 in ideal)
BRANCH 7 DEAD (det0 in ideal)
BRANCH 8 DEAD (det0 in ideal)
BRANCH 9 DEAD (det0 in ideal)
BRANCH 10 DEAD (det0 in ideal)
BRANCH 11 DEAD (det0 in ideal)
BRANCH 12 DEAD (det0 in ideal)
BRANCH 13 LIVE ngens 11
BRANCH 14 DEAD (det0 in ideal)
BRANCH 15 DEAD (det0 in ideal)
BRANCH 16 DEAD (det0 in ideal)
BRANCH 17 DEAD (det0 in ideal)
BRANCH 18 LIVE ngens 10
BRANCH 19 LIVE ngens 12
BRANCH 20 DEAD (det0 in ideal)
BRANCH 21 LIVE ngens 11
BRANCH 22 DEAD (det0 in ideal)
BRANCH 23 DEAD (det0 in ideal)
BRANCH 24 LIVE ngens 12
BRANCH 25 LIVE ngens 12
BRANCH 26 DEAD (det0 in ideal)
BRANCH 27 DEAD (det0 in ideal)
BRANCH 28 LIVE ngens 12
BRANCH 29 LIVE ngens 16
BRANCH 30 DEAD (det0 in ideal)
BRANCH 31 LIVE ngens 13
BRANCH 32 DEAD (det0 in ideal)
BRANCH 33 LIVE ngens 13
BRANCH 34 DEAD (det0 in ideal)
BRANCH 35 DEAD (det0 in ideal)
BRANCH 36 DEAD (det0 in ideal)
BRANCH 37 DEAD (det0 in ideal)
BRANCH 38 DEAD (det0 in ideal)
BRANCH 39 LIVE ngens 12
BRANCH 40 DEAD (det0 in ideal)
BRANCH 41 DEAD (det0 in ideal)
BRANCH 42 DEAD (det0 in ideal)
BRANCH 43 DEAD (det0 in ideal)
BRANCH 44 DEAD (det0 in ideal)
BRANCH 45 LIVE ngens 17
BRANCH 46 DEAD (det0 in ideal)
BRANCH 47 DEAD (det0 in ideal)
BRANCH 48 DEAD (det0 in ideal)
BRANCH 49 DEAD (det0 in ideal)
BRANCH 50 DEAD (det0 in ideal)
BRANCH 51 DEAD (det0 in ideal)
BRANCH 52 DEAD (det0 in ideal)
BRANCH 53 DEAD (det0 in ideal)
BRANCH 54 DEAD (det0 in ideal)
BRANCH 55 DEAD (det0 in ideal)
BRANCH 56 DEAD (det0 in ideal)
BRANCH 57 DEAD (det0 in ideal)
BRANCH 58 DEAD (det0 in ideal)
BRANCH 59 DEAD (det0 in ideal)
BRANCH 60 LIVE ngens 14
BRANCH 61 DEAD (det0 in ideal)
BRANCH 62 DEAD (det0 in ideal)
BRANCH 63 LIVE ngens 13
BRANCH 64 DEAD (det0 in ideal)
BRANCH 65 DEAD (det0 in ideal)
BRANCH 66 DEAD (det0 in ideal)
BRANCH 67 DEAD (det0 in ideal)
BRANCH 68 DEAD (det0 in ideal)
BRANCH 69 DEAD (det0 in ideal)
BRANCH 70 DEAD (det0 in ideal)
BRANCH 71 DEAD (det0 in ideal)
BRANCH 72 DEAD (det0 in ideal)
BRANCH 73 DEAD (det0 in ideal)
BRANCH 74 DEAD (det0 in ideal)
BRANCH 75 DEAD (det0 in ideal)
BRANCH 76 DEAD (det0 in ideal)
BRANCH 77 DEAD (det0 in ideal)
BRANCH 78 DEAD (det0 in ideal)
BRANCH 79 DEAD (det0 in ideal)
BRANCH 80 DEAD (det0 in ideal)
BRANCH 81 DEAD (det0 in ideal)
BRANCH 82 DEAD (det0 in ideal)
BRANCH 83 DEAD (det0 in ideal)
BRANCH 84 DEAD (det0 in ideal)
BRANCH 85 DEAD (det0 in ideal)
BRANCH 86 DEAD (det0 in ideal)
BRANCH 87 DEAD (det0 in ideal)
BRANCH 88 DEAD (det0 in ideal)
BRANCH 89 DEAD (det0 in ideal)
BRANCH 90 LIVE ngens 12
BRANCH 91 DEAD (det0 in ideal)
BRANCH 92 DEAD (det0 in ideal)
BRANCH 93 DEAD (det0 in ideal)
BRANCH 94 DEAD (det0 in ideal)
BRANCH 95 LIVE ngens 11
BRANCH 96 LIVE ngens 14
BRANCH 97 LIVE ngens 15
BRANCH 98 DEAD (det0 in ideal)
BRANCH 99 DEAD (det0 in ideal)
BRANCH 100 DEAD (det0 in ideal)
BRANCH 101 DEAD (det0 in ideal)
BRANCH 102 DEAD (det0 in ideal)
BRANCH 103 LIVE ngens 16
BRANCH 104 DEAD (det0 in ideal)
BRANCH 105 DEAD (det0 in ideal)
BRANCH 106 LIVE ngens 12
BRANCH 107 LIVE ngens 15
BRANCH 108 LIVE ngens 12
BRANCH 109 LIVE ngens 11
BRANCH 110 DEAD (det0 in ideal)
BRANCH 111 DEAD (det0 in ideal)
BRANCH 112 LIVE ngens 11
BRANCH 113 LIVE ngens 17
BRANCH 114 LIVE ngens 17
BRANCH 115 LIVE ngens 12
BRANCH 116 LIVE ngens 11
BRANCH 117 LIVE ngens 11
BRANCH 118 LIVE ngens 11
BRANCH 119 DEAD (det0 in ideal)
BRANCH 120 LIVE ngens 12
BRANCH 121 LIVE ngens 15
BRANCH 122 LIVE ngens 12
BRANCH 123 DEAD (det0 in ideal)
BRANCH 124 LIVE ngens 12
BRANCH 125 LIVE ngens 12
BRANCH 126 DEAD (det0 in ideal)
BRANCH 127 LIVE ngens 11
BRANCH 128 DEAD (det0 in ideal)
BRANCH 129 DEAD (det0 in ideal)
BRANCH 130 DEAD (det0 in ideal)
BRANCH 131 DEAD (det0 in ideal)
BRANCH 132 LIVE ngens 11
BRANCH 133 DEAD (det0 in ideal)
BRANCH 134 LIVE ngens 10
BRANCH 135 DEAD (det0 in ideal)
BRANCH 136 DEAD (det0 in ideal)
BRANCH 137 DEAD (det0 in ideal)
BRANCH 138 DEAD (det0 in ideal)
BRANCH 139 DEAD (det0 in ideal)
BRANCH 140 DEAD (det0 in ideal)
BRANCH 141 DEAD (det0 in ideal)
BRANCH 142 DEAD (det0 in ideal)
BRANCH 143 DEAD (det0 in ideal)
BRANCH 144 LIVE ngens 16
BRANCH 145 DEAD (det0 in ideal)
BRANCH 146 DEAD (det0 in ideal)
BRANCH 147 DEAD (det0 in ideal)
BRANCH 148 DEAD (det0 in ideal)
BRANCH 149 DEAD (det0 in ideal)
BRANCH 150 DEAD (det0 in ideal)
BRANCH 151 LIVE ngens 17
BRANCH 152 DEAD (det0 in ideal)
BRANCH 153 DEAD (det0 in ideal)
BRANCH 154 DEAD (det0 in ideal)
BRANCH 155 DEAD (det0 in ideal)
BRANCH 156 LIVE ngens 11
BRANCH 157 DEAD (det0 in ideal)
BRANCH 158 DEAD (det0 in ideal)
BRANCH 159 DEAD (det0 in ideal)
NLIVE 41
UNIT branch 13 k 1
UNIT branch 13 k 2
UNIT branch 13 k 3
UNIT branch 18 k 1
UNIT branch 18 k 2
UNIT branch 18 k 3
UNIT branch 19 k 1
UNIT branch 19 k 2
UNIT branch 19 k 3
UNIT branch 21 k 1
UNIT branch 21 k 2
UNIT branch 21 k 3
UNIT branch 24 k 1
UNIT branch 24 k 2
UNIT branch 24 k 3
UNIT branch 25 k 1
UNIT branch 25 k 2
UNIT branch 25 k 3
UNIT branch 28 k 1
UNIT branch 28 k 2
UNIT branch 28 k 3
UNIT branch 29 k 1
UNIT branch 29 k 2
UNIT branch 29 k 3
UNIT branch 31 k 1
UNIT branch 31 k 2
UNIT branch 31 k 3
UNIT branch 33 k 1
UNIT branch 33 k 2
UNIT branch 33 k 3
UNIT branch 39 k 1
UNIT branch 39 k 2
UNIT branch 39 k 3
UNIT branch 45 k 1
UNIT branch 45 k 2
UNIT branch 45 k 3
UNIT branch 60 k 1
UNIT branch 60 k 2
UNIT branch 60 k 3
UNIT branch 63 k 1
UNIT branch 63 k 2
UNIT branch 63 k 3
UNIT branch 90 k 1
UNIT branch 90 k 2
UNIT branch 90 k 3
UNIT branch 95 k 1
UNIT branch 95 k 2
UNIT branch 95 k 3
UNIT branch 96 k 1
UNIT branch 96 k 2
UNIT branch 96 k 3
UNIT branch 97 k 1
UNIT branch 97 k 2
UNIT branch 97 k 3
UNIT branch 103 k 1
UNIT branch 103 k 2
UNIT branch 103 k 3
UNIT branch 106 k 1
UNIT branch 106 k 2
UNIT branch 106 k 3
UNIT branch 107 k 1
UNIT branch 107 k 2
UNIT branch 107 k 3
UNIT branch 108 k 1
UNIT branch 108 k 2
UNIT branch 108 k 3
UNIT branch 109 k 1
UNIT branch 109 k 2
UNIT branch 109 k 3
UNIT branch 112 k 1
UNIT branch 112 k 2
UNIT branch 112 k 3
UNIT branch 113 k 1
UNIT branch 113 k 2
UNIT branch 113 k 3
UNIT branch 114 k 1
UNIT branch 114 k 2
UNIT branch 114 k 3
UNIT branch 115 k 1
UNIT branch 115 k 2
UNIT branch 115 k 3
UNIT branch 116 k 1
UNIT branch 116 k 2
UNIT branch 116 k 3
UNIT branch 117 k 1
UNIT branch 117 k 2
UNIT branch 117 k 3
UNIT branch 118 k 1
UNIT branch 118 k 2
UNIT branch 118 k 3
UNIT branch 120 k 1
UNIT branch 120 k 2
UNIT branch 120 k 3
UNIT branch 121 k 1
UNIT branch 121 k 2
UNIT branch 121 k 3
UNIT branch 122 k 1
UNIT branch 122 k 2
UNIT branch 122 k 3
UNIT branch 124 k 1
UNIT branch 124 k 2
UNIT branch 124 k 3
UNIT branch 125 k 1
UNIT branch 125 k 2
UNIT branch 125 k 3
UNIT branch 127 k 1
UNIT branch 127 k 2
UNIT branch 127 k 3
UNIT branch 132 k 1
UNIT branch 132 k 2
UNIT branch 132 k 3
UNIT branch 134 k 1
UNIT branch 134 k 2
UNIT branch 134 k 3
UNIT branch 144 k 1
UNIT branch 144 k 2
UNIT branch 144 k 3
UNIT branch 151 k 1
UNIT branch 151 k 2
UNIT branch 151 k 3
UNIT branch 156 k 1
UNIT branch 156 k 2
UNIT branch 156 k 3
VERDICT-FACSTD system 709: EMPTY
