NBRANCH 79
BRANCH 1 DEAD (det0 in ideal)
BRANCH 2 LIVE ngens 11
BRANCH 3 DEAD (det0 in ideal)
BRANCH 4 LIVE ngens 13
BRANCH 5 DEAD (det0 in ideal)
BRANCH 6 DEAD (det0 in ideal)
BRANCH 7 DEAD (det0 in ideal)
BRANCH 8 DEAD (det0 in ideal)
BRANCH 9 DEAD (det0 in ideal)
BRANCH 10 DEAD (det0 in ideal)
BRANCH 11 DEAD (det0 in ideal)
BRANCH 12 DEAD (det0 in ideal)
BRANCH 13 DEAD (det0 in ideal)
BRANCH 14 DEAD (det0 in ideal)
BRANCH 15 LIVE ngens 12
BRANCH 16 LIVE ngens 14
BRANCH 17 LIVE ngens 25
BRANCH 18 DEAD (det0 in ideal)
BRANCH 19 DEAD (det0 in ideal)
BRANCH 20 DEAD (det0 in ideal)
BRANCH 21 DEAD (det0 in ideal)
BRANCH 22 DEAD (det0 in ideal)
BRANCH 23 DEAD (det0 in ideal)
BRANCH 24 DEAD (det0 in ideal)
BRANCH 25 DEAD (det0 in ideal)
BRANCH 26 DEAD (det0 in ideal)
BRANCH 27 DEAD (det0 in ideal)
BRANCH 28 DEAD (det0 in ideal)
BRANCH 29 DEAD (det0 in ideal)
BRANCH 30 DEAD (det0 in ideal)
BRANCH 31 DEAD (det0 in ideal)
BRANCH 32 DEAD (det0 in ideal)
BRANCH 33 LIVE ngens 10
BRANCH 34 DEAD (det0 in ideal)
BRANCH 35 LIVE ngens 11
BRANCH 36 DEAD (det0 in ideal)
BRANCH 37 DEAD (det0 in ideal)
BRANCH 38 LIVE ngens 10
BRANCH 39 DEAD (det0 in ideal)
BRANCH 40 DEAD (det0 in ideal)
BRANCH 41 DEAD (det0 in ideal)
BRANCH 42 DEAD (det0 in ideal)
BRANCH 43 DEAD (det0 in ideal)
BRANCH 44 DEAD (det0 in ideal)
BRANCH 45 DEAD (det0 in ideal)
BRANCH 46 DEAD (det0 in ideal)
BRANCH 47 DEAD (det0 in ideal)
BRANCH 48 DEAD (det0 in ideal)
BRANCH 49 DEAD (det0 in ideal)
BRANCH 50 DEAD (det0 in ideal)
BRANCH 51 DEAD (det0 in ideal)
BRANCH 52 DEAD (det0 in ideal)
BRANCH 53 DEAD (det0 in ideal)
BRANCH 54 DEAD (det0 in ideal)
BRANCH 55 DEAD (det0 in ideal)
BRANCH 56 DEAD (det0 in ideal)
BRANCH 57 DEAD (det0 in ideal)
BRANCH 58 DEAD (det0 in ideal)
BRANCH 59 DEAD (det0 in ideal)
BRANCH 60 DEAD (det0 in ideal)
BRANCH 61 DEAD (det0 in ideal)
BRANCH 62 DEAD (det0 in ideal)
BRANCH 63 DEAD (det0 in ideal)
BRANCH 64 DEAD (det0 in ideal)
BRANCH 65 DEAD (det0 in ideal)
BRANCH 66 DEAD (det0 in ideal)
BRANCH 67 DEAD (det0 in ideal)
BRANCH 68 DEAD (det0 in ideal)
BRANCH 69 DEAD (det0 in ideal)
BRANCH 70 DEAD (det0 in ideal)
BRANCH 71 DEAD (det0 in ideal)
BRANCH 72 DEAD (det0 in ideal)
BRANCH 73 DEAD (det0 in ideal)
BRANCH 74 DEAD (det0 in ideal)
BRANCH 75 DEAD (det0 in ideal)
BRANCH 76 DEAD (det0 in ideal)
BRANCH 77 DEAD (det0 in ideal)
BRANCH 78 DEAD (det0 in ideal)
BRANCH 79 DEAD (det0 in ideal)
NLIVE 8
UNIT branch 2 k 1
UNIT branch 2 k 2
UNIT branch 2 k 3
UNIT branch 4 k 1
UNIT branch 4 k 2
UNIT branch 4 k 3
UNIT branch 15 k 1
UNIT branch 15 k 2
UNIT branch 15 k 3
UNIT branch 16 k 1
UNIT branch 16 k 2
UNIT branch 16 k 3
UNIT branch 17 k 1
UNIT branch 17 k 2
UNIT branch 17 k 3
UNIT branch 33 k 1
UNIT branch 33 k 2
UNIT branch 33 k 3
UNIT branch 35 k 1
UNIT branch 35 k 2
UNIT branch 35 k 3
UNIT branch 38 k 1
UNIT branch 38 k 2
UNIT branch 38 k 3
VERDICT-FACSTD system 707: EMPTY
