NBRANCH 174
BRANCH 1 LIVE ngens 14
BRANCH 2 LIVE ngens 11
BRANCH 3 DEAD (det0 in ideal)
BRANCH 4 DEAD (det0 in ideal)
BRANCH 5 LIVE ngens 13
BRANCH 6 DEAD (det0 in ideal)
BRANCH 7 DEAD (det0 in ideal)
BRANCH 8 LIVE ngens 13
BRANCH 9 LIVE ngens 17
BRANCH 10 DEAD (det0 in ideal)
BRANCH 11 LIVE ngens 15
BRANCH 12 LIVE ngens 44
BRANCH 13 LIVE ngens 42
BRANCH 14 LIVE ngens 30
BRANCH 15 LIVE ngens 21
BRANCH 16 DEAD (det0 in ideal)
BRANCH 17 DEAD (det0 in ideal)
BRANCH 18 LIVE ngens 14
BRANCH 19 LIVE ngens 28
BRANCH 20 DEAD (det0 in ideal)
BRANCH 21 DEAD (det0 in ideal)
BRANCH 22 DEAD (det0 in ideal)
BRANCH 23 LIVE ngens 22
BRANCH 24 DEAD (det0 in ideal)
BRANCH 25 DEAD (det0 in ideal)
BRANCH 26 LIVE ngens 21
BRANCH 27 DEAD (det0 in ideal)
BRANCH 28 DEAD (det0 in ideal)
BRANCH 29 DEAD (det0 in ideal)
BRANCH 30 DEAD (det0 in ideal)
BRANCH 31 DEAD (det0 in ideal)
BRANCH 32 DEAD (det0 in ideal)
BRANCH 33 DEAD (det0 in ideal)
BRANCH 34 DEAD (det0 in ideal)
BRANCH 35 DEAD (det0 in ideal)
BRANCH 36 DEAD (det0 in ideal)
BRANCH 37 DEAD (det0 in ideal)
BRANCH 38 DEAD (det0 in ideal)
BRANCH 39 DEAD (det0 in ideal)
BRANCH 40 DEAD (det0 in ideal)
BRANCH 41 DEAD (det0 in ideal)
BRANCH 42 DEAD (det0 in ideal)
BRANCH 43 DEAD (det0 in ideal)
BRANCH 44 LIVE ngens 14
BRANCH 45 DEAD (det0 in ideal)
BRANCH 46 LIVE ngens 13
BRANCH 47 LIVE ngens 15
BRANCH 48 DEAD (det0 in ideal)
BRANCH 49 DEAD (det0 in ideal)
BRANCH 50 DEAD (det0 in ideal)
BRANCH 51 DEAD (det0 in ideal)
BRANCH 52 LIVE ngens 15
BRANCH 53 DEAD (det0 in ideal)
BRANCH 54 DEAD (det0 in ideal)
BRANCH 55 DEAD (det0 in ideal)
BRANCH 56 DEAD (det0 in ideal)
BRANCH 57 DEAD (det0 in ideal)
BRANCH 58 DEAD (det0 in ideal)
BRANCH 59 DEAD (det0 in ideal)
BRANCH 60 DEAD (det0 in ideal)
BRANCH 61 DEAD (det0 in ideal)
BRANCH 62 LIVE ngens 25
BRANCH 63 LIVE ngens 25
BRANCH 64 DEAD (det0 in ideal)
BRANCH 65 DEAD (det0 in ideal)
BRANCH 66 DEAD (det0 in ideal)
BRANCH 67 DEAD (det0 in ideal)
BRANCH 68 DEAD (det0 in ideal)
BRANCH 69 DEAD (det0 in ideal)
BRANCH 70 DEAD (det0 in ideal)
BRANCH 71 DEAD (det0 in ideal)
BRANCH 72 DEAD (det0 in ideal)
BRANCH 73 DEAD (det0 in ideal)
BRANCH 74 DEAD (det0 in ideal)
BRANCH 75 LIVE ngens 13
BRANCH 76 DEAD (det0 in ideal)
BRANCH 77 DEAD (det0 in ideal)
BRANCH 78 DEAD (det0 in ideal)
BRANCH 79 DEAD (det0 in ideal)
BRANCH 80 DEAD (det0 in ideal)
BRANCH 81 DEAD (det0 in ideal)
BRANCH 82 DEAD (det0 in ideal)
BRANCH 83 DEAD (det0 in ideal)
BRANCH 84 DEAD (det0 in ideal)
BRANCH 85 DEAD (det0 in ideal)
BRANCH 86 DEAD (det0 in ideal)
BRANCH 87 DEAD (det0 in ideal)
BRANCH 88 DEAD (det0 in ideal)
BRANCH 89 DEAD (det0 in ideal)
BRANCH 90 DEAD (det0 in ideal)
BRANCH 91 DEAD (det0 in ideal)
BRANCH 92 DEAD (det0 in ideal)
BRANCH 93 DEAD (det0 in ideal)
BRANCH 94 DEAD (det0 in ideal)
BRANCH 95 DEAD (det0 in ideal)
BRANCH 96 DEAD (det0 in ideal)
BRANCH 97 DEAD (det0 in ideal)
BRANCH 98 DEAD (det0 in ideal)
BRANCH 99 DEAD (det0 in ideal)
BRANCH 100 DEAD (det0 in ideal)
BRANCH 101 DEAD (det0 in ideal)
BRANCH 102 LIVE ngens 38
BRANCH 103 DEAD (det0 in ideal)
BRANCH 104 DEAD (det0 in ideal)
BRANCH 105 DEAD (det0 in ideal)
BRANCH 106 DEAD (det0 in ideal)
BRANCH 107 DEAD (det0 in ideal)
BRANCH 108 DEAD (det0 in ideal)
BRANCH 109 DEAD (det0 in ideal)
BRANCH 110 DEAD (det0 in ideal)
BRANCH 111 DEAD (det0 in ideal)
BRANCH 112 DEAD (det0 in ideal)
BRANCH 113 DEAD (det0 in ideal)
BRANCH 114 DEAD (det0 in ideal)
BRANCH 115 DEAD (det0 in ideal)
BRANCH 116 DEAD (det0 in ideal)
BRANCH 117 DEAD (det0 in ideal)
BRANCH 118 DEAD (det0 in ideal)
BRANCH 119 DEAD (det0 in ideal)
BRANCH 120 DEAD (det0 in ideal)
BRANCH 121 DEAD (det0 in ideal)
BRANCH 122 DEAD (det0 in ideal)
BRANCH 123 DEAD (det0 in ideal)
BRANCH 124 DEAD (det0 in ideal)
BRANCH 125 DEAD (det0 in ideal)
BRANCH 126 DEAD (det0 in ideal)
BRANCH 127 DEAD (det0 in ideal)
BRANCH 128 DEAD (det0 in ideal)
BRANCH 129 LIVE ngens 14
BRANCH 130 DEAD (det0 in ideal)
BRANCH 131 DEAD (det0 in ideal)
BRANCH 132 DEAD (det0 in ideal)
BRANCH 133 DEAD (det0 in ideal)
BRANCH 134 DEAD (det0 in ideal)
BRANCH 135 DEAD (det0 in ideal)
BRANCH 136 DEAD (det0 in ideal)
BRANCH 137 DEAD (det0 in ideal)
BRANCH 138 DEAD (det0 in ideal)
BRANCH 139 DEAD (det0 in ideal)
BRANCH 140 DEAD (det0 in ideal)
BRANCH 141 DEAD (det0 in ideal)
BRANCH 142 DEAD (det0 in ideal)
BRANCH 143 DEAD (det0 in ideal)
BRANCH 144 DEAD (det0 in ideal)
BRANCH 145 DEAD (det0 in ideal)
BRANCH 146 DEAD (det0 in ideal)
BRANCH 147 DEAD (det0 in ideal)
BRANCH 148 DEAD (det0 in ideal)
BRANCH 149 DEAD (det0 in ideal)
BRANCH 150 DEAD (det0 in ideal)
BRANCH 151 DEAD (det0 in ideal)
BRANCH 152 DEAD (det0 in ideal)
BRANCH 153 DEAD (det0 in ideal)
BRANCH 154 DEAD (det0 in ideal)
BRANCH 155 DEAD (det0 in ideal)
BRANCH 156 DEAD (det0 in ideal)
BRANCH 157 DEAD (det0 in ideal)
BRANCH 158 DEAD (det0 in ideal)
BRANCH 159 DEAD (det0 in ideal)
BRANCH 160 DEAD (det0 in ideal)
BRANCH 161 DEAD (det0 in ideal)
BRANCH 162 DEAD (det0 in ideal)
BRANCH 163 DEAD (det0 in ideal)
BRANCH 164 DEAD (det0 in ideal)
BRANCH 165 DEAD (det0 in ideal)
BRANCH 166 DEAD (det0 in ideal)
BRANCH 167 DEAD (det0 in ideal)
BRANCH 168 DEAD (det0 in ideal)
BRANCH 169 DEAD (det0 in ideal)
BRANCH 170 DEAD (det0 in ideal)
BRANCH 171 DEAD (det0 in ideal)
BRANCH 172 DEAD (det0 in ideal)
BRANCH 173 DEAD (det0 in ideal)
BRANCH 174 DEAD (det0 in ideal)
NLIVE 23
UNIT branch 1 k 1
UNIT branch 1 k 2
UNIT branch 1 k 3
UNIT branch 2 k 1
UNIT branch 2 k 2
UNIT branch 2 k 3
UNIT branch 5 k 1
UNIT branch 5 k 2
UNIT branch 5 k 3
UNIT branch 8 k 1
UNIT branch 8 k 2
UNIT branch 8 k 3
UNIT branch 9 k 1
UNIT branch 9 k 2
UNIT branch 9 k 3
UNIT branch 11 k 1
UNIT branch 11 k 2
UNIT branch 11 k 3
UNIT branch 12 k 1
UNIT branch 12 k 2
UNIT branch 12 k 3
UNIT branch 13 k 1
UNIT branch 13 k 2
UNIT branch 13 k 3
UNIT branch 14 k 1
UNIT branch 14 k 2
UNIT branch 14 k 3
UNIT branch 15 k 1
UNIT branch 15 k 2
UNIT branch 15 k 3
UNIT branch 18 k 1
UNIT branch 18 k 2
UNIT branch 18 k 3
UNIT branch 19 k 1
UNIT branch 19 k 2
UNIT branch 19 k 3
UNIT branch 23 k 1
UNIT branch 23 k 2
UNIT branch 23 k 3
UNIT branch 26 k 1
UNIT branch 26 k 2
UNIT branch 26 k 3
UNIT branch 44 k 1
UNIT branch 44 k 2
UNIT branch 44 k 3
UNIT branch 46 k 1
UNIT branch 46 k 2
UNIT branch 46 k 3
UNIT branch 47 k 1
UNIT branch 47 k 2
UNIT branch 47 k 3
UNIT branch 52 k 1
UNIT branch 52 k 2
UNIT branch 52 k 3
UNIT branch 62 k 1
UNIT branch 62 k 2
UNIT branch 62 k 3
UNIT branch 63 k 1
UNIT branch 63 k 2
UNIT branch 63 k 3
UNIT branch 75 k 1
UNIT branch 75 k 2
UNIT branch 75 k 3
UNIT branch 102 k 1
UNIT branch 102 k 2
UNIT branch 102 k 3
UNIT branch 129 k 1
UNIT branch 129 k 2
UNIT branch 129 k 3
VERDICT-FACSTD system 714: EMPTY
