NBRANCH 116
BRANCH 1 DEAD (det0 in ideal)
BRANCH 2 LIVE ngens 11
BRANCH 3 DEAD (det0 in ideal)
BRANCH 4 LIVE ngens 10
BRANCH 5 DEAD (det0 in ideal)
BRANCH 6 DEAD (det0 in ideal)
BRANCH 7 LIVE ngens 13
BRANCH 8 DEAD (det0 in ideal)
BRANCH 9 DEAD (det0 in ideal)
BRANCH 10 DEAD (det0 in ideal)
BRANCH 11 DEAD (det0 in ideal)
BRANCH 12 DEAD (det0 in ideal)
BRANCH 13 DEAD (det0 in ideal)
BRANCH 14 DEAD (det0 in ideal)
BRANCH 15 DEAD (det0 in ideal)
BRANCH 16 DEAD (det0 in ideal)
BRANCH 17 DEAD (det0 in ideal)
BRANCH 18 LIVE ngens 13
BRANCH 19 DEAD (det0 in ideal)
BRANCH 20 DEAD (det0 in ideal)
BRANCH 21 DEAD (det0 in ideal)
BRANCH 22 DEAD (det0 in ideal)
BRANCH 23 DEAD (det0 in ideal)
BRANCH 24 DEAD (det0 in ideal)
BRANCH 25 DEAD (det0 in ideal)
BRANCH 26 DEAD (det0 in ideal)
BRANCH 27 DEAD (det0 in ideal)
BRANCH 28 DEAD (det0 in ideal)
BRANCH 29 DEAD (det0 in ideal)
BRANCH 30 DEAD (det0 in ideal)
BRANCH 31 DEAD (det0 in ideal)
BRANCH 32 DEAD (det0 in ideal)
BRANCH 33 DEAD (det0 in ideal)
BRANCH 34 DEAD (det0 in ideal)
BRANCH 35 DEAD (det0 in ideal)
BRANCH 36 DEAD (det0 in ideal)
BRANCH 37 DEAD (det0 in ideal)
BRANCH 38 DEAD (det0 in ideal)
BRANCH 39 DEAD (det0 in ideal)
BRANCH 40 LIVE ngens 11
BRANCH 41 DEAD (det0 in ideal)
BRANCH 42 DEAD (det0 in ideal)
BRANCH 43 DEAD (det0 in ideal)
BRANCH 44 DEAD (det0 in ideal)
BRANCH 45 DEAD (det0 in ideal)
BRANCH 46 DEAD (det0 in ideal)
BRANCH 47 DEAD (det0 in ideal)
BRANCH 48 DEAD (det0 in ideal)
BRANCH 49 DEAD (det0 in ideal)
BRANCH 50 LIVE ngens 19
BRANCH 51 LIVE ngens 15
BRANCH 52 DEAD (det0 in ideal)
BRANCH 53 DEAD (det0 in ideal)
BRANCH 54 DEAD (det0 in ideal)
BRANCH 55 DEAD (det0 in ideal)
BRANCH 56 DEAD (det0 in ideal)
BRANCH 57 DEAD (det0 in ideal)
BRANCH 58 LIVE ngens 18
BRANCH 59 DEAD (det0 in ideal)
BRANCH 60 LIVE ngens 13
BRANCH 61 DEAD (det0 in ideal)
BRANCH 62 DEAD (det0 in ideal)
BRANCH 63 LIVE ngens 16
BRANCH 64 DEAD (det0 in ideal)
BRANCH 65 LIVE ngens 16
BRANCH 66 DEAD (det0 in ideal)
BRANCH 67 DEAD (det0 in ideal)
BRANCH 68 DEAD (det0 in ideal)
BRANCH 69 DEAD (det0 in ideal)
BRANCH 70 DEAD (det0 in ideal)
BRANCH 71 DEAD (det0 in ideal)
BRANCH 72 DEAD (det0 in ideal)
BRANCH 73 DEAD (det0 in ideal)
BRANCH 74 DEAD (det0 in ideal)
BRANCH 75 DEAD (det0 in ideal)
BRANCH 76 DEAD (det0 in ideal)
BRANCH 77 DEAD (det0 in ideal)
BRANCH 78 DEAD (det0 in ideal)
BRANCH 79 DEAD (det0 in ideal)
BRANCH 80 DEAD (det0 in ideal)
BRANCH 81 LIVE ngens 12
BRANCH 82 DEAD (det0 in ideal)
BRANCH 83 DEAD (det0 in ideal)
BRANCH 84 LIVE ngens 12
BRANCH 85 DEAD (det0 in ideal)
BRANCH 86 DEAD (det0 in ideal)
BRANCH 87 DEAD (det0 in ideal)
BRANCH 88 DEAD (det0 in ideal)
BRANCH 89 DEAD (det0 in ideal)
BRANCH 90 DEAD (det0 in ideal)
BRANCH 91 DEAD (det0 in ideal)
BRANCH 92 DEAD (det0 in ideal)
BRANCH 93 DEAD (det0 in ideal)
BRANCH 94 DEAD (det0 in ideal)
BRANCH 95 DEAD (det0 in ideal)
BRANCH 96 DEAD (det0 in ideal)
BRANCH 97 DEAD (det0 in ideal)
BRANCH 98 DEAD (det0 in ideal)
BRANCH 99 DEAD (det0 in ideal)
BRANCH 100 DEAD (det0 in ideal)
BRANCH 101 DEAD (det0 in ideal)
BRANCH 102 DEAD (det0 in ideal)
BRANCH 103 DEAD (det0 in ideal)
BRANCH 104 DEAD (det0 in ideal)
BRANCH 105 DEAD (det0 in ideal)
BRANCH 106 DEAD (det0 in ideal)
BRANCH 107 DEAD (det0 in ideal)
BRANCH 108 DEAD (det0 in ideal)
BRANCH 109 DEAD (det0 in ideal)
BRANCH 110 DEAD (det0 in ideal)
BRANCH 111 DEAD (det0 in ideal)
BRANCH 112 DEAD (det0 in ideal)
BRANCH 113 DEAD (det0 in ideal)
BRANCH 114 DEAD (det0 in ideal)
BRANCH 115 DEAD (det0 in ideal)
BRANCH 116 DEAD (det0 in ideal)
NLIVE 13
UNIT branch 2 k 1
UNIT branch 2 k 2
UNIT branch 2 k 3
UNIT branch 4 k 1
UNIT branch 4 k 2
UNIT branch 4 k 3
UNIT branch 7 k 1
UNIT branch 7 k 2
UNIT branch 7 k 3
UNIT branch 18 k 1
UNIT branch 18 k 2
UNIT branch 18 k 3
UNIT branch 40 k 1
UNIT branch 40 k 2
UNIT branch 40 k 3
UNIT branch 50 k 1
UNIT branch 50 k 2
UNIT branch 50 k 3
UNIT branch 51 k 1
UNIT branch 51 k 2
UNIT branch 51 k 3
UNIT branch 58 k 1
UNIT branch 58 k 2
UNIT branch 58 k 3
UNIT branch 60 k 1
UNIT branch 60 k 2
UNIT branch 60 k 3
UNIT branch 63 k 1
UNIT branch 63 k 2
UNIT branch 63 k 3
UNIT branch 65 k 1
UNIT branch 65 k 2
UNIT branch 65 k 3
UNIT branch 81 k 1
UNIT branch 81 k 2
UNIT branch 81 k 3
UNIT branch 84 k 1
UNIT branch 84 k 2
UNIT branch 84 k 3
VERDICT-FACSTD system 713: EMPTY
