NBRANCH 68
BRANCH 1 DEAD (det0 in ideal)
BRANCH 2 DEAD (det0 in ideal)
BRANCH 3 DEAD (det0 in ideal)
BRANCH 4 DEAD (det0 in ideal)
BRANCH 5 DEAD (det0 in ideal)
BRANCH 6 DEAD (det0 in ideal)
BRANCH 7 DEAD (det0 in ideal)
BRANCH 8 DEAD (det0 in ideal)
BRANCH 9 LIVE ngens 14
BRANCH 10 LIVE ngens 14
BRANCH 11 DEAD (det0 in ideal)
BRANCH 12 DEAD (det0 in ideal)
BRANCH 13 DEAD (det0 in ideal)
BRANCH 14 DEAD (det0 in ideal)
BRANCH 15 DEAD (det0 in ideal)
BRANCH 16 DEAD (det0 in ideal)
BRANCH 17 DEAD (det0 in ideal)
BRANCH 18 DEAD (det0 in ideal)
BRANCH 19 DEAD (det0 in ideal)
BRANCH 20 DEAD (det0 in ideal)
BRANCH 21 DEAD (det0 in ideal)
BRANCH 22 DEAD (det0 in ideal)
BRANCH 23 DEAD (det0 in ideal)
BRANCH 24 DEAD (det0 in ideal)
BRANCH 25 DEAD (det0 in ideal)
BRANCH 26 DEAD (det0 in ideal)
BRANCH 27 DEAD (det0 in ideal)
BRANCH 28 DEAD (det0 in ideal)
BRANCH 29 DEAD (det0 in ideal)
BRANCH 30 DEAD (det0 in ideal)
BRANCH 31 DEAD (det0 in ideal)
BRANCH 32 DEAD (det0 in ideal)
BRANCH 33 DEAD (det0 in ideal)
BRANCH 34 DEAD (det0 in ideal)
BRANCH 35 DEAD (det0 in ideal)
BRANCH 36 DEAD (det0 in ideal)
BRANCH 37 DEAD (det0 in ideal)
BRANCH 38 DEAD (det0 in ideal)
BRANCH 39 DEAD (det0 in ideal)
BRANCH 40 DEAD (det0 in ideal)
BRANCH 41 DEAD (det0 in ideal)
BRANCH 42 DEAD (det0 in ideal)
BRANCH 43 DEAD (det0 in ideal)
BRANCH 44 DEAD (det0 in ideal)
BRANCH 45 DEAD (det0 in ideal)
BRANCH 46 DEAD (det0 in ideal)
BRANCH 47 DEAD (det0 in ideal)
BRANCH 48 DEAD (det0 in ideal)
BRANCH 49 DEAD (det0 in ideal)
BRANCH 50 LIVE ngens 12
BRANCH 51 DEAD (det0 in ideal)
BRANCH 52 DEAD (det0 in ideal)
BRANCH 53 DEAD (det0 in ideal)
BRANCH 54 DEAD (det0 in ideal)
BRANCH 55 DEAD (det0 in ideal)
BRANCH 56 DEAD (det0 in ideal)
BRANCH 57 DEAD (det0 in ideal)
BRANCH 58 DEAD (det0 in ideal)
BRANCH 59 DEAD (det0 in ideal)
BRANCH 60 DEAD (det0 in ideal)
BRANCH 61 DEAD (det0 in ideal)
BRANCH 62 DEAD (det0 in ideal)
BRANCH 63 DEAD (det0 in ideal)
BRANCH 64 DEAD (det0 in ideal)
BRANCH 65 DEAD (det0 in ideal)
BRANCH 66 DEAD (det0 in ideal)
BRANCH 67 DEAD (det0 in ideal)
BRANCH 68 DEAD (det0 in ideal)
NLIVE 3
UNIT branch 9 k 1
UNIT branch 9 k 2
UNIT branch 9 k 3
UNIT branch 10 k 1
UNIT branch 10 k 2
UNIT branch 10 k 3
UNIT branch 50 k 1
UNIT branch 50 k 2
UNIT branch 50 k 3
VERDICT-FACSTD system 718: EMPTY
