NBRANCH 279
BRANCH 1 DEAD (det0 in ideal)
BRANCH 2 LIVE ngens 13
BRANCH 3 DEAD (det0 in ideal)
BRANCH 4 DEAD (det0 in ideal)
BRANCH 5 LIVE ngens 18
BRANCH 6 DEAD (det0 in ideal)
BRANCH 7 DEAD (det0 in ideal)
BRANCH 8 DEAD (det0 in ideal)
BRANCH 9 LIVE ngens 19
BRANCH 10 DEAD (det0 in ideal)
BRANCH 11 LIVE ngens 13
BRANCH 12 LIVE ngens 12
BRANCH 13 DEAD (det0 in ideal)
BRANCH 14 DEAD (det0 in ideal)
BRANCH 15 LIVE ngens 16
BRANCH 16 DEAD (det0 in ideal)
BRANCH 17 DEAD (det0 in ideal)
BRANCH 18 DEAD (det0 in ideal)
BRANCH 19 LIVE ngens 19
BRANCH 20 DEAD (det0 in ideal)
BRANCH 21 DEAD (det0 in ideal)
BRANCH 22 LIVE ngens 13
BRANCH 23 LIVE ngens 13
BRANCH 24 DEAD (det0 in ideal)
BRANCH 25 DEAD (det0 in ideal)
BRANCH 26 DEAD (det0 in ideal)
BRANCH 27 DEAD (det0 in ideal)
BRANCH 28 LIVE ngens 12
BRANCH 29 DEAD (det0 in ideal)
BRANCH 30 LIVE ngens 13
BRANCH 31 DEAD (det0 in ideal)
BRANCH 32 DEAD (det0 in ideal)
BRANCH 33 DEAD (det0 in ideal)
BRANCH 34 DEAD (det0 in ideal)
BRANCH 35 DEAD (det0 in ideal)
BRANCH 36 DEAD (det0 in ideal)
BRANCH 37 LIVE ngens 16
BRANCH 38 DEAD (det0 in ideal)
BRANCH 39 DEAD (det0 in ideal)
BRANCH 40 DEAD (det0 in ideal)
BRANCH 41 DEAD (det0 in ideal)
BRANCH 42 DEAD (det0 in ideal)
BRANCH 43 DEAD (det0 in ideal)
BRANCH 44 DEAD (det0 in ideal)
BRANCH 45 DEAD (det0 in ideal)
BRANCH 46 DEAD (det0 in ideal)
BRANCH 47 DEAD (det0 in ideal)
BRANCH 48 DEAD (det0 in ideal)
BRANCH 49 DEAD (det0 in ideal)
BRANCH 50 DEAD (det0 in ideal)
BRANCH 51 DEAD (det0 in ideal)
BRANCH 52 DEAD (det0 in ideal)
BRANCH 53 DEAD (det0 in ideal)
BRANCH 54 DEAD (det0 in ideal)
BRANCH 55 DEAD (det0 in ideal)
BRANCH 56 DEAD (det0 in ideal)
BRANCH 57 DEAD (det0 in ideal)
BRANCH 58 DEAD (det0 in ideal)
BRANCH 59 DEAD (det0 in ideal)
BRANCH 60 DEAD (det0 in ideal)
BRANCH 61 DEAD (det0 in ideal)
BRANCH 62 DEAD (det0 in ideal)
BRANCH 63 DEAD (det0 in ideal)
BRANCH 64 DEAD (det0 in ideal)
BRANCH 65 DEAD (det0 in ideal)
BRANCH 66 DEAD (det0 in ideal)
BRANCH 67 DEAD (det0 in ideal)
BRANCH 68 DEAD (det0 in ideal)
BRANCH 69 DEAD (det0 in ideal)
BRANCH 70 DEAD (det0 in ideal)
BRANCH 71 DEAD (det0 in ideal)
BRANCH 72 DEAD (det0 in ideal)
BRANCH 73 DEAD (det0 in ideal)
BRANCH 74 DEAD (det0 in ideal)
BRANCH 75 DEAD (det0 in ideal)
BRANCH 76 DEAD (det0 in ideal)
BRANCH 77 DEAD (det0 in ideal)
BRANCH 78 DEAD (det0 in ideal)
BRANCH 79 DEAD (det0 in ideal)
BRANCH 80 DEAD (det0 in ideal)
BRANCH 81 DEAD (det0 in ideal)
BRANCH 82 DEAD (det0 in ideal)
BRANCH 83 DEAD (det0 in ideal)
BRANCH 84 DEAD (det0 in ideal)
BRANCH 85 DEAD (det0 in ideal)
BRANCH 86 DEAD (det0 in ideal)
BRANCH 87 DEAD (det0 in ideal)
BRANCH 88 DEAD (det0 in ideal)
BRANCH 89 DEAD (det0 in ideal)
BRANCH 90 DEAD (det0 in ideal)
BRANCH 91 DEAD (det0 in ideal)
BRANCH 92 DEAD (det0 in ideal)
BRANCH 93 DEAD (det0 in ideal)
BRANCH 94 DEAD (det0 in ideal)
BRANCH 95 DEAD (det0 in ideal)
BRANCH 96 DEAD (det0 in ideal)
BRANCH 97 DEAD (det0 in ideal)
BRANCH 98 DEAD (det0 in ideal)
BRANCH 99 DEAD (det0 in ideal)
BRANCH 100 DEAD (det0 in ideal)
BRANCH 101 DEAD (det0 in ideal)
BRANCH 102 DEAD (det0 in ideal)
BRANCH 103 DEAD (det0 in ideal)
BRANCH 104 DEAD (det0 in ideal)
BRANCH 105 DEAD (det0 in ideal)
BRANCH 106 DEAD (det0 in ideal)
BRANCH 107 DEAD (det0 in ideal)
BRANCH 108 DEAD (det0 in ideal)
BRANCH 109 DEAD (det0 in ideal)
BRANCH 110 DEAD (det0 in ideal)
BRANCH 111 DEAD (det0 in ideal)
BRANCH 112 DEAD (det0 in ideal)
BRANCH 113 DEAD (det0 in ideal)
BRANCH 114 DEAD (det0 in ideal)
BRANCH 115 LIVE ngens 12
BRANCH 116 DEAD (det0 in ideal)
BRANCH 117 DEAD (det0 in ideal)
BRANCH 118 DEAD (det0 in ideal)
BRANCH 119 DEAD (det0 in ideal)
BRANCH 120 DEAD (det0 in ideal)
BRANCH 121 DEAD (det0 in ideal)
BRANCH 122 DEAD (det0 in ideal)
BRANCH 123 DEAD (det0 in ideal)
BRANCH 124 DEAD (det0 in ideal)
BRANCH 125 DEAD (det0 in ideal)
BRANCH 126 DEAD (det0 in ideal)
BRANCH 127 DEAD (det0 in ideal)
BRANCH 128 DEAD (det0 in ideal)
BRANCH 129 DEAD (det0 in ideal)
BRANCH 130 DEAD (det0 in ideal)
BRANCH 131 DEAD (det0 in ideal)
BRANCH 132 DEAD (det0 in ideal)
BRANCH 133 DEAD (det0 in ideal)
BRANCH 134 DEAD (det0 in ideal)
BRANCH 135 DEAD (det0 in ideal)
BRANCH 136 LIVE ngens 14
BRANCH 137 DEAD (det0 in ideal)
BRANCH 138 DEAD (det0 in ideal)
BRANCH 139 DEAD (det0 in ideal)
BRANCH 140 DEAD (det0 in ideal)
BRANCH 141 DEAD (det0 in ideal)
BRANCH 142 DEAD (det0 in ideal)
BRANCH 143 DEAD (det0 in ideal)
BRANCH 144 DEAD (det0 in ideal)
BRANCH 145 DEAD (det0 in ideal)
BRANCH 146 DEAD (det0 in ideal)
BRANCH 147 LIVE ngens 11
BRANCH 148 LIVE ngens 11
BRANCH 149 DEAD (det0 in ideal)
BRANCH 150 DEAD (det0 in ideal)
BRANCH 151 LIVE ngens 13
BRANCH 152 DEAD (det0 in ideal)
BRANCH 153 DEAD (det0 in ideal)
BRANCH 154 LIVE ngens 14
BRANCH 155 DEAD (det0 in ideal)
BRANCH 156 DEAD (det0 in ideal)
BRANCH 157 DEAD (det0 in ideal)
BRANCH 158 DEAD (det0 in ideal)
BRANCH 159 LIVE ngens 11
BRANCH 160 DEAD (det0 in ideal)
BRANCH 161 DEAD (det0 in ideal)
BRANCH 162 DEAD (det0 in ideal)
BRANCH 163 LIVE ngens 20
BRANCH 164 LIVE ngens 17
BRANCH 165 DEAD (det0 in ideal)
BRANCH 166 DEAD (det0 in ideal)
BRANCH 167 DEAD (det0 in ideal)
BRANCH 168 DEAD (det0 in ideal)
BRANCH 169 LIVE ngens 20
BRANCH 170 LIVE ngens 16
BRANCH 171 DEAD (det0 in ideal)
BRANCH 172 LIVE ngens 14
BRANCH 173 DEAD (det0 in ideal)
BRANCH 174 LIVE ngens 17
BRANCH 175 LIVE ngens 17
BRANCH 176 DEAD (det0 in ideal)
BRANCH 177 LIVE ngens 15
BRANCH 178 DEAD (det0 in ideal)
BRANCH 179 LIVE ngens 22
BRANCH 180 LIVE ngens 18
BRANCH 181 DEAD (det0 in ideal)
BRANCH 182 DEAD (det0 in ideal)
BRANCH 183 DEAD (det0 in ideal)
BRANCH 184 LIVE ngens 13
BRANCH 185 DEAD (det0 in ideal)
BRANCH 186 DEAD (det0 in ideal)
BRANCH 187 DEAD (det0 in ideal)
BRANCH 188 LIVE ngens 15
BRANCH 189 DEAD (det0 in ideal)
BRANCH 190 DEAD (det0 in ideal)
BRANCH 191 DEAD (det0 in ideal)
BRANCH 192 LIVE ngens 15
BRANCH 193 DEAD (det0 in ideal)
BRANCH 194 DEAD (det0 in ideal)
BRANCH 195 DEAD (det0 in ideal)
BRANCH 196 DEAD (det0 in ideal)
BRANCH 197 DEAD (det0 in ideal)
BRANCH 198 LIVE ngens 17
BRANCH 199 DEAD (det0 in ideal)
BRANCH 200 DEAD (det0 in ideal)
BRANCH 201 LIVE ngens 25
BRANCH 202 DEAD (det0 in ideal)
BRANCH 203 DEAD (det0 in ideal)
BRANCH 204 DEAD (det0 in ideal)
BRANCH 205 DEAD (det0 in ideal)
BRANCH 206 DEAD (det0 in ideal)
BRANCH 207 DEAD (det0 in ideal)
BRANCH 208 DEAD (det0 in ideal)
BRANCH 209 DEAD (det0 in ideal)
BRANCH 210 DEAD (det0 in ideal)
BRANCH 211 LIVE ngens 13
BRANCH 212 DEAD (det0 in ideal)
BRANCH 213 DEAD (det0 in ideal)
BRANCH 214 DEAD (det0 in ideal)
BRANCH 215 DEAD (det0 in ideal)
BRANCH 216 DEAD (det0 in ideal)
BRANCH 217 DEAD (det0 in ideal)
BRANCH 218 DEAD (det0 in ideal)
BRANCH 219 DEAD (det0 in ideal)
BRANCH 220 DEAD (det0 in ideal)
BRANCH 221 LIVE ngens 15
BRANCH 222 LIVE ngens 12
BRANCH 223 LIVE ngens 14
BRANCH 224 LIVE ngens 12
BRANCH 225 DEAD (det0 in ideal)
BRANCH 226 DEAD (det0 in ideal)
BRANCH 227 DEAD (det0 in ideal)
BRANCH 228 LIVE ngens 11
BRANCH 229 DEAD (det0 in ideal)
BRANCH 230 DEAD (det0 in ideal)
BRANCH 231 DEAD (det0 in ideal)
BRANCH 232 LIVE ngens 19
BRANCH 233 LIVE ngens 13
BRANCH 234 DEAD (det0 in ideal)
BRANCH 235 DEAD (det0 in ideal)
BRANCH 236 DEAD (det0 in ideal)
BRANCH 237 DEAD (det0 in ideal)
BRANCH 238 DEAD (det0 in ideal)
BRANCH 239 DEAD (det0 in ideal)
BRANCH 240 DEAD (det0 in ideal)
BRANCH 241 DEAD (det0 in ideal)
BRANCH 242 DEAD (det0 in ideal)
BRANCH 243 DEAD (det0 in ideal)
BRANCH 244 DEAD (det0 in ideal)
BRANCH 245 DEAD (det0 in ideal)
BRANCH 246 DEAD (det0 in ideal)
BRANCH 247 DEAD (det0 in ideal)
BRANCH 248 DEAD (det0 in ideal)
BRANCH 249 LIVE ngens 12
BRANCH 250 DEAD (det0 in ideal)
BRANCH 251 DEAD (det0 in ideal)
BRANCH 252 DEAD (det0 in ideal)
BRANCH 253 LIVE ngens 11
BRANCH 254 DEAD (det0 in ideal)
BRANCH 255 DEAD (det0 in ideal)
BRANCH 256 DEAD (det0 in ideal)
BRANCH 257 DEAD (det0 in ideal)
BRANCH 258 DEAD (det0 in ideal)
BRANCH 259 DEAD (det0 in ideal)
BRANCH 260 DEAD (det0 in ideal)
BRANCH 261 LIVE ngens 17
BRANCH 262 DEAD (det0 in ideal)
BRANCH 263 DEAD (det0 in ideal)
BRANCH 264 DEAD (det0 in ideal)
BRANCH 265 LIVE ngens 23
BRANCH 266 DEAD (det0 in ideal)
BRANCH 267 DEAD (det0 in ideal)
BRANCH 268 LIVE ngens 14
BRANCH 269 DEAD (det0 in ideal)
BRANCH 270 DEAD (det0 in ideal)
BRANCH 271 DEAD (det0 in ideal)
BRANCH 272 DEAD (det0 in ideal)
BRANCH 273 DEAD (det0 in ideal)
BRANCH 274 DEAD (det0 in ideal)
BRANCH 275 DEAD (det0 in ideal)
BRANCH 276 DEAD (det0 in ideal)
BRANCH 277 DEAD (det0 in ideal)
BRANCH 278 DEAD (det0 in ideal)
BRANCH 279 DEAD (det0 in ideal)
NLIVE 47
UNIT branch 2 k 1
UNIT branch 2 k 2
UNIT branch 2 k 3
UNIT branch 5 k 1
UNIT branch 5 k 2
UNIT branch 5 k 3
UNIT branch 9 k 1
UNIT branch 9 k 2
UNIT branch 9 k 3
UNIT branch 11 k 1
UNIT branch 11 k 2
UNIT branch 11 k 3
UNIT branch 12 k 1
UNIT branch 12 k 2
UNIT branch 12 k 3
UNIT branch 15 k 1
UNIT branch 15 k 2
UNIT branch 15 k 3
UNIT branch 19 k 1
UNIT branch 19 k 2
UNIT branch 19 k 3
UNIT branch 22 k 1
UNIT branch 22 k 2
UNIT branch 22 k 3
UNIT branch 23 k 1
UNIT branch 23 k 2
UNIT branch 23 k 3
UNIT branch 28 k 1
UNIT branch 28 k 2
UNIT branch 28 k 3
UNIT branch 30 k 1
UNIT branch 30 k 2
UNIT branch 30 k 3
UNIT branch 37 k 1
UNIT branch 37 k 2
UNIT branch 37 k 3
UNIT branch 115 k 1
UNIT branch 115 k 2
UNIT branch 115 k 3
UNIT branch 136 k 1
UNIT branch 136 k 2
UNIT branch 136 k 3
UNIT branch 147 k 1
UNIT branch 147 k 2
UNIT branch 147 k 3
UNIT branch 148 k 1
UNIT branch 148 k 2
UNIT branch 148 k 3
UNIT branch 151 k 1
UNIT branch 151 k 2
UNIT branch 151 k 3
UNIT branch 154 k 1
UNIT branch 154 k 2
UNIT branch 154 k 3
UNIT branch 159 k 1
UNIT branch 159 k 2
UNIT branch 159 k 3
UNIT branch 163 k 1
UNIT branch 163 k 2
UNIT branch 163 k 3
UNIT branch 164 k 1
UNIT branch 164 k 2
UNIT branch 164 k 3
UNIT branch 169 k 1
UNIT branch 169 k 2
UNIT branch 169 k 3
UNIT branch 170 k 1
UNIT branch 170 k 2
UNIT branch 170 k 3
UNIT branch 172 k 1
UNIT branch 172 k 2
UNIT branch 172 k 3
UNIT branch 174 k 1
UNIT branch 174 k 2
UNIT branch 174 k 3
UNIT branch 175 k 1
UNIT branch 175 k 2
UNIT branch 175 k 3
UNIT branch 177 k 1
UNIT branch 177 k 2
UNIT branch 177 k 3
UNIT branch 179 k 1
UNIT branch 179 k 2
UNIT branch 179 k 3
UNIT branch 180 k 1
UNIT branch 180 k 2
UNIT branch 180 k 3
UNIT branch 184 k 1
UNIT branch 184 k 2
UNIT branch 184 k 3
UNIT branch 188 k 1
UNIT branch 188 k 2
UNIT branch 188 k 3
UNIT branch 192 k 1
UNIT branch 192 k 2
UNIT branch 192 k 3
UNIT branch 198 k 1
UNIT branch 198 k 2
UNIT branch 198 k 3
UNIT branch 201 k 1
UNIT branch 201 k 2
UNIT branch 201 k 3
UNIT branch 211 k 1
UNIT branch 211 k 2
UNIT branch 211 k 3
UNIT branch 221 k 1
UNIT branch 221 k 2
UNIT branch 221 k 3
UNIT branch 222 k 1
UNIT branch 222 k 2
UNIT branch 222 k 3
UNIT branch 223 k 1
UNIT branch 223 k 2
UNIT branch 223 k 3
UNIT branch 224 k 1
UNIT branch 224 k 2
UNIT branch 224 k 3
UNIT branch 228 k 1
UNIT branch 228 k 2
UNIT branch 228 k 3
UNIT branch 232 k 1
UNIT branch 232 k 2
UNIT branch 232 k 3
UNIT branch 233 k 1
UNIT branch 233 k 2
UNIT branch 233 k 3
UNIT branch 249 k 1
UNIT branch 249 k 2
UNIT branch 249 k 3
UNIT branch 253 k 1
UNIT branch 253 k 2
UNIT branch 253 k 3
UNIT branch 261 k 1
UNIT branch 261 k 2
UNIT branch 261 k 3
UNIT branch 265 k 1
UNIT branch 265 k 2
UNIT branch 265 k 3
UNIT branch 268 k 1
UNIT branch 268 k 2
UNIT branch 268 k 3
VERDICT-FACSTD system 710: EMPTY
