NBRANCH 111
BRANCH 1 DEAD (det0 in ideal)
BRANCH 2 DEAD (det0 in ideal)
BRANCH 3 DEAD (det0 in ideal)
BRANCH 4 DEAD (det0 in ideal)
BRANCH 5 LIVE ngens 14
BRANCH 6 DEAD (det0 in ideal)
BRANCH 7 LIVE ngens 13
BRANCH 8 LIVE ngens 13
BRANCH 9 DEAD (det0 in ideal)
BRANCH 10 LIVE ngens 14
BRANCH 11 DEAD (det0 in ideal)
BRANCH 12 DEAD (det0 in ideal)
BRANCH 13 DEAD (det0 in ideal)
BRANCH 14 DEAD (det0 in ideal)
BRANCH 15 DEAD (det0 in ideal)
BRANCH 16 LIVE ngens 11
BRANCH 17 LIVE ngens 12
BRANCH 18 DEAD (det0 in ideal)
BRANCH 19 DEAD (det0 in ideal)
BRANCH 20 DEAD (det0 in ideal)
BRANCH 21 DEAD (det0 in ideal)
BRANCH 22 DEAD (det0 in ideal)
BRANCH 23 DEAD (det0 in ideal)
BRANCH 24 DEAD (det0 in ideal)
BRANCH 25 DEAD (det0 in ideal)
BRANCH 26 DEAD (det0 in ideal)
BRANCH 27 DEAD (det0 in ideal)
BRANCH 28 LIVE ngens 11
BRANCH 29 LIVE ngens 11
BRANCH 30 DEAD (det0 in ideal)
BRANCH 31 LIVE ngens 13
BRANCH 32 DEAD (det0 in ideal)
BRANCH 33 DEAD (det0 in ideal)
BRANCH 34 DEAD (det0 in ideal)
BRANCH 35 DEAD (det0 in ideal)
BRANCH 36 DEAD (det0 in ideal)
BRANCH 37 DEAD (det0 in ideal)
BRANCH 38 DEAD (det0 in ideal)
BRANCH 39 LIVE ngens 15
BRANCH 40 DEAD (det0 in ideal)
BRANCH 41 DEAD (det0 in ideal)
BRANCH 42 DEAD (det0 in ideal)
BRANCH 43 LIVE ngens 15
BRANCH 44 LIVE ngens 16
BRANCH 45 LIVE ngens 13
BRANCH 46 DEAD (det0 in ideal)
BRANCH 47 DEAD (det0 in ideal)
BRANCH 48 DEAD (det0 in ideal)
BRANCH 49 DEAD (det0 in ideal)
BRANCH 50 DEAD (det0 in ideal)
BRANCH 51 DEAD (det0 in ideal)
BRANCH 52 DEAD (det0 in ideal)
BRANCH 53 DEAD (det0 in ideal)
BRANCH 54 DEAD (det0 in ideal)
BRANCH 55 DEAD (det0 in ideal)
BRANCH 56 DEAD (det0 in ideal)
BRANCH 57 DEAD (det0 in ideal)
BRANCH 58 DEAD (det0 in ideal)
BRANCH 59 DEAD (det0 in ideal)
BRANCH 60 DEAD (det0 in ideal)
BRANCH 61 DEAD (det0 in ideal)
BRANCH 62 DEAD (det0 in ideal)
BRANCH 63 DEAD (det0 in ideal)
BRANCH 64 DEAD (det0 in ideal)
BRANCH 65 DEAD (det0 in ideal)
BRANCH 66 DEAD (det0 in ideal)
BRANCH 67 DEAD (det0 in ideal)
BRANCH 68 DEAD (det0 in ideal)
BRANCH 69 DEAD (det0 in ideal)
BRANCH 70 DEAD (det0 in ideal)
BRANCH 71 DEAD (det0 in ideal)
BRANCH 72 DEAD (det0 in ideal)
BRANCH 73 DEAD (det0 in ideal)
BRANCH 74 DEAD (det0 in ideal)
BRANCH 75 DEAD (det0 in ideal)
BRANCH 76 DEAD (det0 in ideal)
BRANCH 77 DEAD (det0 in ideal)
BRANCH 78 LIVE ngens 11
BRANCH 79 LIVE ngens 13
BRANCH 80 DEAD (det0 in ideal)
BRANCH 81 DEAD (det0 in ideal)
BRANCH 82 DEAD (det0 in ideal)
BRANCH 83 DEAD (det0 in ideal)
BRANCH 84 DEAD (det0 in ideal)
BRANCH 85 DEAD (det0 in ideal)
BRANCH 86 DEAD (det0 in ideal)
BRANCH 87 LIVE ngens 12
BRANCH 88 DEAD (det0 in ideal)
BRANCH 89 DEAD (det0 in ideal)
BRANCH 90 DEAD (det0 in ideal)
BRANCH 91 LIVE ngens 12
BRANCH 92 DEAD (det0 in ideal)
BRANCH 93 DEAD (det0 in ideal)
BRANCH 94 DEAD (det0 in ideal)
BRANCH 95 LIVE ngens 11
BRANCH 96 DEAD (det0 in ideal)
BRANCH 97 LIVE ngens 12
BRANCH 98 DEAD (det0 in ideal)
BRANCH 99 DEAD (det0 in ideal)
BRANCH 100 DEAD (det0 in ideal)
BRANCH 101 DEAD (det0 in ideal)
BRANCH 102 DEAD (det0 in ideal)
BRANCH 103 DEAD (det0 in ideal)
BRANCH 104 DEAD (det0 in ideal)
BRANCH 105 DEAD (det0 in ideal)
BRANCH 106 DEAD (det0 in ideal)
BRANCH 107 DEAD (det0 in ideal)
BRANCH 108 DEAD (det0 in ideal)
BRANCH 109 DEAD (det0 in ideal)
BRANCH 110 DEAD (det0 in ideal)
BRANCH 111 DEAD (det0 in ideal)
NLIVE 19
UNIT branch 5 k 1
UNIT branch 5 k 2
UNIT branch 5 k 3
UNIT branch 7 k 1
UNIT branch 7 k 2
UNIT branch 7 k 3
UNIT branch 8 k 1
UNIT branch 8 k 2
UNIT branch 8 k 3
UNIT branch 10 k 1
UNIT branch 10 k 2
UNIT branch 10 k 3
UNIT branch 16 k 1
UNIT branch 16 k 2
UNIT branch 16 k 3
UNIT branch 17 k 1
UNIT branch 17 k 2
UNIT branch 17 k 3
UNIT branch 28 k 1
UNIT branch 28 k 2
UNIT branch 28 k 3
UNIT branch 29 k 1
UNIT branch 29 k 2
UNIT branch 29 k 3
UNIT branch 31 k 1
UNIT branch 31 k 2
UNIT branch 31 k 3
UNIT branch 39 k 1
UNIT branch 39 k 2
UNIT branch 39 k 3
UNIT branch 43 k 1
UNIT branch 43 k 2
UNIT branch 43 k 3
UNIT branch 44 k 1
UNIT branch 44 k 2
UNIT branch 44 k 3
UNIT branch 45 k 1
UNIT branch 45 k 2
UNIT branch 45 k 3
UNIT branch 78 k 1
UNIT branch 78 k 2
UNIT branch 78 k 3
UNIT branch 79 k 1
UNIT branch 79 k 2
UNIT branch 79 k 3
UNIT branch 87 k 1
UNIT branch 87 k 2
UNIT branch 87 k 3
UNIT branch 91 k 1
UNIT branch 91 k 2
UNIT branch 91 k 3
UNIT branch 95 k 1
UNIT branch 95 k 2
UNIT branch 95 k 3
UNIT branch 97 k 1
UNIT branch 97 k 2
UNIT branch 97 k 3
VERDICT-FACSTD system 711: EMPTY
