NBRANCH 132
BRANCH 1 LIVE ngens 14
BRANCH 2 LIVE ngens 11
BRANCH 3 DEAD (det0 in ideal)
BRANCH 4 DEAD (det0 in ideal)
BRANCH 5 LIVE ngens 13
BRANCH 6 LIVE ngens 13
BRANCH 7 LIVE ngens 17
BRANCH 8 DEAD (det0 in ideal)
BRANCH 9 LIVE ngens 44
BRANCH 10 LIVE ngens 42
BRANCH 11 LIVE ngens 21
BRANCH 12 DEAD (det0 in ideal)
BRANCH 13 DEAD (det0 in ideal)
BRANCH 14 DEAD (det0 in ideal)
BRANCH 15 LIVE ngens 14
BRANCH 16 DEAD (det0 in ideal)
BRANCH 17 DEAD (det0 in ideal)
BRANCH 18 DEAD (det0 in ideal)
BRANCH 19 DEAD (det0 in ideal)
BRANCH 20 LIVE ngens 21
BRANCH 21 DEAD (det0 in ideal)
BRANCH 22 DEAD (det0 in ideal)
BRANCH 23 DEAD (det0 in ideal)
BRANCH 24 DEAD (det0 in ideal)
BRANCH 25 DEAD (det0 in ideal)
BRANCH 26 DEAD (det0 in ideal)
BRANCH 27 DEAD (det0 in ideal)
BRANCH 28 DEAD (det0 in ideal)
BRANCH 29 DEAD (det0 in ideal)
BRANCH 30 DEAD (det0 in ideal)
BRANCH 31 DEAD (det0 in ideal)
BRANCH 32 DEAD (det0 in ideal)
BRANCH 33 DEAD (det0 in ideal)
BRANCH 34 DEAD (det0 in ideal)
BRANCH 35 DEAD (det0 in ideal)
BRANCH 36 DEAD (det0 in ideal)
BRANCH 37 LIVE ngens 14
BRANCH 38 DEAD (det0 in ideal)
BRANCH 39 LIVE ngens 13
BRANCH 40 LIVE ngens 15
BRANCH 41 LIVE ngens 15
BRANCH 42 DEAD (det0 in ideal)
BRANCH 43 LIVE ngens 16
BRANCH 44 LIVE ngens 13
BRANCH 45 DEAD (det0 in ideal)
BRANCH 46 DEAD (det0 in ideal)
BRANCH 47 DEAD (det0 in ideal)
BRANCH 48 DEAD (det0 in ideal)
BRANCH 49 DEAD (det0 in ideal)
BRANCH 50 DEAD (det0 in ideal)
BRANCH 51 DEAD (det0 in ideal)
BRANCH 52 DEAD (det0 in ideal)
BRANCH 53 DEAD (det0 in ideal)
BRANCH 54 DEAD (det0 in ideal)
BRANCH 55 DEAD (det0 in ideal)
BRANCH 56 DEAD (det0 in ideal)
BRANCH 57 DEAD (det0 in ideal)
BRANCH 58 DEAD (det0 in ideal)
BRANCH 59 LIVE ngens 25
BRANCH 60 LIVE ngens 22
BRANCH 61 DEAD (det0 in ideal)
BRANCH 62 DEAD (det0 in ideal)
BRANCH 63 DEAD (det0 in ideal)
BRANCH 64 LIVE ngens 18
BRANCH 65 DEAD (det0 in ideal)
BRANCH 66 DEAD (det0 in ideal)
BRANCH 67 LIVE ngens 38
BRANCH 68 DEAD (det0 in ideal)
BRANCH 69 DEAD (det0 in ideal)
BRANCH 70 DEAD (det0 in ideal)
BRANCH 71 DEAD (det0 in ideal)
BRANCH 72 DEAD (det0 in ideal)
BRANCH 73 DEAD (det0 in ideal)
BRANCH 74 DEAD (det0 in ideal)
BRANCH 75 DEAD (det0 in ideal)
BRANCH 76 DEAD (det0 in ideal)
BRANCH 77 DEAD (det0 in ideal)
BRANCH 78 DEAD (det0 in ideal)
BRANCH 79 DEAD (det0 in ideal)
BRANCH 80 DEAD (det0 in ideal)
BRANCH 81 DEAD (det0 in ideal)
BRANCH 82 DEAD (det0 in ideal)
BRANCH 83 DEAD (det0 in ideal)
BRANCH 84 DEAD (det0 in ideal)
BRANCH 85 DEAD (det0 in ideal)
BRANCH 86 DEAD (det0 in ideal)
BRANCH 87 DEAD (det0 in ideal)
BRANCH 88 DEAD (det0 in ideal)
BRANCH 89 DEAD (det0 in ideal)
BRANCH 90 DEAD (det0 in ideal)
BRANCH 91 DEAD (det0 in ideal)
BRANCH 92 DEAD (det0 in ideal)
BRANCH 93 DEAD (det0 in ideal)
BRANCH 94 DEAD (det0 in ideal)
BRANCH 95 DEAD (det0 in ideal)
BRANCH 96 DEAD (det0 in ideal)
BRANCH 97 DEAD (det0 in ideal)
BRANCH 98 DEAD (det0 in ideal)
BRANCH 99 DEAD (det0 in ideal)
BRANCH 100 DEAD (det0 in ideal)
BRANCH 101 DEAD (det0 in ideal)
BRANCH 102 DEAD (det0 in ideal)
BRANCH 103 DEAD (det0 in ideal)
BRANCH 104 DEAD (det0 in ideal)
BRANCH 105 LIVE ngens 14
BRANCH 106 DEAD (det0 in ideal)
BRANCH 107 DEAD (det0 in ideal)
BRANCH 108 DEAD (det0 in ideal)
BRANCH 109 DEAD (det0 in ideal)
BRANCH 110 DEAD (det0 in ideal)
BRANCH 111 DEAD (det0 in ideal)
BRANCH 112 DEAD (det0 in ideal)
BRANCH 113 DEAD (det0 in ideal)
BRANCH 114 DEAD (det0 in ideal)
BRANCH 115 DEAD (det0 in ideal)
BRANCH 116 DEAD (det0 in ideal)
BRANCH 117 DEAD (det0 in ideal)
BRANCH 118 DEAD (det0 in ideal)
BRANCH 119 DEAD (det0 in ideal)
BRANCH 120 DEAD (det0 in ideal)
BRANCH 121 DEAD (det0 in ideal)
BRANCH 122 DEAD (det0 in ideal)
BRANCH 123 DEAD (det0 in ideal)
BRANCH 124 DEAD (det0 in ideal)
BRANCH 125 LIVE ngens 12
BRANCH 126 DEAD (det0 in ideal)
BRANCH 127 DEAD (det0 in ideal)
BRANCH 128 DEAD (det0 in ideal)
BRANCH 129 DEAD (det0 in ideal)
BRANCH 130 DEAD (det0 in ideal)
BRANCH 131 DEAD (det0 in ideal)
BRANCH 132 DEAD (det0 in ideal)
NLIVE 22
UNIT branch 1 k 1
UNIT branch 1 k 2
UNIT branch 1 k 3
UNIT branch 2 k 1
UNIT branch 2 k 2
UNIT branch 2 k 3
UNIT branch 5 k 1
UNIT branch 5 k 2
UNIT branch 5 k 3
UNIT branch 6 k 1
UNIT branch 6 k 2
UNIT branch 6 k 3
UNIT branch 7 k 1
UNIT branch 7 k 2
UNIT branch 7 k 3
UNIT branch 9 k 1
UNIT branch 9 k 2
UNIT branch 9 k 3
UNIT branch 10 k 1
UNIT branch 10 k 2
UNIT branch 10 k 3
UNIT branch 11 k 1
UNIT branch 11 k 2
UNIT branch 11 k 3
UNIT branch 15 k 1
UNIT branch 15 k 2
UNIT branch 15 k 3
UNIT branch 20 k 1
UNIT branch 20 k 2
UNIT branch 20 k 3
UNIT branch 37 k 1
UNIT branch 37 k 2
UNIT branch 37 k 3
UNIT branch 39 k 1
UNIT branch 39 k 2
UNIT branch 39 k 3
UNIT branch 40 k 1
UNIT branch 40 k 2
UNIT branch 40 k 3
UNIT branch 41 k 1
UNIT branch 41 k 2
UNIT branch 41 k 3
UNIT branch 43 k 1
UNIT branch 43 k 2
UNIT branch 43 k 3
UNIT branch 44 k 1
UNIT branch 44 k 2
UNIT branch 44 k 3
UNIT branch 59 k 1
UNIT branch 59 k 2
UNIT branch 59 k 3
UNIT branch 60 k 1
UNIT branch 60 k 2
UNIT branch 60 k 3
UNIT branch 64 k 1
UNIT branch 64 k 2
UNIT branch 64 k 3
UNIT branch 67 k 1
UNIT branch 67 k 2
UNIT branch 67 k 3
UNIT branch 105 k 1
UNIT branch 105 k 2
UNIT branch 105 k 3
UNIT branch 125 k 1
UNIT branch 125 k 2
UNIT branch 125 k 3
VERDICT-FACSTD system 717: EMPTY
