NBRANCH 115
BRANCH 1 DEAD (det0 in ideal)
BRANCH 2 LIVE ngens 15
BRANCH 3 DEAD (det0 in ideal)
BRANCH 4 DEAD (det0 in ideal)
BRANCH 5 DEAD (det0 in ideal)
BRANCH 6 DEAD (det0 in ideal)
BRANCH 7 DEAD (det0 in ideal)
BRANCH 8 DEAD (det0 in ideal)
BRANCH 9 DEAD (det0 in ideal)
BRANCH 10 DEAD (det0 in ideal)
BRANCH 11 DEAD (det0 in ideal)
BRANCH 12 DEAD (det0 in ideal)
BRANCH 13 DEAD (det0 in ideal)
BRANCH 14 DEAD (det0 in ideal)
BRANCH 15 DEAD (det0 in ideal)
BRANCH 16 DEAD (det0 in ideal)
BRANCH 17 DEAD (det0 in ideal)
BRANCH 18 DEAD (det0 in ideal)
BRANCH 19 DEAD (det0 in ideal)
BRANCH 20 DEAD (det0 in ideal)
BRANCH 21 DEAD (det0 in ideal)
BRANCH 22 DEAD (det0 in ideal)
BRANCH 23 DEAD (det0 in ideal)
BRANCH 24 DEAD (det0 in ideal)
BRANCH 25 DEAD (det0 in ideal)
BRANCH 26 DEAD (det0 in ideal)
BRANCH 27 DEAD (det0 in ideal)
BRANCH 28 DEAD (det0 in ideal)
BRANCH 29 DEAD (det0 in ideal)
BRANCH 30 DEAD (det0 in ideal)
BRANCH 31 DEAD (det0 in ideal)
BRANCH 32 DEAD (det0 in ideal)
BRANCH 33 DEAD (det0 in ideal)
BRANCH 34 DEAD (det0 in ideal)
BRANCH 35 DEAD (det0 in ideal)
BRANCH 36 DEAD (det0 in ideal)
BRANCH 37 DEAD (det0 in ideal)
BRANCH 38 DEAD (det0 in ideal)
BRANCH 39 DEAD (det0 in ideal)
BRANCH 40 DEAD (det0 in ideal)
BRANCH 41 DEAD (det0 in ideal)
BRANCH 42 DEAD (det0 in ideal)
BRANCH 43 DEAD (det0 in ideal)
BRANCH 44 DEAD (det0 in ideal)
BRANCH 45 DEAD (det0 in ideal)
BRANCH 46 DEAD (det0 in ideal)
BRANCH 47 DEAD (det0 in ideal)
BRANCH 48 DEAD (det0 in ideal)
BRANCH 49 DEAD (det0 in ideal)
BRANCH 50 DEAD (det0 in ideal)
BRANCH 51 DEAD (det0 in ideal)
BRANCH 52 DEAD (det0 in ideal)
BRANCH 53 DEAD (det0 in ideal)
BRANCH 54 DEAD (det0 in ideal)
BRANCH 55 DEAD (det0 in ideal)
BRANCH 56 DEAD (det0 in ideal)
BRANCH 57 DEAD (det0 in ideal)
BRANCH 58 DEAD (det0 in ideal)
BRANCH 59 DEAD (det0 in ideal)
BRANCH 60 DEAD (det0 in ideal)
BRANCH 61 DEAD (det0 in ideal)
BRANCH 62 DEAD (det0 in ideal)
BRANCH 63 DEAD (det0 in ideal)
BRANCH 64 DEAD (det0 in ideal)
BRANCH 65 DEAD (det0 in ideal)
BRANCH 66 DEAD (det0 in ideal)
BRANCH 67 DEAD (det0 in ideal)
BRANCH 68 DEAD (det0 in ideal)
BRANCH 69 DEAD (det0 in ideal)
BRANCH 70 DEAD (det0 in ideal)
BRANCH 71 DEAD (det0 in ideal)
BRANCH 72 DEAD (det0 in ideal)
BRANCH 73 DEAD (det0 in ideal)
BRANCH 74 DEAD (det0 in ideal)
BRANCH 75 DEAD (det0 in ideal)
BRANCH 76 DEAD (det0 in ideal)
BRANCH 77 DEAD (det0 in ideal)
BRANCH 78 DEAD (det0 in ideal)
BRANCH 79 DEAD (det0 in ideal)
BRANCH 80 DEAD (det0 in ideal)
BRANCH 81 DEAD (det0 in ideal)
BRANCH 82 DEAD (det0 in ideal)
BRANCH 83 DEAD (det0 in ideal)
BRANCH 84 DEAD (det0 in ideal)
BRANCH 85 DEAD (det0 in ideal)
BRANCH 86 DEAD (det0 in ideal)
BRANCH 87 DEAD (det0 in ideal)
BRANCH 88 DEAD (det0 in ideal)
BRANCH 89 DEAD (det0 in ideal)
BRANCH 90 DEAD (det0 in ideal)
BRANCH 91 DEAD (det0 in ideal)
BRANCH 92 DEAD (det0 in ideal)
BRANCH 93 DEAD (det0 in ideal)
BRANCH 94 DEAD (det0 in ideal)
BRANCH 95 DEAD (det0 in ideal)
BRANCH 96 DEAD (det0 in ideal)
BRANCH 97 DEAD (det0 in ideal)
BRANCH 98 DEAD (det0 in ideal)
BRANCH 99 DEAD (det0 in ideal)
BRANCH 100 DEAD (det0 in ideal)
BRANCH 101 DEAD (det0 in ideal)
BRANCH 102 DEAD (det0 in ideal)
BRANCH 103 DEAD (det0 in ideal)
BRANCH 104 DEAD (det0 in ideal)
BRANCH 105 DEAD (det0 in ideal)
BRANCH 106 DEAD (det0 in ideal)
BRANCH 107 DEAD (det0 in ideal)
BRANCH 108 DEAD (det0 in ideal)
BRANCH 109 DEAD (det0 in ideal)
BRANCH 110 DEAD (det0 in ideal)
BRANCH 111 DEAD (det0 in ideal)
BRANCH 112 DEAD (det0 in ideal)
BRANCH 113 DEAD (det0 in ideal)
BRANCH 114 DEAD (det0 in ideal)
BRANCH 115 DEAD (det0 in ideal)
NLIVE 1
UNIT branch 2 k 1
UNIT branch 2 k 2
UNIT branch 2 k 3
VERDICT-FACSTD system 725: EMPTY
