NBRANCH 593
BRANCH 1 DEAD (det0 in ideal)
BRANCH 2 LIVE ngens 21
BRANCH 3 LIVE ngens 24
BRANCH 4 DEAD (det0 in ideal)
BRANCH 5 DEAD (det0 in ideal)
BRANCH 6 LIVE ngens 21
BRANCH 7 LIVE ngens 26
BRANCH 8 DEAD (det0 in ideal)
BRANCH 9 DEAD (det0 in ideal)
BRANCH 10 LIVE ngens 27
BRANCH 11 DEAD (det0 in ideal)
BRANCH 12 DEAD (det0 in ideal)
BRANCH 13 DEAD (det0 in ideal)
BRANCH 14 DEAD (det0 in ideal)
BRANCH 15 DEAD (det0 in ideal)
BRANCH 16 LIVE ngens 26
BRANCH 17 DEAD (det0 in ideal)
BRANCH 18 DEAD (det0 in ideal)
BRANCH 19 DEAD (det0 in ideal)
BRANCH 20 DEAD (det0 in ideal)
BRANCH 21 DEAD (det0 in ideal)
BRANCH 22 DEAD (det0 in ideal)
BRANCH 23 DEAD (det0 in ideal)
BRANCH 24 DEAD (det0 in ideal)
BRANCH 25 DEAD (det0 in ideal)
BRANCH 26 DEAD (det0 in ideal)
BRANCH 27 DEAD (det0 in ideal)
BRANCH 28 DEAD (det0 in ideal)
BRANCH 29 DEAD (det0 in ideal)
BRANCH 30 DEAD (det0 in ideal)
BRANCH 31 DEAD (det0 in ideal)
BRANCH 32 DEAD (det0 in ideal)
BRANCH 33 DEAD (det0 in ideal)
BRANCH 34 DEAD (det0 in ideal)
BRANCH 35 DEAD (det0 in ideal)
BRANCH 36 DEAD (det0 in ideal)
BRANCH 37 DEAD (det0 in ideal)
BRANCH 38 DEAD (det0 in ideal)
BRANCH 39 LIVE ngens 23
BRANCH 40 DEAD (det0 in ideal)
BRANCH 41 DEAD (det0 in ideal)
BRANCH 42 LIVE ngens 23
BRANCH 43 LIVE ngens 22
BRANCH 44 DEAD (det0 in ideal)
BRANCH 45 DEAD (det0 in ideal)
BRANCH 46 DEAD (det0 in ideal)
BRANCH 47 DEAD (det0 in ideal)
BRANCH 48 DEAD (det0 in ideal)
BRANCH 49 DEAD (det0 in ideal)
BRANCH 50 DEAD (det0 in ideal)
BRANCH 51 DEAD (det0 in ideal)
BRANCH 52 DEAD (det0 in ideal)
BRANCH 53 DEAD (det0 in ideal)
BRANCH 54 DEAD (det0 in ideal)
BRANCH 55 DEAD (det0 in ideal)
BRANCH 56 DEAD (det0 in ideal)
BRANCH 57 DEAD (det0 in ideal)
BRANCH 58 DEAD (det0 in ideal)
BRANCH 59 DEAD (det0 in ideal)
BRANCH 60 DEAD (det0 in ideal)
BRANCH 61 DEAD (det0 in ideal)
BRANCH 62 DEAD (det0 in ideal)
BRANCH 63 DEAD (det0 in ideal)
BRANCH 64 DEAD (det0 in ideal)
BRANCH 65 DEAD (det0 in ideal)
BRANCH 66 DEAD (det0 in ideal)
BRANCH 67 DEAD (det0 in ideal)
BRANCH 68 DEAD (det0 in ideal)
BRANCH 69 DEAD (det0 in ideal)
BRANCH 70 DEAD (det0 in ideal)
BRANCH 71 DEAD (det0 in ideal)
BRANCH 72 DEAD (det0 in ideal)
BRANCH 73 DEAD (det0 in ideal)
BRANCH 74 DEAD (det0 in ideal)
BRANCH 75 DEAD (det0 in ideal)
BRANCH 76 DEAD (det0 in ideal)
BRANCH 77 DEAD (det0 in ideal)
BRANCH 78 DEAD (det0 in ideal)
BRANCH 79 DEAD (det0 in ideal)
BRANCH 80 DEAD (det0 in ideal)
BRANCH 81 DEAD (det0 in ideal)
BRANCH 82 DEAD (det0 in ideal)
BRANCH 83 DEAD (det0 in ideal)
BRANCH 84 DEAD (det0 in ideal)
BRANCH 85 DEAD (det0 in ideal)
BRANCH 86 DEAD (det0 in ideal)
BRANCH 87 DEAD (det0 in ideal)
BRANCH 88 DEAD (det0 in ideal)
BRANCH 89 DEAD (det0 in ideal)
BRANCH 90 DEAD (det0 in ideal)
BRANCH 91 DEAD (det0 in ideal)
BRANCH 92 DEAD (det0 in ideal)
BRANCH 93 DEAD (det0 in ideal)
BRANCH 94 DEAD (det0 in ideal)
BRANCH 95 DEAD (det0 in ideal)
BRANCH 96 DEAD (det0 in ideal)
BRANCH 97 DEAD (det0 in ideal)
BRANCH 98 DEAD (det0 in ideal)
BRANCH 99 DEAD (det0 in ideal)
BRANCH 100 DEAD (det0 in ideal)
BRANCH 101 DEAD (det0 in ideal)
BRANCH 102 DEAD (det0 in ideal)
BRANCH 103 DEAD (det0 in ideal)
BRANCH 104 DEAD (det0 in ideal)
BRANCH 105 DEAD (det0 in ideal)
BRANCH 106 DEAD (det0 in ideal)
BRANCH 107 DEAD (det0 in ideal)
BRANCH 108 DEAD (det0 in ideal)
BRANCH 109 DEAD (det0 in ideal)
BRANCH 110 DEAD (det0 in ideal)
BRANCH 111 DEAD (det0 in ideal)
BRANCH 112 DEAD (det0 in ideal)
BRANCH 113 DEAD (det0 in ideal)
BRANCH 114 DEAD (det0 in ideal)
BRANCH 115 DEAD (det0 in ideal)
BRANCH 116 DEAD (det0 in ideal)
BRANCH 117 DEAD (det0 in ideal)
BRANCH 118 DEAD (det0 in ideal)
BRANCH 119 DEAD (det0 in ideal)
BRANCH 120 DEAD (det0 in ideal)
BRANCH 121 DEAD (det0 in ideal)
BRANCH 122 DEAD (det0 in ideal)
BRANCH 123 DEAD (det0 in ideal)
BRANCH 124 DEAD (det0 in ideal)
BRANCH 125 DEAD (det0 in ideal)
BRANCH 126 DEAD (det0 in ideal)
BRANCH 127 DEAD (det0 in ideal)
BRANCH 128 DEAD (det0 in ideal)
BRANCH 129 DEAD (det0 in ideal)
BRANCH 130 DEAD (det0 in ideal)
BRANCH 131 DEAD (det0 in ideal)
BRANCH 132 DEAD (det0 in ideal)
BRANCH 133 DEAD (det0 in ideal)
BRANCH 134 DEAD (det0 in ideal)
BRANCH 135 DEAD (det0 in ideal)
BRANCH 136 DEAD (det0 in ideal)
BRANCH 137 DEAD (det0 in ideal)
BRANCH 138 DEAD (det0 in ideal)
BRANCH 139 DEAD (det0 in ideal)
BRANCH 140 DEAD (det0 in ideal)
BRANCH 141 DEAD (det0 in ideal)
BRANCH 142 DEAD (det0 in ideal)
BRANCH 143 DEAD (det0 in ideal)
BRANCH 144 DEAD (det0 in ideal)
BRANCH 145 DEAD (det0 in ideal)
BRANCH 146 DEAD (det0 in ideal)
BRANCH 147 DEAD (det0 in ideal)
BRANCH 148 DEAD (det0 in ideal)
BRANCH 149 DEAD (det0 in ideal)
BRANCH 150 DEAD (det0 in ideal)
BRANCH 151 DEAD (det0 in ideal)
BRANCH 152 DEAD (det0 in ideal)
BRANCH 153 DEAD (det0 in ideal)
BRANCH 154 DEAD (det0 in ideal)
BRANCH 155 DEAD (det0 in ideal)
BRANCH 156 DEAD (det0 in ideal)
BRANCH 157 DEAD (det0 in ideal)
BRANCH 158 DEAD (det0 in ideal)
BRANCH 159 DEAD (det0 in ideal)
BRANCH 160 DEAD (det0 in ideal)
BRANCH 161 DEAD (det0 in ideal)
BRANCH 162 DEAD (det0 in ideal)
BRANCH 163 DEAD (det0 in ideal)
BRANCH 164 DEAD (det0 in ideal)
BRANCH 165 DEAD (det0 in ideal)
BRANCH 166 DEAD (det0 in ideal)
BRANCH 167 DEAD (det0 in ideal)
BRANCH 168 DEAD (det0 in ideal)
BRANCH 169 DEAD (det0 in ideal)
BRANCH 170 DEAD (det0 in ideal)
BRANCH 171 DEAD (det0 in ideal)
BRANCH 172 DEAD (det0 in ideal)
BRANCH 173 DEAD (det0 in ideal)
BRANCH 174 DEAD (det0 in ideal)
BRANCH 175 DEAD (det0 in ideal)
BRANCH 176 DEAD (det0 in ideal)
BRANCH 177 DEAD (det0 in ideal)
BRANCH 178 DEAD (det0 in ideal)
BRANCH 179 DEAD (det0 in ideal)
BRANCH 180 DEAD (det0 in ideal)
BRANCH 181 DEAD (det0 in ideal)
BRANCH 182 DEAD (det0 in ideal)
BRANCH 183 DEAD (det0 in ideal)
BRANCH 184 DEAD (det0 in ideal)
BRANCH 185 DEAD (det0 in ideal)
BRANCH 186 DEAD (det0 in ideal)
BRANCH 187 DEAD (det0 in ideal)
BRANCH 188 DEAD (det0 in ideal)
BRANCH 189 DEAD (det0 in ideal)
BRANCH 190 DEAD (det0 in ideal)
BRANCH 191 DEAD (det0 in ideal)
BRANCH 192 DEAD (det0 in ideal)
BRANCH 193 DEAD (det0 in ideal)
BRANCH 194 DEAD (det0 in ideal)
BRANCH 195 DEAD (det0 in ideal)
BRANCH 196 DEAD (det0 in ideal)
BRANCH 197 DEAD (det0 in ideal)
BRANCH 198 DEAD (det0 in ideal)
BRANCH 199 DEAD (det0 in ideal)
BRANCH 200 DEAD (det0 in ideal)
BRANCH 201 DEAD (det0 in ideal)
BRANCH 202 DEAD (det0 in ideal)
BRANCH 203 DEAD (det0 in ideal)
BRANCH 204 DEAD (det0 in ideal)
BRANCH 205 DEAD (det0 in ideal)
BRANCH 206 DEAD (det0 in ideal)
BRANCH 207 DEAD (det0 in ideal)
BRANCH 208 DEAD (det0 in ideal)
BRANCH 209 DEAD (det0 in ideal)
BRANCH 210 DEAD (det0 in ideal)
BRANCH 211 DEAD (det0 in ideal)
BRANCH 212 DEAD (det0 in ideal)
BRANCH 213 DEAD (det0 in ideal)
BRANCH 214 DEAD (det0 in ideal)
BRANCH 215 DEAD (det0 in ideal)
BRANCH 216 DEAD (det0 in ideal)
BRANCH 217 DEAD (det0 in ideal)
BRANCH 218 DEAD (det0 in ideal)
BRANCH 219 DEAD (det0 in ideal)
BRANCH 220 DEAD (det0 in ideal)
BRANCH 221 DEAD (det0 in ideal)
BRANCH 222 DEAD (det0 in ideal)
BRANCH 223 DEAD (det0 in ideal)
BRANCH 224 DEAD (det0 in ideal)
BRANCH 225 DEAD (det0 in ideal)
BRANCH 226 DEAD (det0 in ideal)
BRANCH 227 DEAD (det0 in ideal)
BRANCH 228 DEAD (det0 in ideal)
BRANCH 229 DEAD (det0 in ideal)
BRANCH 230 DEAD (det0 in ideal)
BRANCH 231 DEAD (det0 in ideal)
BRANCH 232 DEAD (det0 in ideal)
BRANCH 233 DEAD (det0 in ideal)
BRANCH 234 DEAD (det0 in ideal)
BRANCH 235 DEAD (det0 in ideal)
BRANCH 236 DEAD (det0 in ideal)
BRANCH 237 DEAD (det0 in ideal)
BRANCH 238 DEAD (det0 in ideal)
BRANCH 239 DEAD (det0 in ideal)
BRANCH 240 DEAD (det0 in ideal)
BRANCH 241 DEAD (det0 in ideal)
BRANCH 242 DEAD (det0 in ideal)
BRANCH 243 DEAD (det0 in ideal)
BRANCH 244 DEAD (det0 in ideal)
BRANCH 245 DEAD (det0 in ideal)
BRANCH 246 DEAD (det0 in ideal)
BRANCH 247 DEAD (det0 in ideal)
BRANCH 248 DEAD (det0 in ideal)
BRANCH 249 DEAD (det0 in ideal)
BRANCH 250 DEAD (det0 in ideal)
BRANCH 251 DEAD (det0 in ideal)
BRANCH 252 DEAD (det0 in ideal)
BRANCH 253 DEAD (det0 in ideal)
BRANCH 254 DEAD (det0 in ideal)
BRANCH 255 DEAD (det0 in ideal)
BRANCH 256 DEAD (det0 in ideal)
BRANCH 257 DEAD (det0 in ideal)
BRANCH 258 DEAD (det0 in ideal)
BRANCH 259 DEAD (det0 in ideal)
BRANCH 260 DEAD (det0 in ideal)
BRANCH 261 DEAD (det0 in ideal)
BRANCH 262 DEAD (det0 in ideal)
BRANCH 263 DEAD (det0 in ideal)
BRANCH 264 DEAD (det0 in ideal)
BRANCH 265 DEAD (det0 in ideal)
BRANCH 266 DEAD (det0 in ideal)
BRANCH 267 DEAD (det0 in ideal)
BRANCH 268 DEAD (det0 in ideal)
BRANCH 269 DEAD (det0 in ideal)
BRANCH 270 DEAD (det0 in ideal)
BRANCH 271 DEAD (det0 in ideal)
BRANCH 272 DEAD (det0 in ideal)
BRANCH 273 DEAD (det0 in ideal)
BRANCH 274 DEAD (det0 in ideal)
BRANCH 275 DEAD (det0 in ideal)
BRANCH 276 DEAD (det0 in ideal)
BRANCH 277 DEAD (det0 in ideal)
BRANCH 278 DEAD (det0 in ideal)
BRANCH 279 DEAD (det0 in ideal)
BRANCH 280 DEAD (det0 in ideal)
BRANCH 281 DEAD (det0 in ideal)
BRANCH 282 DEAD (det0 in ideal)
BRANCH 283 DEAD (det0 in ideal)
BRANCH 284 DEAD (det0 in ideal)
BRANCH 285 DEAD (det0 in ideal)
BRANCH 286 DEAD (det0 in ideal)
BRANCH 287 DEAD (det0 in ideal)
BRANCH 288 DEAD (det0 in ideal)
BRANCH 289 DEAD (det0 in ideal)
BRANCH 290 DEAD (det0 in ideal)
BRANCH 291 DEAD (det0 in ideal)
BRANCH 292 DEAD (det0 in ideal)
BRANCH 293 DEAD (det0 in ideal)
BRANCH 294 DEAD (det0 in ideal)
BRANCH 295 DEAD (det0 in ideal)
BRANCH 296 DEAD (det0 in ideal)
BRANCH 297 DEAD (det0 in ideal)
BRANCH 298 DEAD (det0 in ideal)
BRANCH 299 DEAD (det0 in ideal)
BRANCH 300 DEAD (det0 in ideal)
BRANCH 301 DEAD (det0 in ideal)
BRANCH 302 DEAD (det0 in ideal)
BRANCH 303 DEAD (det0 in ideal)
BRANCH 304 DEAD (det0 in ideal)
BRANCH 305 DEAD (det0 in ideal)
BRANCH 306 DEAD (det0 in ideal)
BRANCH 307 DEAD (det0 in ideal)
BRANCH 308 DEAD (det0 in ideal)
BRANCH 309 DEAD (det0 in ideal)
BRANCH 310 DEAD (det0 in ideal)
BRANCH 311 DEAD (det0 in ideal)
BRANCH 312 DEAD (det0 in ideal)
BRANCH 313 DEAD (det0 in ideal)
BRANCH 314 DEAD (det0 in ideal)
BRANCH 315 DEAD (det0 in ideal)
BRANCH 316 DEAD (det0 in ideal)
BRANCH 317 DEAD (det0 in ideal)
BRANCH 318 DEAD (det0 in ideal)
BRANCH 319 DEAD (det0 in ideal)
BRANCH 320 DEAD (det0 in ideal)
BRANCH 321 DEAD (det0 in ideal)
BRANCH 322 DEAD (det0 in ideal)
BRANCH 323 DEAD (det0 in ideal)
BRANCH 324 DEAD (det0 in ideal)
BRANCH 325 DEAD (det0 in ideal)
BRANCH 326 DEAD (det0 in ideal)
BRANCH 327 DEAD (det0 in ideal)
BRANCH 328 DEAD (det0 in ideal)
BRANCH 329 DEAD (det0 in ideal)
BRANCH 330 DEAD (det0 in ideal)
BRANCH 331 DEAD (det0 in ideal)
BRANCH 332 DEAD (det0 in ideal)
BRANCH 333 DEAD (det0 in ideal)
BRANCH 334 DEAD (det0 in ideal)
BRANCH 335 DEAD (det0 in ideal)
BRANCH 336 DEAD (det0 in ideal)
BRANCH 337 DEAD (det0 in ideal)
BRANCH 338 DEAD (det0 in ideal)
BRANCH 339 DEAD (det0 in ideal)
BRANCH 340 DEAD (det0 in ideal)
BRANCH 341 DEAD (det0 in ideal)
BRANCH 342 DEAD (det0 in ideal)
BRANCH 343 DEAD (det0 in ideal)
BRANCH 344 DEAD (det0 in ideal)
BRANCH 345 DEAD (det0 in ideal)
BRANCH 346 DEAD (det0 in ideal)
BRANCH 347 DEAD (det0 in ideal)
BRANCH 348 DEAD (det0 in ideal)
BRANCH 349 DEAD (det0 in ideal)
BRANCH 350 DEAD (det0 in ideal)
BRANCH 351 DEAD (det0 in ideal)
BRANCH 352 DEAD (det0 in ideal)
BRANCH 353 DEAD (det0 in ideal)
BRANCH 354 DEAD (det0 in ideal)
BRANCH 355 DEAD (det0 in ideal)
BRANCH 356 DEAD (det0 in ideal)
BRANCH 357 DEAD (det0 in ideal)
BRANCH 358 DEAD (det0 in ideal)
BRANCH 359 DEAD (det0 in ideal)
BRANCH 360 DEAD (det0 in ideal)
BRANCH 361 DEAD (det0 in ideal)
BRANCH 362 DEAD (det0 in ideal)
BRANCH 363 DEAD (det0 in ideal)
BRANCH 364 DEAD (det0 in ideal)
BRANCH 365 DEAD (det0 in ideal)
BRANCH 366 DEAD (det0 in ideal)
BRANCH 367 DEAD (det0 in ideal)
BRANCH 368 DEAD (det0 in ideal)
BRANCH 369 DEAD (det0 in ideal)
BRANCH 370 DEAD (det0 in ideal)
BRANCH 371 DEAD (det0 in ideal)
BRANCH 372 DEAD (det0 in ideal)
BRANCH 373 DEAD (det0 in ideal)
BRANCH 374 DEAD (det0 in ideal)
BRANCH 375 DEAD (det0 in ideal)
BRANCH 376 DEAD (det0 in ideal)
BRANCH 377 DEAD (det0 in ideal)
BRANCH 378 DEAD (det0 in ideal)
BRANCH 379 DEAD (det0 in ideal)
BRANCH 380 DEAD (det0 in ideal)
BRANCH 381 DEAD (det0 in ideal)
BRANCH 382 DEAD (det0 in ideal)
BRANCH 383 DEAD (det0 in ideal)
BRANCH 384 DEAD (det0 in ideal)
BRANCH 385 DEAD (det0 in ideal)
BRANCH 386 DEAD (det0 in ideal)
BRANCH 387 DEAD (det0 in ideal)
BRANCH 388 DEAD (det0 in ideal)
BRANCH 389 DEAD (det0 in ideal)
BRANCH 390 DEAD (det0 in ideal)
BRANCH 391 DEAD (det0 in ideal)
BRANCH 392 DEAD (det0 in ideal)
BRANCH 393 DEAD (det0 in ideal)
BRANCH 394 DEAD (det0 in ideal)
BRANCH 395 DEAD (det0 in ideal)
BRANCH 396 DEAD (det0 in ideal)
BRANCH 397 DEAD (det0 in ideal)
BRANCH 398 DEAD (det0 in ideal)
BRANCH 399 DEAD (det0 in ideal)
BRANCH 400 DEAD (det0 in ideal)
BRANCH 401 DEAD (det0 in ideal)
BRANCH 402 DEAD (det0 in ideal)
BRANCH 403 DEAD (det0 in ideal)
BRANCH 404 DEAD (det0 in ideal)
BRANCH 405 DEAD (det0 in ideal)
BRANCH 406 DEAD (det0 in ideal)
BRANCH 407 DEAD (det0 in ideal)
BRANCH 408 DEAD (det0 in ideal)
BRANCH 409 DEAD (det0 in ideal)
BRANCH 410 DEAD (det0 in ideal)
BRANCH 411 DEAD (det0 in ideal)
BRANCH 412 DEAD (det0 in ideal)
BRANCH 413 DEAD (det0 in ideal)
BRANCH 414 DEAD (det0 in ideal)
BRANCH 415 DEAD (det0 in ideal)
BRANCH 416 DEAD (det0 in ideal)
BRANCH 417 DEAD (det0 in ideal)
BRANCH 418 DEAD (det0 in ideal)
BRANCH 419 DEAD (det0 in ideal)
BRANCH 420 DEAD (det0 in ideal)
BRANCH 421 DEAD (det0 in ideal)
BRANCH 422 DEAD (det0 in ideal)
BRANCH 423 DEAD (det0 in ideal)
BRANCH 424 DEAD (det0 in ideal)
BRANCH 425 DEAD (det0 in ideal)
BRANCH 426 DEAD (det0 in ideal)
BRANCH 427 DEAD (det0 in ideal)
BRANCH 428 DEAD (det0 in ideal)
BRANCH 429 DEAD (det0 in ideal)
BRANCH 430 DEAD (det0 in ideal)
BRANCH 431 DEAD (det0 in ideal)
BRANCH 432 DEAD (det0 in ideal)
BRANCH 433 DEAD (det0 in ideal)
BRANCH 434 DEAD (det0 in ideal)
BRANCH 435 DEAD (det0 in ideal)
BRANCH 436 DEAD (det0 in ideal)
BRANCH 437 DEAD (det0 in ideal)
BRANCH 438 DEAD (det0 in ideal)
BRANCH 439 DEAD (det0 in ideal)
BRANCH 440 DEAD (det0 in ideal)
BRANCH 441 DEAD (det0 in ideal)
BRANCH 442 DEAD (det0 in ideal)
BRANCH 443 DEAD (det0 in ideal)
BRANCH 444 DEAD (det0 in ideal)
BRANCH 445 DEAD (det0 in ideal)
BRANCH 446 DEAD (det0 in ideal)
BRANCH 447 DEAD (det0 in ideal)
BRANCH 448 DEAD (det0 in ideal)
BRANCH 449 DEAD (det0 in ideal)
BRANCH 450 DEAD (det0 in ideal)
BRANCH 451 DEAD (det0 in ideal)
BRANCH 452 DEAD (det0 in ideal)
BRANCH 453 DEAD (det0 in ideal)
BRANCH 454 DEAD (det0 in ideal)
BRANCH 455 DEAD (det0 in ideal)
BRANCH 456 DEAD (det0 in ideal)
BRANCH 457 DEAD (det0 in ideal)
BRANCH 458 DEAD (det0 in ideal)
BRANCH 459 DEAD (det0 in ideal)
BRANCH 460 DEAD (det0 in ideal)
BRANCH 461 DEAD (det0 in ideal)
BRANCH 462 DEAD (det0 in ideal)
BRANCH 463 DEAD (det0 in ideal)
BRANCH 464 DEAD (det0 in ideal)
BRANCH 465 DEAD (det0 in ideal)
BRANCH 466 DEAD (det0 in ideal)
BRANCH 467 DEAD (det0 in ideal)
BRANCH 468 DEAD (det0 in ideal)
BRANCH 469 DEAD (det0 in ideal)
BRANCH 470 DEAD (det0 in ideal)
BRANCH 471 DEAD (det0 in ideal)
BRANCH 472 DEAD (det0 in ideal)
BRANCH 473 DEAD (det0 in ideal)
BRANCH 474 DEAD (det0 in ideal)
BRANCH 475 DEAD (det0 in ideal)
BRANCH 476 DEAD (det0 in ideal)
BRANCH 477 DEAD (det0 in ideal)
BRANCH 478 DEAD (det0 in ideal)
BRANCH 479 DEAD (det0 in ideal)
BRANCH 480 DEAD (det0 in ideal)
BRANCH 481 DEAD (det0 in ideal)
BRANCH 482 DEAD (det0 in ideal)
BRANCH 483 DEAD (det0 in ideal)
BRANCH 484 DEAD (det0 in ideal)
BRANCH 485 DEAD (det0 in ideal)
BRANCH 486 DEAD (det0 in ideal)
BRANCH 487 DEAD (det0 in ideal)
BRANCH 488 DEAD (det0 in ideal)
BRANCH 489 DEAD (det0 in ideal)
BRANCH 490 DEAD (det0 in ideal)
BRANCH 491 DEAD (det0 in ideal)
BRANCH 492 DEAD (det0 in ideal)
BRANCH 493 DEAD (det0 in ideal)
BRANCH 494 DEAD (det0 in ideal)
BRANCH 495 DEAD (det0 in ideal)
BRANCH 496 DEAD (det0 in ideal)
BRANCH 497 DEAD (det0 in ideal)
BRANCH 498 DEAD (det0 in ideal)
BRANCH 499 DEAD (det0 in ideal)
BRANCH 500 DEAD (det0 in ideal)
BRANCH 501 DEAD (det0 in ideal)
BRANCH 502 DEAD (det0 in ideal)
BRANCH 503 DEAD (det0 in ideal)
BRANCH 504 DEAD (det0 in ideal)
BRANCH 505 DEAD (det0 in ideal)
BRANCH 506 DEAD (det0 in ideal)
BRANCH 507 DEAD (det0 in ideal)
BRANCH 508 DEAD (det0 in ideal)
BRANCH 509 DEAD (det0 in ideal)
BRANCH 510 DEAD (det0 in ideal)
BRANCH 511 DEAD (det0 in ideal)
BRANCH 512 DEAD (det0 in ideal)
BRANCH 513 DEAD (det0 in ideal)
BRANCH 514 DEAD (det0 in ideal)
BRANCH 515 DEAD (det0 in ideal)
BRANCH 516 DEAD (det0 in ideal)
BRANCH 517 DEAD (det0 in ideal)
BRANCH 518 DEAD (det0 in ideal)
BRANCH 519 DEAD (det0 in ideal)
BRANCH 520 DEAD (det0 in ideal)
BRANCH 521 DEAD (det0 in ideal)
BRANCH 522 DEAD (det0 in ideal)
BRANCH 523 DEAD (det0 in ideal)
BRANCH 524 DEAD (det0 in ideal)
BRANCH 525 DEAD (det0 in ideal)
BRANCH 526 DEAD (det0 in ideal)
BRANCH 527 DEAD (det0 in ideal)
BRANCH 528 DEAD (det0 in ideal)
BRANCH 529 DEAD (det0 in ideal)
BRANCH 530 DEAD (det0 in ideal)
BRANCH 531 DEAD (det0 in ideal)
BRANCH 532 DEAD (det0 in ideal)
BRANCH 533 DEAD (det0 in ideal)
BRANCH 534 DEAD (det0 in ideal)
BRANCH 535 DEAD (det0 in ideal)
BRANCH 536 DEAD (det0 in ideal)
BRANCH 537 DEAD (det0 in ideal)
BRANCH 538 DEAD (det0 in ideal)
BRANCH 539 DEAD (det0 in ideal)
BRANCH 540 DEAD (det0 in ideal)
BRANCH 541 DEAD (det0 in ideal)
BRANCH 542 DEAD (det0 in ideal)
BRANCH 543 DEAD (det0 in ideal)
BRANCH 544 DEAD (det0 in ideal)
BRANCH 545 DEAD (det0 in ideal)
BRANCH 546 DEAD (det0 in ideal)
BRANCH 547 DEAD (det0 in ideal)
BRANCH 548 DEAD (det0 in ideal)
BRANCH 549 DEAD (det0 in ideal)
BRANCH 550 DEAD (det0 in ideal)
BRANCH 551 DEAD (det0 in ideal)
BRANCH 552 DEAD (det0 in ideal)
BRANCH 553 DEAD (det0 in ideal)
BRANCH 554 DEAD (det0 in ideal)
BRANCH 555 DEAD (det0 in ideal)
BRANCH 556 DEAD (det0 in ideal)
BRANCH 557 DEAD (det0 in ideal)
BRANCH 558 DEAD (det0 in ideal)
BRANCH 559 DEAD (det0 in ideal)
BRANCH 560 DEAD (det0 in ideal)
BRANCH 561 DEAD (det0 in ideal)
BRANCH 562 DEAD (det0 in ideal)
BRANCH 563 DEAD (det0 in ideal)
BRANCH 564 DEAD (det0 in ideal)
BRANCH 565 DEAD (det0 in ideal)
BRANCH 566 DEAD (det0 in ideal)
BRANCH 567 DEAD (det0 in ideal)
BRANCH 568 DEAD (det0 in ideal)
BRANCH 569 DEAD (det0 in ideal)
BRANCH 570 DEAD (det0 in ideal)
BRANCH 571 DEAD (det0 in ideal)
BRANCH 572 DEAD (det0 in ideal)
BRANCH 573 DEAD (det0 in ideal)
BRANCH 574 DEAD (det0 in ideal)
BRANCH 575 DEAD (det0 in ideal)
BRANCH 576 DEAD (det0 in ideal)
BRANCH 577 DEAD (det0 in ideal)
BRANCH 578 DEAD (det0 in ideal)
BRANCH 579 DEAD (det0 in ideal)
BRANCH 580 DEAD (det0 in ideal)
BRANCH 581 DEAD (det0 in ideal)
BRANCH 582 DEAD (det0 in ideal)
BRANCH 583 DEAD (det0 in ideal)
BRANCH 584 DEAD (det0 in ideal)
BRANCH 585 DEAD (det0 in ideal)
BRANCH 586 DEAD (det0 in ideal)
BRANCH 587 DEAD (det0 in ideal)
BRANCH 588 DEAD (det0 in ideal)
BRANCH 589 DEAD (det0 in ideal)
BRANCH 590 DEAD (det0 in ideal)
BRANCH 591 DEAD (det0 in ideal)
BRANCH 592 DEAD (det0 in ideal)
BRANCH 593 DEAD (det0 in ideal)
NLIVE 9
UNIT branch 2 k 1
UNIT branch 2 k 2
UNIT branch 2 k 3
UNIT branch 3 k 1
UNIT branch 3 k 2
UNIT branch 3 k 3
UNIT branch 6 k 1
UNIT branch 6 k 2
UNIT branch 6 k 3
UNIT branch 7 k 1
UNIT branch 7 k 2
UNIT branch 7 k 3
UNIT branch 10 k 1
UNIT branch 10 k 2
UNIT branch 10 k 3
UNIT branch 16 k 1
UNIT branch 16 k 2
UNIT branch 16 k 3
UNIT branch 39 k 1
UNIT branch 39 k 2
UNIT branch 39 k 3
UNIT branch 42 k 1
UNIT branch 42 k 2
UNIT branch 42 k 3
UNIT branch 43 k 1
UNIT branch 43 k 2
UNIT branch 43 k 3
VERDICT-FACSTD system 736: EMPTY
