R3-NCOMP 5
R3-COMP 1 DEAD
R3-COMP 2 LIVE ngens 6
R3-COMP 3 DEAD
R3-COMP 4 DEAD
R3-COMP 5 DEAD
R3-NLIVE 1
R3-UNIT comp 2 k 1
R3-UNIT comp 2 k 2
R3-UNIT comp 2 k 3
R3-CERT system 630: ALL-UNIT
R3-COVER-NGENS 32
R3-J-GENS:
J[1]=q7*q3*q0
J[2]=q8*q3*q0
J[3]=q6*q4*q0
J[4]=q7*q4*q0
J[5]=q8*q4*q0
J[6]=q6*q5*q0
J[7]=q7*q5*q0
J[8]=q8*q5*q0
J[9]=q6*q3*q1
J[10]=q7*q3*q1
J[11]=q8*q3*q1
J[12]=q9*q3*q1
J[13]=q6*q4*q1
J[14]=q7*q4*q1
J[15]=q8*q4*q1
J[16]=q9*q4*q1
J[17]=q6*q5*q1
J[18]=q7*q5*q1
J[19]=q8*q5*q1
J[20]=q9*q5*q1
J[21]=q6*q3*q2
J[22]=q7*q3*q2
J[23]=q8*q3*q2
J[24]=q9*q3*q2
J[25]=q6*q4*q2
J[26]=q7*q4*q2
J[27]=q8*q4*q2
J[28]=q9*q4*q2
J[29]=q6*q5*q2
J[30]=q7*q5*q2
J[31]=q8*q5*q2
J[32]=q9*q5*q2
R3-COVER-GEN 1 IN-RADICAL
R3-COVER-GEN 2 IN-RADICAL
R3-COVER-GEN 3 IN-RADICAL
R3-COVER-GEN 4 IN-RADICAL
R3-COVER-GEN 5 IN-RADICAL
R3-COVER-GEN 6 IN-RADICAL
R3-COVER-GEN 7 IN-RADICAL
R3-COVER-GEN 8 IN-RADICAL
R3-COVER-GEN 9 IN-RADICAL
R3-COVER-GEN 10 IN-RADICAL
R3-COVER-GEN 11 IN-RADICAL
R3-COVER-GEN 12 IN-RADICAL
R3-COVER-GEN 13 IN-RADICAL
R3-COVER-GEN 14 IN-RADICAL
R3-COVER-GEN 15 IN-RADICAL
R3-COVER-GEN 16 IN-RADICAL
R3-COVER-GEN 17 IN-RADICAL
R3-COVER-GEN 18 IN-RADICAL
R3-COVER-GEN 19 IN-RADICAL
R3-COVER-GEN 20 IN-RADICAL
R3-COVER-GEN 21 IN-RADICAL
R3-COVER-GEN 22 IN-RADICAL
R3-COVER-GEN 23 IN-RADICAL
R3-COVER-GEN 24 IN-RADICAL
R3-COVER-GEN 25 IN-RADICAL
R3-COVER-GEN 26 IN-RADICAL
R3-COVER-GEN 27 IN-RADICAL
R3-COVER-GEN 28 IN-RADICAL
R3-COVER-GEN 29 IN-RADICAL
R3-COVER-GEN 30 IN-RADICAL
R3-COVER-GEN 31 IN-RADICAL
R3-COVER-GEN 32 IN-RADICAL
R3-COVERING system 630: ALL generators of intersection in radical(KE) -- covering SOUND
R3-DONE system 630
