R3-NCOMP 10
R3-COMP 1 DEAD
R3-COMP 2 LIVE ngens 9
R3-COMP 3 DEAD
R3-COMP 4 DEAD
R3-COMP 5 DEAD
R3-COMP 6 DEAD
R3-COMP 7 DEAD
R3-COMP 8 DEAD
R3-COMP 9 DEAD
R3-COMP 10 DEAD
R3-NLIVE 1
R3-UNIT comp 2 k 1
R3-UNIT comp 2 k 2
R3-UNIT comp 2 k 3
R3-CERT system 689: ALL-UNIT
R3-COVER-NGENS 142
R3-J-GENS:
J[1]=q9*q4*q0
J[2]=q10*q4*q0
J[3]=q11*q4*q0
J[4]=q8*q5*q0
J[5]=q9*q5*q0
J[6]=q10*q5*q0
J[7]=q11*q5*q0
J[8]=q8*q6*q0
J[9]=q9*q6*q0
J[10]=q10*q6*q0
J[11]=q11*q6*q0
J[12]=q8*q7*q0
J[13]=q9*q7*q0
J[14]=q10*q7*q0
J[15]=q11*q7*q0
J[16]=q8*q4*q1
J[17]=q9*q4*q1
J[18]=q10*q4*q1
J[19]=q11*q4*q1
J[20]=q12*q4*q1
J[21]=q8*q5*q1
J[22]=q9*q5*q1
J[23]=q8*q6*q1
J[24]=q8*q7*q1
J[25]=q8*q4*q2
J[26]=q9*q4*q2
J[27]=q10*q4*q2
J[28]=q11*q4*q2
J[29]=q12*q4*q2
J[30]=q8*q5*q2
J[31]=q9*q5*q2
J[32]=q8*q6*q2
J[33]=2*q9*q6*q2+2*q10*q5*q2-q9*q7*q1-q10*q6*q1-q11*q5*q1
J[34]=q8*q7*q2
J[35]=q8*q4*q3
J[36]=q9*q4*q3
J[37]=q10*q4*q3
J[38]=q11*q4*q3
J[39]=q8*q5*q3
J[40]=q9*q5*q3
J[41]=q8*q6*q3
J[42]=4*q9*q6*q3+4*q10*q5*q3+q9*q7*q2+q10*q6*q2+q11*q5*q2-2*q10*q7*q1-2*q11*q6*q1-2*q12*q5*q1
J[43]=q8*q7*q3
J[44]=q9*q7*q3+q10*q6*q3+q11*q5*q3-q11*q7*q1-q12*q6*q1
J[45]=2*q10*q7*q3+2*q11*q6*q3+2*q12*q5*q3-q11*q7*q2-q12*q6*q2-4*q12*q7*q1
J[46]=q11*q7*q3+q12*q6*q3-2*q12*q7*q2
J[47]=q12*q5*q1*q0
J[48]=q12*q6*q1*q0
J[49]=q12*q7*q1*q0
J[50]=2*q12*q5*q3*q0-q12*q6*q2*q0
J[51]=q12*q6*q3*q0-2*q12*q7*q2*q0
J[52]=4*q10*q5*q2^2-4*q10*q5*q3*q1+3*q9*q7*q2*q1-q10*q6*q2*q1-5*q11*q5*q2*q1-2*q10*q7*q1^2+2*q11*q6*q1^2+6*q12*q5*q1^2
J[53]=q9*q7*q2^2+q10*q6*q2^2+q11*q5*q2^2-2*q10*q7*q2*q1-2*q11*q6*q2*q1-2*q12*q5*q2*q1+2*q11*q7*q1^2+2*q12*q6*q1^2
J[54]=2*q10*q5*q3*q2-2*q10*q6*q3*q1-4*q11*q5*q3*q1+q11*q7*q1^2+3*q12*q6*q1^2
J[55]=2*q10*q5^2*q2-q10*q6*q5*q1-q11*q5^2*q1
J[56]=q10*q6*q5*q2-q11*q5^2*q2-2*q10*q7*q5*q1+2*q12*q5^2*q1
J[57]=2*q10*q6^2*q2-10*q10*q7*q5*q2+2*q11*q6*q5*q2-3*q9*q7^2*q1+q10*q7*q6*q1-4*q11*q6^2*q1+13*q11*q7*q5*q1-4*q12*q6*q5*q1
J[58]=6*q9^2*q7*q2+2*q10^2*q5*q2-5*q10*q9*q7*q1-q10^2*q6*q1+4*q11*q9*q6*q1-q11*q10*q5*q1
J[59]=q10*q9*q7*q2+q10^2*q6*q2+3*q11*q10*q5*q2-2*q10^2*q7*q1+2*q11*q9*q7*q1-2*q11*q10*q6*q1+6*q12*q9*q6*q1-2*q11^2*q5*q1+2*q12*q10*q5*q1
J[60]=q11*q9*q7*q2+q11*q10*q6*q2+q11^2*q5*q2+4*q12*q10*q5*q2-2*q11*q10*q7*q1+6*q12*q9*q7*q1-2*q11^2*q6*q1+2*q12*q10*q6*q1-4*q12*q11*q5*q1
J[61]=q10*q5*q3^2-q11*q6*q3*q1-2*q12*q5*q3*q1+q12*q6*q2*q1+q12*q7*q1^2
J[62]=q10*q6*q3^2+2*q11*q5*q3^2-q11*q6*q3*q2-2*q12*q5*q3*q2+q12*q6*q2^2-q12*q6*q3*q1
J[63]=q12*q5*q4*q3
J[64]=q12*q6*q4*q3
J[65]=4*q10*q5^2*q3+q10*q6*q5*q2+q11*q5^2*q2-2*q10*q7*q5*q1-2*q11*q6*q5*q1-2*q12*q5^2*q1
J[66]=q11*q5^2*q3-q12*q6*q5*q1
J[67]=4*q12*q5^2*q3-q9*q7^2*q2-q10*q7*q6*q2+q11*q7*q5*q2-2*q12*q6*q5*q2+2*q10*q7^2*q1+2*q12*q6^2*q1-6*q12*q7*q5*q1
J[68]=q10*q6*q5*q3+q11*q5^2*q3-q11*q7*q5*q1-q12*q6*q5*q1
J[69]=2*q11*q6*q5*q3+q9*q7^2*q2+q10*q7*q6*q2-q11*q7*q5*q2-2*q10*q7^2*q1-2*q12*q6^2*q1+2*q12*q7*q5*q1
J[70]=2*q10^2*q5*q3-q11*q10*q5*q2+q11^2*q5*q1-2*q12*q10*q5*q1
J[71]=q11*q10*q5*q3-2*q12*q10*q5*q2+q12*q11*q5*q1
J[72]=4*q12*q10*q5*q3+3*q12*q9*q7*q2+3*q12*q10*q6*q2+3*q12*q11*q5*q2-2*q11^2*q7*q1+2*q12*q10*q7*q1-4*q12*q11*q6*q1-6*q12^2*q5*q1
J[73]=2*q11^2*q5*q3+3*q12*q9*q7*q2+3*q12*q10*q6*q2+q12*q11*q5*q2-2*q11^2*q7*q1+2*q12*q10*q7*q1-4*q12*q11*q6*q1-2*q12^2*q5*q1
J[74]=4*q10*q6^2*q3+8*q11*q6*q5*q3+4*q12*q5^2*q3-q9*q7^2*q2-q10*q7*q6*q2-3*q11*q7*q5*q2-2*q12*q6*q5*q2+2*q10*q7^2*q1-2*q11*q7*q6*q1-4*q12*q6^2*q1-6*q12*q7*q5*q1
J[75]=q11*q6^2*q3+3*q12*q6*q5*q3-q12*q6^2*q2-2*q12*q7*q5*q2-q12*q7*q6*q1
J[76]=4*q10^2*q6*q3+8*q11*q10*q5*q3+3*q11*q9*q7*q2+q11*q10*q6*q2+q11^2*q5*q2-2*q12*q10*q5*q2-6*q11*q10*q7*q1+9*q12*q9*q7*q1-2*q11^2*q6*q1-3*q12*q10*q6*q1-q12*q11*q5*q1
J[77]=4*q11*q10*q6*q3+4*q11^2*q5*q3+4*q12*q10*q5*q3+9*q12*q9*q7*q2+q12*q10*q6*q2+q12*q11*q5*q2-4*q11^2*q7*q1-2*q12*q10*q7*q1-6*q12*q11*q6*q1-2*q12^2*q5*q1
J[78]=2*q12*q10*q6*q3+4*q12*q11*q5*q3-q11^2*q7*q2+4*q12*q10*q7*q2+q12*q11*q6*q2-4*q12*q11*q7*q1-6*q12^2*q6*q1
J[79]=2*q11^2*q6*q3-2*q12*q10*q6*q3+2*q12*q11*q5*q3-q11^2*q7*q2+4*q12*q10*q7*q2-q12*q11*q6*q2-4*q12*q11*q7*q1
J[80]=q12*q6^2*q2*q0-4*q12*q7*q5*q2*q0
J[81]=3*q9^2*q7^2*q1-2*q10*q9*q7*q6*q1-q10^2*q6^2*q1+4*q11*q9*q6^2*q1+4*q10^2*q7*q5*q1+q11^2*q5^2*q1-4*q12*q10*q5^2*q1
J[82]=q11*q5^2*q2^2-q11*q6*q5*q2*q1-2*q12*q5^2*q2*q1+q11*q7*q5*q1^2+q12*q6*q5*q1^2
J[83]=2*q11*q5^3*q2-q10*q6^2*q5*q1+4*q10*q7*q5^2*q1-q11*q6*q5^2*q1-4*q12*q5^3*q1
J[84]=q11*q6*q5^2*q2-q11*q6^2*q5*q1+2*q11*q7*q5^2*q1-2*q12*q6*q5^2*q1
J[85]=2*q11*q7*q5^2*q2-q11*q7*q6*q5*q1-q12*q6^2*q5*q1
J[86]=q11^2*q5^2*q2-q11^2*q6*q5*q1+2*q12*q10*q6*q5*q1-2*q12*q11*q5^2*q1
J[87]=2*q12*q11*q5^2*q2-q11^2*q7*q5*q1+4*q12*q10*q7*q5*q1-q12*q11*q6*q5*q1-4*q12^2*q5^2*q1
J[88]=q11*q7*q6*q5*q2-q12*q6^2*q5*q2+4*q12*q7*q5^2*q2-2*q11*q7^2*q5*q1-2*q12*q7*q6*q5*q1
J[89]=2*q10*q7^2*q5*q2-q11*q7*q6*q5*q2+q12*q6^2*q5*q2-4*q12*q7*q5^2*q2+q9*q7^3*q1-q10*q7^2*q6*q1+q11*q7*q6^2*q1-q12*q6^3*q1-3*q11*q7^2*q5*q1+6*q12*q7*q6*q5*q1
J[90]=2*q10^2*q7*q5*q2+q10*q9*q7^2*q1-q10^2*q7*q6*q1+q11*q9*q7*q6*q1+3*q12*q9*q6^2*q1-q11*q10*q7*q5*q1
J[91]=2*q11*q10*q7*q5*q2+q11*q9*q7^2*q1-q11*q10*q7*q6*q1+3*q12*q9*q7*q6*q1+q12*q10*q6^2*q1-2*q11^2*q7*q5*q1
J[92]=6*q12*q10*q7*q5*q2+3*q12*q9*q7^2*q1-q11^2*q7*q6*q1+q12*q10*q7*q6*q1+q12*q11*q6^2*q1-7*q12*q11*q7*q5*q1
J[93]=q11^2*q7*q5*q2+8*q12*q10*q7*q5*q2-q12*q11*q6*q5*q2+6*q12*q9*q7^2*q1-2*q11^2*q7*q6*q1+2*q12*q10*q7*q6*q1+2*q12*q11*q6^2*q1-12*q12*q11*q7*q5*q1+2*q12^2*q6*q5*q1
J[94]=2*q10^3*q5*q2+q10^2*q9*q7*q1-3*q11*q9^2*q7*q1-q10^3*q6*q1+4*q11*q10*q9*q6*q1-9*q12*q9^2*q6*q1-q11*q10^2*q5*q1
J[95]=2*q11*q10^2*q5*q2+q11*q10*q9*q7*q1-9*q12*q9^2*q7*q1-q11*q10^2*q6*q1+4*q11^2*q9*q6*q1-3*q12*q10*q9*q6*q1-q11^2*q10*q5*q1
J[96]=2*q12*q10^2*q5*q2+q11^2*q9*q7*q1-3*q12*q10*q9*q7*q1-q12*q10^2*q6*q1+3*q12*q11*q9*q6*q1-q12*q11*q10*q5*q1
J[97]=q11^2*q10*q5*q2-4*q12*q10^2*q5*q2-q11^3*q5*q1+4*q12*q11*q10*q5*q1
J[98]=2*q12*q11*q10*q5*q2+q11^2*q10*q7*q1-4*q12*q10^2*q7*q1+3*q12*q11*q9*q7*q1-q12*q11*q10*q6*q1+9*q12^2*q9*q6*q1-2*q12*q11^2*q5*q1+4*q12^2*q10*q5*q1
J[99]=2*q12^2*q10*q5*q2+q11^3*q7*q1-4*q12*q11*q10*q7*q1+9*q12^2*q9*q7*q1-q12*q11^2*q6*q1+3*q12^2*q10*q6*q1-q12^2*q11*q5*q1
J[100]=q11*q7*q6^2*q2-q12*q6^3*q2-2*q11*q7^2*q5*q2+4*q12*q7*q6*q5*q2-q11*q7^2*q6*q1-q12*q7*q6^2*q1
J[101]=q11^2*q7*q6*q2-4*q12*q10*q7*q6*q2-q12*q11*q6^2*q2-2*q12*q11*q7*q5*q2+3*q12*q11*q7*q6*q1+3*q12^2*q6^2*q1
J[102]=2*q11^2*q10*q6*q2-8*q12*q10^2*q6*q2+2*q11^3*q5*q2+5*q11^2*q10*q7*q1-20*q12*q10^2*q7*q1+18*q12*q11*q9*q7*q1-4*q11^3*q6*q1+12*q12*q11*q10*q6*q1+27*q12^2*q9*q6*q1-9*q12*q11^2*q5*q1+20*q12^2*q10*q5*q1
J[103]=2*q12*q9*q7^2*q2+2*q12*q10*q7*q6*q2+2*q12*q11*q7*q5*q2-q11^2*q7^2*q1-2*q12*q11*q7*q6*q1-q12^2*q6^2*q1
J[104]=q11^2*q7^2*q2-4*q12*q10*q7^2*q2-2*q12*q11*q7*q6*q2+q12^2*q6^2*q2-4*q12^2*q7*q5*q2+4*q12*q11*q7^2*q1+4*q12^2*q7*q6*q1
J[105]=2*q11^2*q10*q7*q2-8*q12*q10^2*q7*q2-4*q12*q11*q10*q6*q2-2*q12*q11^2*q5*q2+7*q11^3*q7*q1-20*q12*q11*q10*q7*q1+54*q12^2*q9*q7*q1-3*q12*q11^2*q6*q1+24*q12^2*q10*q6*q1+4*q12^2*q11*q5*q1
J[106]=q11^3*q7*q2-4*q12*q11*q10*q7*q2+6*q12^2*q9*q7*q2-q12*q11^2*q6*q2+2*q12^2*q10*q6*q2+q12*q11^2*q7*q1+q12^2*q11*q6*q1
J[107]=2*q12*q6^2*q5*q3-q9*q7^3*q2-q10*q7^2*q6*q2+q11*q7^2*q5*q2-4*q12*q7*q6*q5*q2+2*q10*q7^3*q1+2*q12*q7*q6^2*q1-2*q12*q7^2*q5*q1
J[108]=q12*q6^3*q3-3*q12*q7*q6*q5*q3-q12*q7*q6^2*q2+2*q12*q7^2*q5*q2+q12*q7^2*q6*q1
J[109]=q10*q6^3*q5*q1-4*q10*q7*q6*q5^2*q1-q11*q6^2*q5^2*q1+4*q11*q7*q5^3*q1
J[110]=q10*q7*q6^2*q5*q1-4*q10*q7^2*q5^2*q1-q12*q6^2*q5^2*q1+4*q12*q7*q5^3*q1
J[111]=q11*q7*q6^2*q5*q1-q12*q6^3*q5*q1-4*q11*q7^2*q5^2*q1+4*q12*q7*q6*q5^2*q1
J[112]=q10^2*q6^2*q5*q1-4*q10^2*q7*q5^2*q1-q11^2*q5^3*q1+4*q12*q10*q5^3*q1
J[113]=q11*q10*q6^2*q5*q1-4*q11*q10*q7*q5^2*q1-q11^2*q6*q5^2*q1+4*q12*q10*q6*q5^2*q1
J[114]=q12*q10*q6^2*q5*q1-q11^2*q7*q5^2*q1
J[115]=q11^2*q7*q6*q5*q1-4*q12*q10*q7*q6*q5*q1-q12*q11*q6^2*q5*q1+4*q12*q11*q7*q5^2*q1
J[116]=q11^2*q10*q6*q5*q1-4*q12*q10^2*q6*q5*q1-q11^3*q5^2*q1+4*q12*q11*q10*q5^2*q1
J[117]=q11^2*q7^2*q5*q1-4*q12*q10*q7^2*q5*q1-q12^2*q6^2*q5*q1+4*q12^2*q7*q5^2*q1
J[118]=q11^2*q10*q7*q5*q1-4*q12*q10^2*q7*q5*q1-q12*q11^2*q5^2*q1+4*q12^2*q10*q5^2*q1
J[119]=q11^3*q7*q5*q1-4*q12*q11*q10*q7*q5*q1-q12*q11^2*q6*q5*q1+4*q12^2*q10*q6*q5*q1
J[120]=q9*q7^3*q6*q1-q10*q7^2*q6^2*q1+q11*q7*q6^3*q1-q12*q6^4*q1+4*q10*q7^3*q5*q1-4*q11*q7^2*q6*q5*q1+5*q12*q7*q6^2*q5*q1-4*q12*q7^2*q5^2*q1
J[121]=q10*q9*q7^2*q6*q1-q10^2*q7*q6^2*q1+q11*q9*q7*q6^2*q1+3*q12*q9*q6^3*q1+4*q10^2*q7^2*q5*q1+q11^2*q7*q5^2*q1-4*q12*q10*q7*q5^2*q1
J[122]=q11*q9*q7^2*q6*q1-q11*q10*q7*q6^2*q1+3*q12*q9*q7*q6^2*q1+q12*q10*q6^3*q1+4*q11*q10*q7^2*q5*q1-4*q12*q10*q7*q6*q5*q1
J[123]=3*q12*q9*q7^2*q6*q1-q11^2*q7*q6^2*q1+q12*q10*q7*q6^2*q1+q12*q11*q6^3*q1+12*q12*q10*q7^2*q5*q1-4*q12*q11*q7*q6*q5*q1+3*q12^2*q6^2*q5*q1-12*q12^2*q7*q5^2*q1
J[124]=q11^2*q7^2*q6*q1-4*q12*q10*q7^2*q6*q1+2*q12*q11*q7*q6^2*q1-3*q12^2*q6^3*q1-8*q12*q11*q7^2*q5*q1+12*q12^2*q7*q6*q5*q1
J[125]=q10^2*q9*q7*q6*q1-3*q11*q9^2*q7*q6*q1-q10^3*q6^2*q1+4*q11*q10*q9*q6^2*q1-9*q12*q9^2*q6^2*q1+4*q10^3*q7*q5*q1+q11^2*q10*q5^2*q1-4*q12*q10^2*q5^2*q1
J[126]=q11*q10*q9*q7*q6*q1-9*q12*q9^2*q7*q6*q1-q11*q10^2*q6^2*q1+4*q11^2*q9*q6^2*q1-3*q12*q10*q9*q6^2*q1+4*q11*q10^2*q7*q5*q1+q11^3*q5^2*q1-4*q12*q11*q10*q5^2*q1
J[127]=q11^2*q9*q7*q6*q1-3*q12*q10*q9*q7*q6*q1-q12*q10^2*q6^2*q1+3*q12*q11*q9*q6^2*q1+4*q12*q10^2*q7*q5*q1+q12*q11^2*q5^2*q1-4*q12^2*q10*q5^2*q1
J[128]=q11^2*q10*q7*q6*q1-4*q12*q10^2*q7*q6*q1+3*q12*q11*q9*q7*q6*q1-q12*q11*q10*q6^2*q1+9*q12^2*q9*q6^2*q1+4*q12*q11*q10*q7*q5*q1
J[129]=q11^3*q7*q6*q1-4*q12*q11*q10*q7*q6*q1+9*q12^2*q9*q7*q6*q1-q12*q11^2*q6^2*q1+3*q12^2*q10*q6^2*q1+q12*q11^2*q7*q5*q1
J[130]=q11^2*q10^2*q6*q1-4*q12*q10^3*q6*q1-4*q11^3*q9*q6*q1+18*q12*q11*q10*q9*q6*q1-27*q12^2*q9^2*q6*q1-q11^3*q10*q5*q1+4*q12*q11*q10^2*q5*q1
J[131]=q11^2*q9*q7^2*q1-4*q12*q10*q9*q7^2*q1+2*q12*q11*q9*q7*q6*q1-3*q12^2*q9*q6^2*q1
J[132]=q11^2*q10*q7^2*q1-4*q12*q10^2*q7^2*q1+2*q12*q11*q9*q7^2*q1+6*q12^2*q9*q7*q6*q1-q12^2*q10*q6^2*q1+4*q12^2*q10*q7*q5*q1
J[133]=3*q11^3*q7^2*q1-12*q12*q11*q10*q7^2*q1+24*q12^2*q9*q7^2*q1-2*q12*q11^2*q7*q6*q1+8*q12^2*q10*q7*q6*q1-q12^2*q11*q6^2*q1+4*q12^2*q11*q7*q5*q1
J[134]=q10^2*q9^2*q7*q1-3*q11*q9^3*q7*q1-q10^3*q9*q6*q1+4*q11*q10*q9^2*q6*q1-9*q12*q9^3*q6*q1
J[135]=q11*q10*q9^2*q7*q1-9*q12*q9^3*q7*q1-q11*q10^2*q9*q6*q1+4*q11^2*q9^2*q6*q1-3*q12*q10*q9^2*q6*q1
J[136]=q11^2*q9^2*q7*q1-3*q12*q10*q9^2*q7*q1-q12*q10^2*q9*q6*q1+3*q12*q11*q9^2*q6*q1
J[137]=q11^2*q10*q9*q7*q1-4*q12*q10^2*q9*q7*q1+3*q12*q11*q9^2*q7*q1-q12*q11*q10*q9*q6*q1+9*q12^2*q9^2*q6*q1
J[138]=q11^3*q9*q7*q1-4*q12*q11*q10*q9*q7*q1+9*q12^2*q9^2*q7*q1-q12*q11^2*q9*q6*q1+3*q12^2*q10*q9*q6*q1
J[139]=q11^2*q10^2*q7*q1-4*q12*q10^3*q7*q1+2*q12*q11*q10*q9*q7*q1+9*q12^2*q9^2*q7*q1-4*q12*q11^2*q9*q6*q1+12*q12^2*q10*q9*q6*q1-q12*q11^2*q10*q5*q1+4*q12^2*q10^2*q5*q1
J[140]=q11^3*q10*q7*q1-4*q12*q11*q10^2*q7*q1-q12*q11^2*q9*q7*q1+12*q12^2*q10*q9*q7*q1-q12*q11^2*q10*q6*q1+4*q12^2*q10^2*q6*q1-3*q12^2*q11*q9*q6*q1
J[141]=q11^4*q7*q1-5*q12*q11^2*q10*q7*q1+4*q12^2*q10^2*q7*q1+6*q12^2*q11*q9*q7*q1-q12*q11^3*q6*q1+4*q12^2*q11*q10*q6*q1-9*q12^3*q9*q6*q1+q12^2*q11^2*q5*q1-4*q12^3*q10*q5*q1
J[142]=q12*q6^2*q5^2*q2-4*q12*q7*q5^3*q2-q12*q6^3*q5*q1+4*q12*q7*q6*q5^2*q1
R3-COVER-GEN 1 IN-RADICAL
R3-COVER-GEN 2 IN-RADICAL
R3-COVER-GEN 3 IN-RADICAL
R3-COVER-GEN 4 IN-RADICAL
R3-COVER-GEN 5 IN-RADICAL
R3-COVER-GEN 6 IN-RADICAL
R3-COVER-GEN 7 IN-RADICAL
R3-COVER-GEN 8 IN-RADICAL
R3-COVER-GEN 9 IN-RADICAL
R3-COVER-GEN 10 IN-RADICAL
R3-COVER-GEN 11 IN-RADICAL
R3-COVER-GEN 12 IN-RADICAL
R3-COVER-GEN 13 IN-RADICAL
R3-COVER-GEN 14 IN-RADICAL
R3-COVER-GEN 15 IN-RADICAL
R3-COVER-GEN 16 IN-RADICAL
R3-COVER-GEN 17 IN-RADICAL
R3-COVER-GEN 18 IN-RADICAL
R3-COVER-GEN 19 IN-RADICAL
R3-COVER-GEN 20 IN-RADICAL
R3-COVER-GEN 21 IN-RADICAL
R3-COVER-GEN 22 IN-RADICAL
R3-COVER-GEN 23 IN-RADICAL
R3-COVER-GEN 24 IN-RADICAL
R3-COVER-GEN 25 IN-RADICAL
R3-COVER-GEN 26 IN-RADICAL
R3-COVER-GEN 27 IN-RADICAL
R3-COVER-GEN 28 IN-RADICAL
R3-COVER-GEN 29 IN-RADICAL
R3-COVER-GEN 30 IN-RADICAL
R3-COVER-GEN 31 IN-RADICAL
R3-COVER-GEN 32 IN-RADICAL
R3-COVER-GEN 33 IN-RADICAL
R3-COVER-GEN 34 IN-RADICAL
R3-COVER-GEN 35 IN-RADICAL
R3-COVER-GEN 36 IN-RADICAL
R3-COVER-GEN 37 IN-RADICAL
R3-COVER-GEN 38 IN-RADICAL
R3-COVER-GEN 39 IN-RADICAL
R3-COVER-GEN 40 IN-RADICAL
R3-COVER-GEN 41 IN-RADICAL
R3-COVER-GEN 42 IN-RADICAL
R3-COVER-GEN 43 IN-RADICAL
R3-COVER-GEN 44 IN-RADICAL
R3-COVER-GEN 45 IN-RADICAL
R3-COVER-GEN 46 IN-RADICAL
R3-COVER-GEN 47 IN-RADICAL
R3-COVER-GEN 48 IN-RADICAL
R3-COVER-GEN 49 IN-RADICAL
R3-COVER-GEN 50 IN-RADICAL
R3-COVER-GEN 51 IN-RADICAL
R3-COVER-GEN 52 IN-RADICAL
R3-COVER-GEN 53 IN-RADICAL
R3-COVER-GEN 54 IN-RADICAL
R3-COVER-GEN 55 IN-RADICAL
R3-COVER-GEN 56 IN-RADICAL
R3-COVER-GEN 57 IN-RADICAL
R3-COVER-GEN 58 IN-RADICAL
R3-COVER-GEN 59 IN-RADICAL
R3-COVER-GEN 60 IN-RADICAL
R3-COVER-GEN 61 IN-RADICAL
R3-COVER-GEN 62 IN-RADICAL
R3-COVER-GEN 63 IN-RADICAL
R3-COVER-GEN 64 IN-RADICAL
R3-COVER-GEN 65 IN-RADICAL
R3-COVER-GEN 66 IN-RADICAL
R3-COVER-GEN 67 IN-RADICAL
R3-COVER-GEN 68 IN-RADICAL
R3-COVER-GEN 69 IN-RADICAL
R3-COVER-GEN 70 IN-RADICAL
R3-COVER-GEN 71 IN-RADICAL
R3-COVER-GEN 72 IN-RADICAL
R3-COVER-GEN 73 IN-RADICAL
R3-COVER-GEN 74 IN-RADICAL
R3-COVER-GEN 75 IN-RADICAL
R3-COVER-GEN 76 IN-RADICAL
R3-COVER-GEN 77 IN-RADICAL
R3-COVER-GEN 78 IN-RADICAL
R3-COVER-GEN 79 IN-RADICAL
R3-COVER-GEN 80 IN-RADICAL
R3-COVER-GEN 81 IN-RADICAL
R3-COVER-GEN 82 IN-RADICAL
R3-COVER-GEN 83 IN-RADICAL
R3-COVER-GEN 84 IN-RADICAL
R3-COVER-GEN 85 IN-RADICAL
R3-COVER-GEN 86 IN-RADICAL
R3-COVER-GEN 87 IN-RADICAL
R3-COVER-GEN 88 IN-RADICAL
R3-COVER-GEN 89 IN-RADICAL
R3-COVER-GEN 90 IN-RADICAL
R3-COVER-GEN 91 IN-RADICAL
R3-COVER-GEN 92 IN-RADICAL
R3-COVER-GEN 93 IN-RADICAL
R3-COVER-GEN 94 IN-RADICAL
R3-COVER-GEN 95 IN-RADICAL
R3-COVER-GEN 96 IN-RADICAL
R3-COVER-GEN 97 IN-RADICAL
R3-COVER-GEN 98 IN-RADICAL
R3-COVER-GEN 99 IN-RADICAL
R3-COVER-GEN 100 IN-RADICAL
R3-COVER-GEN 101 IN-RADICAL
R3-COVER-GEN 102 IN-RADICAL
R3-COVER-GEN 103 IN-RADICAL
R3-COVER-GEN 104 IN-RADICAL
R3-COVER-GEN 105 IN-RADICAL
R3-COVER-GEN 106 IN-RADICAL
R3-COVER-GEN 107 IN-RADICAL
R3-COVER-GEN 108 IN-RADICAL
R3-COVER-GEN 109 IN-RADICAL
R3-COVER-GEN 110 IN-RADICAL
R3-COVER-GEN 111 IN-RADICAL
R3-COVER-GEN 112 IN-RADICAL
R3-COVER-GEN 113 IN-RADICAL
R3-COVER-GEN 114 IN-RADICAL
R3-COVER-GEN 115 IN-RADICAL
R3-COVER-GEN 116 IN-RADICAL
R3-COVER-GEN 117 IN-RADICAL
R3-COVER-GEN 118 IN-RADICAL
R3-COVER-GEN 119 IN-RADICAL
R3-COVER-GEN 120 IN-RADICAL
R3-COVER-GEN 121 IN-RADICAL
R3-COVER-GEN 122 IN-RADICAL
R3-COVER-GEN 123 IN-RADICAL
R3-COVER-GEN 124 IN-RADICAL
R3-COVER-GEN 125 IN-RADICAL
R3-COVER-GEN 126 IN-RADICAL
R3-COVER-GEN 127 IN-RADICAL
R3-COVER-GEN 128 IN-RADICAL
R3-COVER-GEN 129 IN-RADICAL
R3-COVER-GEN 130 IN-RADICAL
R3-COVER-GEN 131 IN-RADICAL
R3-COVER-GEN 132 IN-RADICAL
R3-COVER-GEN 133 IN-RADICAL
R3-COVER-GEN 134 IN-RADICAL
R3-COVER-GEN 135 IN-RADICAL
R3-COVER-GEN 136 IN-RADICAL
R3-COVER-GEN 137 IN-RADICAL
R3-COVER-GEN 138 IN-RADICAL
R3-COVER-GEN 139 IN-RADICAL
R3-COVER-GEN 140 IN-RADICAL
R3-COVER-GEN 141 IN-RADICAL
R3-COVER-GEN 142 IN-RADICAL
R3-COVERING system 689: ALL generators of intersection in radical(KE) -- covering SOUND
R3-DONE system 689
