R3-NCOMP 1841
R3-COMP 1 DEAD
R3-COMP 2 LIVE ngens 21
R3-COMP 3 DEAD
R3-COMP 4 LIVE ngens 26
R3-COMP 5 DEAD
R3-COMP 6 LIVE ngens 20
R3-COMP 7 LIVE ngens 24
R3-COMP 8 DEAD
R3-COMP 9 LIVE ngens 26
R3-COMP 10 DEAD
R3-COMP 11 DEAD
R3-COMP 12 DEAD
R3-COMP 13 LIVE ngens 27
R3-COMP 14 LIVE ngens 26
R3-COMP 15 DEAD
R3-COMP 16 DEAD
R3-COMP 17 DEAD
R3-COMP 18 LIVE ngens 24
R3-COMP 19 DEAD
R3-COMP 20 DEAD
R3-COMP 21 DEAD
R3-COMP 22 LIVE ngens 23
R3-COMP 23 DEAD
R3-COMP 24 DEAD
R3-COMP 25 LIVE ngens 27
R3-COMP 26 LIVE ngens 17
R3-COMP 27 LIVE ngens 22
R3-COMP 28 DEAD
R3-COMP 29 DEAD
R3-COMP 30 DEAD
R3-COMP 31 LIVE ngens 17
R3-COMP 32 DEAD
R3-COMP 33 LIVE ngens 28
R3-COMP 34 LIVE ngens 25
R3-COMP 35 LIVE ngens 24
R3-COMP 36 LIVE ngens 23
R3-COMP 37 LIVE ngens 19
R3-COMP 38 DEAD
R3-COMP 39 LIVE ngens 19
R3-COMP 40 LIVE ngens 25
R3-COMP 41 LIVE ngens 16
R3-COMP 42 LIVE ngens 26
R3-COMP 43 DEAD
R3-COMP 44 DEAD
R3-COMP 45 DEAD
R3-COMP 46 DEAD
R3-COMP 47 DEAD
R3-COMP 48 DEAD
R3-COMP 49 DEAD
R3-COMP 50 LIVE ngens 20
R3-COMP 51 DEAD
R3-COMP 52 DEAD
R3-COMP 53 LIVE ngens 25
R3-COMP 54 LIVE ngens 21
R3-COMP 55 LIVE ngens 23
R3-COMP 56 DEAD
R3-COMP 57 LIVE ngens 23
R3-COMP 58 LIVE ngens 29
R3-COMP 59 LIVE ngens 31
R3-COMP 60 LIVE ngens 31
R3-COMP 61 DEAD
R3-COMP 62 DEAD
R3-COMP 63 LIVE ngens 27
R3-COMP 64 LIVE ngens 23
R3-COMP 65 LIVE ngens 29
R3-COMP 66 DEAD
R3-COMP 67 DEAD
R3-COMP 68 DEAD
R3-COMP 69 DEAD
R3-COMP 70 DEAD
R3-COMP 71 DEAD
R3-COMP 72 DEAD
R3-COMP 73 DEAD
R3-COMP 74 LIVE ngens 22
R3-COMP 75 DEAD
R3-COMP 76 DEAD
R3-COMP 77 DEAD
R3-COMP 78 DEAD
R3-COMP 79 DEAD
R3-COMP 80 DEAD
R3-COMP 81 LIVE ngens 20
R3-COMP 82 DEAD
R3-COMP 83 DEAD
R3-COMP 84 DEAD
R3-COMP 85 DEAD
R3-COMP 86 DEAD
R3-COMP 87 DEAD
R3-COMP 88 DEAD
R3-COMP 89 DEAD
R3-COMP 90 DEAD
R3-COMP 91 DEAD
R3-COMP 92 DEAD
R3-COMP 93 LIVE ngens 24
R3-COMP 94 LIVE ngens 24
R3-COMP 95 DEAD
R3-COMP 96 LIVE ngens 23
R3-COMP 97 DEAD
R3-COMP 98 LIVE ngens 20
R3-COMP 99 LIVE ngens 21
R3-COMP 100 LIVE ngens 22
R3-COMP 101 DEAD
R3-COMP 102 DEAD
R3-COMP 103 DEAD
R3-COMP 104 LIVE ngens 17
R3-COMP 105 LIVE ngens 17
R3-COMP 106 LIVE ngens 18
R3-COMP 107 LIVE ngens 19
R3-COMP 108 LIVE ngens 19
R3-COMP 109 LIVE ngens 34
R3-COMP 110 LIVE ngens 26
R3-COMP 111 DEAD
R3-COMP 112 DEAD
R3-COMP 113 LIVE ngens 24
R3-COMP 114 LIVE ngens 24
R3-COMP 115 DEAD
R3-COMP 116 DEAD
R3-COMP 117 LIVE ngens 24
R3-COMP 118 DEAD
R3-COMP 119 LIVE ngens 34
R3-COMP 120 LIVE ngens 17
R3-COMP 121 DEAD
R3-COMP 122 LIVE ngens 23
R3-COMP 123 LIVE ngens 30
R3-COMP 124 LIVE ngens 17
R3-COMP 125 LIVE ngens 25
R3-COMP 126 LIVE ngens 25
R3-COMP 127 LIVE ngens 20
R3-COMP 128 DEAD
R3-COMP 129 DEAD
R3-COMP 130 DEAD
R3-COMP 131 DEAD
R3-COMP 132 DEAD
R3-COMP 133 DEAD
R3-COMP 134 DEAD
R3-COMP 135 LIVE ngens 35
R3-COMP 136 DEAD
R3-COMP 137 DEAD
R3-COMP 138 DEAD
R3-COMP 139 DEAD
R3-COMP 140 DEAD
R3-COMP 141 DEAD
R3-COMP 142 DEAD
R3-COMP 143 DEAD
R3-COMP 144 DEAD
R3-COMP 145 DEAD
R3-COMP 146 LIVE ngens 22
R3-COMP 147 DEAD
R3-COMP 148 LIVE ngens 23
R3-COMP 149 LIVE ngens 17
R3-COMP 150 LIVE ngens 31
R3-COMP 151 LIVE ngens 22
R3-COMP 152 LIVE ngens 27
R3-COMP 153 LIVE ngens 18
R3-COMP 154 LIVE ngens 46
R3-COMP 155 LIVE ngens 36
R3-COMP 156 LIVE ngens 31
R3-COMP 157 DEAD
R3-COMP 158 DEAD
R3-COMP 159 DEAD
R3-COMP 160 DEAD
R3-COMP 161 DEAD
R3-COMP 162 DEAD
R3-COMP 163 DEAD
R3-COMP 164 LIVE ngens 15
R3-COMP 165 DEAD
R3-COMP 166 DEAD
R3-COMP 167 LIVE ngens 24
R3-COMP 168 DEAD
R3-COMP 169 LIVE ngens 20
R3-COMP 170 LIVE ngens 23
R3-COMP 171 DEAD
R3-COMP 172 DEAD
R3-COMP 173 DEAD
R3-COMP 174 DEAD
R3-COMP 175 DEAD
R3-COMP 176 LIVE ngens 24
R3-COMP 177 DEAD
R3-COMP 178 LIVE ngens 23
R3-COMP 179 DEAD
R3-COMP 180 LIVE ngens 21
R3-COMP 181 DEAD
R3-COMP 182 DEAD
R3-COMP 183 DEAD
R3-COMP 184 DEAD
R3-COMP 185 LIVE ngens 23
R3-COMP 186 DEAD
R3-COMP 187 DEAD
R3-COMP 188 DEAD
R3-COMP 189 LIVE ngens 23
R3-COMP 190 DEAD
R3-COMP 191 LIVE ngens 28
R3-COMP 192 DEAD
R3-COMP 193 DEAD
R3-COMP 194 DEAD
R3-COMP 195 DEAD
R3-COMP 196 LIVE ngens 20
R3-COMP 197 DEAD
R3-COMP 198 DEAD
R3-COMP 199 DEAD
R3-COMP 200 LIVE ngens 17
R3-COMP 201 LIVE ngens 20
R3-COMP 202 LIVE ngens 21
R3-COMP 203 DEAD
R3-COMP 204 DEAD
R3-COMP 205 DEAD
R3-COMP 206 DEAD
R3-COMP 207 DEAD
R3-COMP 208 LIVE ngens 21
R3-COMP 209 DEAD
R3-COMP 210 DEAD
R3-COMP 211 DEAD
R3-COMP 212 DEAD
R3-COMP 213 DEAD
R3-COMP 214 DEAD
R3-COMP 215 DEAD
R3-COMP 216 DEAD
R3-COMP 217 DEAD
R3-COMP 218 DEAD
R3-COMP 219 DEAD
R3-COMP 220 LIVE ngens 28
R3-COMP 221 DEAD
R3-COMP 222 DEAD
R3-COMP 223 DEAD
R3-COMP 224 DEAD
R3-COMP 225 DEAD
R3-COMP 226 DEAD
R3-COMP 227 DEAD
R3-COMP 228 LIVE ngens 21
R3-COMP 229 LIVE ngens 21
R3-COMP 230 DEAD
R3-COMP 231 DEAD
R3-COMP 232 LIVE ngens 22
R3-COMP 233 LIVE ngens 21
R3-COMP 234 LIVE ngens 23
R3-COMP 235 LIVE ngens 21
R3-COMP 236 LIVE ngens 26
R3-COMP 237 DEAD
R3-COMP 238 DEAD
R3-COMP 239 DEAD
R3-COMP 240 DEAD
R3-COMP 241 LIVE ngens 22
R3-COMP 242 DEAD
R3-COMP 243 DEAD
R3-COMP 244 DEAD
R3-COMP 245 DEAD
R3-COMP 246 DEAD
R3-COMP 247 DEAD
R3-COMP 248 DEAD
R3-COMP 249 DEAD
R3-COMP 250 DEAD
R3-COMP 251 LIVE ngens 20
R3-COMP 252 LIVE ngens 25
R3-COMP 253 DEAD
R3-COMP 254 DEAD
R3-COMP 255 DEAD
R3-COMP 256 DEAD
R3-COMP 257 DEAD
R3-COMP 258 LIVE ngens 26
R3-COMP 259 DEAD
R3-COMP 260 LIVE ngens 25
R3-COMP 261 DEAD
R3-COMP 262 LIVE ngens 26
R3-COMP 263 DEAD
R3-COMP 264 DEAD
R3-COMP 265 DEAD
R3-COMP 266 DEAD
R3-COMP 267 DEAD
R3-COMP 268 DEAD
R3-COMP 269 DEAD
R3-COMP 270 DEAD
R3-COMP 271 DEAD
R3-COMP 272 DEAD
R3-COMP 273 DEAD
R3-COMP 274 DEAD
R3-COMP 275 DEAD
R3-COMP 276 DEAD
R3-COMP 277 DEAD
R3-COMP 278 DEAD
R3-COMP 279 DEAD
R3-COMP 280 DEAD
R3-COMP 281 DEAD
R3-COMP 282 DEAD
R3-COMP 283 DEAD
R3-COMP 284 DEAD
R3-COMP 285 DEAD
R3-COMP 286 DEAD
R3-COMP 287 DEAD
R3-COMP 288 DEAD
R3-COMP 289 DEAD
R3-COMP 290 DEAD
R3-COMP 291 DEAD
R3-COMP 292 DEAD
R3-COMP 293 DEAD
R3-COMP 294 DEAD
R3-COMP 295 DEAD
R3-COMP 296 DEAD
R3-COMP 297 DEAD
R3-COMP 298 DEAD
R3-COMP 299 DEAD
R3-COMP 300 DEAD
R3-COMP 301 DEAD
R3-COMP 302 LIVE ngens 24
R3-COMP 303 DEAD
R3-COMP 304 DEAD
R3-COMP 305 DEAD
R3-COMP 306 LIVE ngens 19
R3-COMP 307 LIVE ngens 21
R3-COMP 308 DEAD
R3-COMP 309 DEAD
R3-COMP 310 DEAD
R3-COMP 311 DEAD
R3-COMP 312 DEAD
R3-COMP 313 LIVE ngens 25
R3-COMP 314 DEAD
R3-COMP 315 LIVE ngens 22
R3-COMP 316 LIVE ngens 27
R3-COMP 317 LIVE ngens 24
R3-COMP 318 LIVE ngens 27
R3-COMP 319 LIVE ngens 22
R3-COMP 320 LIVE ngens 26
R3-COMP 321 DEAD
R3-COMP 322 DEAD
R3-COMP 323 DEAD
R3-COMP 324 DEAD
R3-COMP 325 DEAD
R3-COMP 326 DEAD
R3-COMP 327 DEAD
R3-COMP 328 DEAD
R3-COMP 329 DEAD
R3-COMP 330 DEAD
R3-COMP 331 DEAD
R3-COMP 332 DEAD
R3-COMP 333 DEAD
R3-COMP 334 DEAD
R3-COMP 335 DEAD
R3-COMP 336 LIVE ngens 19
R3-COMP 337 DEAD
R3-COMP 338 LIVE ngens 24
R3-COMP 339 LIVE ngens 27
R3-COMP 340 LIVE ngens 28
R3-COMP 341 DEAD
R3-COMP 342 LIVE ngens 23
R3-COMP 343 LIVE ngens 26
R3-COMP 344 LIVE ngens 31
R3-COMP 345 LIVE ngens 27
R3-COMP 346 DEAD
R3-COMP 347 LIVE ngens 30
R3-COMP 348 LIVE ngens 22
R3-COMP 349 LIVE ngens 20
R3-COMP 350 DEAD
R3-COMP 351 LIVE ngens 19
R3-COMP 352 DEAD
R3-COMP 353 LIVE ngens 25
R3-COMP 354 DEAD
R3-COMP 355 DEAD
R3-COMP 356 LIVE ngens 21
R3-COMP 357 DEAD
R3-COMP 358 DEAD
R3-COMP 359 LIVE ngens 19
R3-COMP 360 DEAD
R3-COMP 361 DEAD
R3-COMP 362 DEAD
R3-COMP 363 DEAD
R3-COMP 364 DEAD
R3-COMP 365 LIVE ngens 19
R3-COMP 366 LIVE ngens 21
R3-COMP 367 LIVE ngens 23
R3-COMP 368 LIVE ngens 20
R3-COMP 369 DEAD
R3-COMP 370 DEAD
R3-COMP 371 DEAD
R3-COMP 372 DEAD
R3-COMP 373 DEAD
R3-COMP 374 DEAD
R3-COMP 375 DEAD
R3-COMP 376 DEAD
R3-COMP 377 DEAD
R3-COMP 378 DEAD
R3-COMP 379 DEAD
R3-COMP 380 DEAD
R3-COMP 381 LIVE ngens 37
R3-COMP 382 LIVE ngens 33
R3-COMP 383 LIVE ngens 20
R3-COMP 384 LIVE ngens 18
R3-COMP 385 LIVE ngens 20
R3-COMP 386 DEAD
R3-COMP 387 DEAD
R3-COMP 388 DEAD
R3-COMP 389 DEAD
R3-COMP 390 DEAD
R3-COMP 391 DEAD
R3-COMP 392 DEAD
R3-COMP 393 DEAD
R3-COMP 394 DEAD
R3-COMP 395 DEAD
R3-COMP 396 DEAD
R3-COMP 397 DEAD
R3-COMP 398 LIVE ngens 24
R3-COMP 399 LIVE ngens 26
R3-COMP 400 LIVE ngens 19
R3-COMP 401 LIVE ngens 16
R3-COMP 402 DEAD
R3-COMP 403 DEAD
R3-COMP 404 DEAD
R3-COMP 405 LIVE ngens 27
R3-COMP 406 DEAD
R3-COMP 407 DEAD
R3-COMP 408 DEAD
R3-COMP 409 DEAD
R3-COMP 410 DEAD
R3-COMP 411 DEAD
R3-COMP 412 DEAD
R3-COMP 413 DEAD
R3-COMP 414 DEAD
R3-COMP 415 DEAD
R3-COMP 416 DEAD
R3-COMP 417 DEAD
R3-COMP 418 DEAD
R3-COMP 419 DEAD
R3-COMP 420 LIVE ngens 22
R3-COMP 421 LIVE ngens 20
R3-COMP 422 DEAD
R3-COMP 423 DEAD
R3-COMP 424 DEAD
R3-COMP 425 DEAD
R3-COMP 426 DEAD
R3-COMP 427 DEAD
R3-COMP 428 DEAD
R3-COMP 429 DEAD
R3-COMP 430 DEAD
R3-COMP 431 DEAD
R3-COMP 432 DEAD
R3-COMP 433 DEAD
R3-COMP 434 DEAD
R3-COMP 435 LIVE ngens 23
R3-COMP 436 DEAD
R3-COMP 437 DEAD
R3-COMP 438 DEAD
R3-COMP 439 DEAD
R3-COMP 440 LIVE ngens 22
R3-COMP 441 DEAD
R3-COMP 442 LIVE ngens 23
R3-COMP 443 LIVE ngens 21
R3-COMP 444 LIVE ngens 21
R3-COMP 445 DEAD
R3-COMP 446 DEAD
R3-COMP 447 DEAD
R3-COMP 448 DEAD
R3-COMP 449 DEAD
R3-COMP 450 DEAD
R3-COMP 451 LIVE ngens 22
R3-COMP 452 LIVE ngens 26
R3-COMP 453 LIVE ngens 23
R3-COMP 454 LIVE ngens 24
R3-COMP 455 DEAD
R3-COMP 456 DEAD
R3-COMP 457 LIVE ngens 22
R3-COMP 458 DEAD
R3-COMP 459 DEAD
R3-COMP 460 LIVE ngens 22
R3-COMP 461 LIVE ngens 23
R3-COMP 462 LIVE ngens 19
R3-COMP 463 DEAD
R3-COMP 464 DEAD
R3-COMP 465 DEAD
R3-COMP 466 DEAD
R3-COMP 467 DEAD
R3-COMP 468 DEAD
R3-COMP 469 DEAD
R3-COMP 470 DEAD
R3-COMP 471 DEAD
R3-COMP 472 DEAD
R3-COMP 473 DEAD
R3-COMP 474 DEAD
R3-COMP 475 DEAD
R3-COMP 476 DEAD
R3-COMP 477 DEAD
R3-COMP 478 DEAD
R3-COMP 479 DEAD
R3-COMP 480 LIVE ngens 22
R3-COMP 481 DEAD
R3-COMP 482 DEAD
R3-COMP 483 DEAD
R3-COMP 484 DEAD
R3-COMP 485 DEAD
R3-COMP 486 DEAD
R3-COMP 487 DEAD
R3-COMP 488 DEAD
R3-COMP 489 LIVE ngens 22
R3-COMP 490 LIVE ngens 19
R3-COMP 491 DEAD
R3-COMP 492 DEAD
R3-COMP 493 DEAD
R3-COMP 494 DEAD
R3-COMP 495 DEAD
R3-COMP 496 DEAD
R3-COMP 497 LIVE ngens 18
R3-COMP 498 LIVE ngens 21
R3-COMP 499 DEAD
R3-COMP 500 LIVE ngens 26
R3-COMP 501 LIVE ngens 14
R3-COMP 502 LIVE ngens 22
R3-COMP 503 LIVE ngens 20
R3-COMP 504 LIVE ngens 23
R3-COMP 505 DEAD
R3-COMP 506 DEAD
R3-COMP 507 LIVE ngens 17
R3-COMP 508 LIVE ngens 22
R3-COMP 509 DEAD
R3-COMP 510 DEAD
R3-COMP 511 DEAD
R3-COMP 512 DEAD
R3-COMP 513 DEAD
R3-COMP 514 DEAD
R3-COMP 515 DEAD
R3-COMP 516 DEAD
R3-COMP 517 DEAD
R3-COMP 518 DEAD
R3-COMP 519 DEAD
R3-COMP 520 DEAD
R3-COMP 521 DEAD
R3-COMP 522 DEAD
R3-COMP 523 DEAD
R3-COMP 524 DEAD
R3-COMP 525 DEAD
R3-COMP 526 DEAD
R3-COMP 527 DEAD
R3-COMP 528 DEAD
R3-COMP 529 DEAD
R3-COMP 530 DEAD
R3-COMP 531 DEAD
R3-COMP 532 DEAD
R3-COMP 533 DEAD
R3-COMP 534 DEAD
R3-COMP 535 DEAD
R3-COMP 536 DEAD
R3-COMP 537 LIVE ngens 20
R3-COMP 538 DEAD
R3-COMP 539 LIVE ngens 20
R3-COMP 540 LIVE ngens 18
R3-COMP 541 LIVE ngens 29
R3-COMP 542 LIVE ngens 29
R3-COMP 543 DEAD
R3-COMP 544 DEAD
R3-COMP 545 DEAD
R3-COMP 546 LIVE ngens 23
R3-COMP 547 DEAD
R3-COMP 548 DEAD
R3-COMP 549 LIVE ngens 19
R3-COMP 550 LIVE ngens 23
R3-COMP 551 LIVE ngens 18
R3-COMP 552 DEAD
R3-COMP 553 LIVE ngens 20
R3-COMP 554 LIVE ngens 15
R3-COMP 555 DEAD
R3-COMP 556 DEAD
R3-COMP 557 DEAD
R3-COMP 558 DEAD
R3-COMP 559 LIVE ngens 19
R3-COMP 560 LIVE ngens 25
R3-COMP 561 LIVE ngens 25
R3-COMP 562 LIVE ngens 27
R3-COMP 563 LIVE ngens 33
R3-COMP 564 LIVE ngens 17
R3-COMP 565 LIVE ngens 14
R3-COMP 566 LIVE ngens 15
R3-COMP 567 LIVE ngens 16
R3-COMP 568 LIVE ngens 40
R3-COMP 569 DEAD
R3-COMP 570 LIVE ngens 18
R3-COMP 571 DEAD
R3-COMP 572 LIVE ngens 20
R3-COMP 573 DEAD
R3-COMP 574 DEAD
R3-COMP 575 DEAD
R3-COMP 576 DEAD
R3-COMP 577 DEAD
R3-COMP 578 DEAD
R3-COMP 579 LIVE ngens 18
R3-COMP 580 LIVE ngens 20
R3-COMP 581 LIVE ngens 21
R3-COMP 582 DEAD
R3-COMP 583 DEAD
R3-COMP 584 DEAD
R3-COMP 585 DEAD
R3-COMP 586 DEAD
R3-COMP 587 DEAD
R3-COMP 588 DEAD
R3-COMP 589 DEAD
R3-COMP 590 DEAD
R3-COMP 591 DEAD
R3-COMP 592 DEAD
R3-COMP 593 DEAD
R3-COMP 594 DEAD
R3-COMP 595 LIVE ngens 22
R3-COMP 596 LIVE ngens 27
R3-COMP 597 LIVE ngens 22
R3-COMP 598 DEAD
R3-COMP 599 DEAD
R3-COMP 600 DEAD
R3-COMP 601 DEAD
R3-COMP 602 DEAD
R3-COMP 603 DEAD
R3-COMP 604 LIVE ngens 20
R3-COMP 605 LIVE ngens 20
R3-COMP 606 LIVE ngens 21
R3-COMP 607 LIVE ngens 19
R3-COMP 608 DEAD
R3-COMP 609 DEAD
R3-COMP 610 DEAD
R3-COMP 611 DEAD
R3-COMP 612 DEAD
R3-COMP 613 LIVE ngens 18
R3-COMP 614 DEAD
R3-COMP 615 DEAD
R3-COMP 616 DEAD
R3-COMP 617 DEAD
R3-COMP 618 LIVE ngens 19
R3-COMP 619 DEAD
R3-COMP 620 DEAD
R3-COMP 621 DEAD
R3-COMP 622 DEAD
R3-COMP 623 DEAD
R3-COMP 624 DEAD
R3-COMP 625 DEAD
R3-COMP 626 LIVE ngens 19
R3-COMP 627 DEAD
R3-COMP 628 LIVE ngens 20
R3-COMP 629 DEAD
R3-COMP 630 DEAD
R3-COMP 631 DEAD
R3-COMP 632 DEAD
R3-COMP 633 DEAD
R3-COMP 634 DEAD
R3-COMP 635 LIVE ngens 20
R3-COMP 636 LIVE ngens 22
R3-COMP 637 DEAD
R3-COMP 638 LIVE ngens 19
R3-COMP 639 DEAD
R3-COMP 640 DEAD
R3-COMP 641 LIVE ngens 16
R3-COMP 642 LIVE ngens 18
R3-COMP 643 DEAD
R3-COMP 644 DEAD
R3-COMP 645 DEAD
R3-COMP 646 DEAD
R3-COMP 647 DEAD
R3-COMP 648 DEAD
R3-COMP 649 DEAD
R3-COMP 650 DEAD
R3-COMP 651 DEAD
R3-COMP 652 LIVE ngens 18
R3-COMP 653 DEAD
R3-COMP 654 DEAD
R3-COMP 655 DEAD
R3-COMP 656 DEAD
R3-COMP 657 DEAD
R3-COMP 658 DEAD
R3-COMP 659 DEAD
R3-COMP 660 DEAD
R3-COMP 661 DEAD
R3-COMP 662 DEAD
R3-COMP 663 DEAD
R3-COMP 664 DEAD
R3-COMP 665 LIVE ngens 19
R3-COMP 666 DEAD
R3-COMP 667 DEAD
R3-COMP 668 DEAD
R3-COMP 669 DEAD
R3-COMP 670 DEAD
R3-COMP 671 DEAD
R3-COMP 672 DEAD
R3-COMP 673 DEAD
R3-COMP 674 LIVE ngens 17
R3-COMP 675 DEAD
R3-COMP 676 DEAD
R3-COMP 677 DEAD
R3-COMP 678 DEAD
R3-COMP 679 DEAD
R3-COMP 680 DEAD
R3-COMP 681 DEAD
R3-COMP 682 LIVE ngens 18
R3-COMP 683 LIVE ngens 16
R3-COMP 684 LIVE ngens 16
R3-COMP 685 LIVE ngens 21
R3-COMP 686 DEAD
R3-COMP 687 DEAD
R3-COMP 688 DEAD
R3-COMP 689 DEAD
R3-COMP 690 DEAD
R3-COMP 691 DEAD
R3-COMP 692 DEAD
R3-COMP 693 LIVE ngens 22
R3-COMP 694 DEAD
R3-COMP 695 DEAD
R3-COMP 696 DEAD
R3-COMP 697 DEAD
R3-COMP 698 LIVE ngens 19
R3-COMP 699 DEAD
R3-COMP 700 DEAD
R3-COMP 701 DEAD
R3-COMP 702 LIVE ngens 17
R3-COMP 703 DEAD
R3-COMP 704 LIVE ngens 17
R3-COMP 705 DEAD
R3-COMP 706 DEAD
R3-COMP 707 DEAD
R3-COMP 708 DEAD
R3-COMP 709 DEAD
R3-COMP 710 DEAD
R3-COMP 711 DEAD
R3-COMP 712 DEAD
R3-COMP 713 DEAD
R3-COMP 714 DEAD
R3-COMP 715 DEAD
R3-COMP 716 LIVE ngens 19
R3-COMP 717 LIVE ngens 21
R3-COMP 718 DEAD
R3-COMP 719 DEAD
R3-COMP 720 LIVE ngens 21
R3-COMP 721 LIVE ngens 19
R3-COMP 722 DEAD
R3-COMP 723 LIVE ngens 26
R3-COMP 724 DEAD
R3-COMP 725 DEAD
R3-COMP 726 LIVE ngens 20
R3-COMP 727 DEAD
R3-COMP 728 DEAD
R3-COMP 729 DEAD
R3-COMP 730 DEAD
R3-COMP 731 DEAD
R3-COMP 732 DEAD
R3-COMP 733 DEAD
R3-COMP 734 LIVE ngens 16
R3-COMP 735 DEAD
R3-COMP 736 DEAD
R3-COMP 737 DEAD
R3-COMP 738 LIVE ngens 21
R3-COMP 739 DEAD
R3-COMP 740 DEAD
R3-COMP 741 DEAD
R3-COMP 742 DEAD
R3-COMP 743 DEAD
R3-COMP 744 DEAD
R3-COMP 745 DEAD
R3-COMP 746 DEAD
R3-COMP 747 DEAD
R3-COMP 748 DEAD
R3-COMP 749 DEAD
R3-COMP 750 DEAD
R3-COMP 751 DEAD
R3-COMP 752 DEAD
R3-COMP 753 DEAD
R3-COMP 754 DEAD
R3-COMP 755 DEAD
R3-COMP 756 DEAD
R3-COMP 757 LIVE ngens 17
R3-COMP 758 DEAD
R3-COMP 759 DEAD
R3-COMP 760 DEAD
R3-COMP 761 DEAD
R3-COMP 762 DEAD
R3-COMP 763 LIVE ngens 23
R3-COMP 764 DEAD
R3-COMP 765 DEAD
R3-COMP 766 DEAD
R3-COMP 767 LIVE ngens 20
R3-COMP 768 LIVE ngens 22
R3-COMP 769 LIVE ngens 21
R3-COMP 770 LIVE ngens 21
R3-COMP 771 DEAD
R3-COMP 772 DEAD
R3-COMP 773 LIVE ngens 22
R3-COMP 774 LIVE ngens 18
R3-COMP 775 LIVE ngens 25
R3-COMP 776 LIVE ngens 21
R3-COMP 777 LIVE ngens 25
R3-COMP 778 LIVE ngens 27
R3-COMP 779 LIVE ngens 22
R3-COMP 780 DEAD
R3-COMP 781 DEAD
R3-COMP 782 LIVE ngens 22
R3-COMP 783 LIVE ngens 21
R3-COMP 784 LIVE ngens 23
R3-COMP 785 LIVE ngens 21
R3-COMP 786 LIVE ngens 21
R3-COMP 787 LIVE ngens 20
R3-COMP 788 LIVE ngens 22
R3-COMP 789 LIVE ngens 21
R3-COMP 790 DEAD
R3-COMP 791 DEAD
R3-COMP 792 LIVE ngens 20
R3-COMP 793 DEAD
R3-COMP 794 LIVE ngens 23
R3-COMP 795 LIVE ngens 20
R3-COMP 796 DEAD
R3-COMP 797 DEAD
R3-COMP 798 DEAD
R3-COMP 799 DEAD
R3-COMP 800 DEAD
R3-COMP 801 DEAD
R3-COMP 802 DEAD
R3-COMP 803 LIVE ngens 16
R3-COMP 804 LIVE ngens 21
R3-COMP 805 DEAD
R3-COMP 806 DEAD
R3-COMP 807 DEAD
R3-COMP 808 DEAD
R3-COMP 809 DEAD
R3-COMP 810 DEAD
R3-COMP 811 DEAD
R3-COMP 812 DEAD
R3-COMP 813 DEAD
R3-COMP 814 DEAD
R3-COMP 815 DEAD
R3-COMP 816 DEAD
R3-COMP 817 DEAD
R3-COMP 818 LIVE ngens 21
R3-COMP 819 LIVE ngens 19
R3-COMP 820 LIVE ngens 25
R3-COMP 821 DEAD
R3-COMP 822 DEAD
R3-COMP 823 DEAD
R3-COMP 824 DEAD
R3-COMP 825 LIVE ngens 22
R3-COMP 826 LIVE ngens 23
R3-COMP 827 LIVE ngens 26
R3-COMP 828 LIVE ngens 25
R3-COMP 829 LIVE ngens 22
R3-COMP 830 LIVE ngens 24
R3-COMP 831 LIVE ngens 23
R3-COMP 832 LIVE ngens 21
R3-COMP 833 LIVE ngens 29
R3-COMP 834 LIVE ngens 26
R3-COMP 835 LIVE ngens 25
R3-COMP 836 DEAD
R3-COMP 837 DEAD
R3-COMP 838 DEAD
R3-COMP 839 LIVE ngens 26
R3-COMP 840 LIVE ngens 29
R3-COMP 841 DEAD
R3-COMP 842 LIVE ngens 24
R3-COMP 843 LIVE ngens 20
R3-COMP 844 DEAD
R3-COMP 845 DEAD
R3-COMP 846 DEAD
R3-COMP 847 DEAD
R3-COMP 848 DEAD
R3-COMP 849 DEAD
R3-COMP 850 DEAD
R3-COMP 851 DEAD
R3-COMP 852 DEAD
R3-COMP 853 DEAD
R3-COMP 854 DEAD
R3-COMP 855 DEAD
R3-COMP 856 LIVE ngens 17
R3-COMP 857 LIVE ngens 19
R3-COMP 858 LIVE ngens 18
R3-COMP 859 LIVE ngens 20
R3-COMP 860 DEAD
R3-COMP 861 DEAD
R3-COMP 862 DEAD
R3-COMP 863 DEAD
R3-COMP 864 DEAD
R3-COMP 865 DEAD
R3-COMP 866 DEAD
R3-COMP 867 LIVE ngens 23
R3-COMP 868 DEAD
R3-COMP 869 DEAD
R3-COMP 870 LIVE ngens 27
R3-COMP 871 DEAD
R3-COMP 872 DEAD
R3-COMP 873 DEAD
R3-COMP 874 DEAD
R3-COMP 875 LIVE ngens 21
R3-COMP 876 DEAD
R3-COMP 877 DEAD
R3-COMP 878 DEAD
R3-COMP 879 DEAD
R3-COMP 880 DEAD
R3-COMP 881 DEAD
R3-COMP 882 DEAD
R3-COMP 883 DEAD
R3-COMP 884 DEAD
R3-COMP 885 DEAD
R3-COMP 886 DEAD
R3-COMP 887 DEAD
R3-COMP 888 DEAD
R3-COMP 889 DEAD
R3-COMP 890 DEAD
R3-COMP 891 DEAD
R3-COMP 892 DEAD
R3-COMP 893 DEAD
R3-COMP 894 LIVE ngens 19
R3-COMP 895 DEAD
R3-COMP 896 DEAD
R3-COMP 897 DEAD
R3-COMP 898 DEAD
R3-COMP 899 LIVE ngens 18
R3-COMP 900 LIVE ngens 23
R3-COMP 901 DEAD
R3-COMP 902 LIVE ngens 19
R3-COMP 903 DEAD
R3-COMP 904 DEAD
R3-COMP 905 DEAD
R3-COMP 906 DEAD
R3-COMP 907 DEAD
R3-COMP 908 LIVE ngens 20
R3-COMP 909 DEAD
R3-COMP 910 DEAD
R3-COMP 911 LIVE ngens 22
R3-COMP 912 LIVE ngens 20
R3-COMP 913 DEAD
R3-COMP 914 DEAD
R3-COMP 915 DEAD
R3-COMP 916 LIVE ngens 21
R3-COMP 917 LIVE ngens 19
R3-COMP 918 LIVE ngens 19
R3-COMP 919 DEAD
R3-COMP 920 DEAD
R3-COMP 921 DEAD
R3-COMP 922 LIVE ngens 25
R3-COMP 923 LIVE ngens 20
R3-COMP 924 DEAD
R3-COMP 925 DEAD
R3-COMP 926 DEAD
R3-COMP 927 DEAD
R3-COMP 928 DEAD
R3-COMP 929 DEAD
R3-COMP 930 DEAD
R3-COMP 931 DEAD
R3-COMP 932 DEAD
R3-COMP 933 LIVE ngens 25
R3-COMP 934 LIVE ngens 29
R3-COMP 935 DEAD
R3-COMP 936 DEAD
R3-COMP 937 DEAD
R3-COMP 938 LIVE ngens 24
R3-COMP 939 DEAD
R3-COMP 940 DEAD
R3-COMP 941 DEAD
R3-COMP 942 DEAD
R3-COMP 943 DEAD
R3-COMP 944 DEAD
R3-COMP 945 DEAD
R3-COMP 946 LIVE ngens 22
R3-COMP 947 LIVE ngens 18
R3-COMP 948 DEAD
R3-COMP 949 DEAD
R3-COMP 950 DEAD
R3-COMP 951 DEAD
R3-COMP 952 DEAD
R3-COMP 953 LIVE ngens 21
R3-COMP 954 DEAD
R3-COMP 955 DEAD
R3-COMP 956 DEAD
R3-COMP 957 LIVE ngens 23
R3-COMP 958 LIVE ngens 26
R3-COMP 959 LIVE ngens 23
R3-COMP 960 DEAD
R3-COMP 961 LIVE ngens 23
R3-COMP 962 LIVE ngens 23
R3-COMP 963 DEAD
R3-COMP 964 LIVE ngens 17
R3-COMP 965 DEAD
R3-COMP 966 DEAD
R3-COMP 967 LIVE ngens 22
R3-COMP 968 DEAD
R3-COMP 969 DEAD
R3-COMP 970 DEAD
R3-COMP 971 DEAD
R3-COMP 972 LIVE ngens 24
R3-COMP 973 LIVE ngens 22
R3-COMP 974 DEAD
R3-COMP 975 LIVE ngens 19
R3-COMP 976 DEAD
R3-COMP 977 LIVE ngens 20
R3-COMP 978 DEAD
R3-COMP 979 DEAD
R3-COMP 980 LIVE ngens 23
R3-COMP 981 LIVE ngens 20
R3-COMP 982 DEAD
R3-COMP 983 LIVE ngens 21
R3-COMP 984 LIVE ngens 26
R3-COMP 985 LIVE ngens 25
R3-COMP 986 DEAD
R3-COMP 987 DEAD
R3-COMP 988 DEAD
R3-COMP 989 DEAD
R3-COMP 990 DEAD
R3-COMP 991 DEAD
R3-COMP 992 DEAD
R3-COMP 993 DEAD
R3-COMP 994 DEAD
R3-COMP 995 DEAD
R3-COMP 996 DEAD
R3-COMP 997 DEAD
R3-COMP 998 DEAD
R3-COMP 999 DEAD
R3-COMP 1000 DEAD
R3-COMP 1001 DEAD
R3-COMP 1002 DEAD
R3-COMP 1003 DEAD
R3-COMP 1004 DEAD
R3-COMP 1005 LIVE ngens 20
R3-COMP 1006 DEAD
R3-COMP 1007 DEAD
R3-COMP 1008 DEAD
R3-COMP 1009 LIVE ngens 22
R3-COMP 1010 LIVE ngens 20
R3-COMP 1011 DEAD
R3-COMP 1012 DEAD
R3-COMP 1013 DEAD
R3-COMP 1014 DEAD
R3-COMP 1015 DEAD
R3-COMP 1016 DEAD
R3-COMP 1017 DEAD
R3-COMP 1018 DEAD
R3-COMP 1019 DEAD
R3-COMP 1020 DEAD
R3-COMP 1021 DEAD
R3-COMP 1022 DEAD
R3-COMP 1023 DEAD
R3-COMP 1024 DEAD
R3-COMP 1025 DEAD
R3-COMP 1026 DEAD
R3-COMP 1027 DEAD
R3-COMP 1028 DEAD
R3-COMP 1029 DEAD
R3-COMP 1030 DEAD
R3-COMP 1031 DEAD
R3-COMP 1032 LIVE ngens 16
R3-COMP 1033 DEAD
R3-COMP 1034 DEAD
R3-COMP 1035 DEAD
R3-COMP 1036 DEAD
R3-COMP 1037 LIVE ngens 24
R3-COMP 1038 DEAD
R3-COMP 1039 DEAD
R3-COMP 1040 DEAD
R3-COMP 1041 DEAD
R3-COMP 1042 DEAD
R3-COMP 1043 DEAD
R3-COMP 1044 DEAD
R3-COMP 1045 DEAD
R3-COMP 1046 DEAD
R3-COMP 1047 DEAD
R3-COMP 1048 DEAD
R3-COMP 1049 DEAD
R3-COMP 1050 DEAD
R3-COMP 1051 DEAD
R3-COMP 1052 DEAD
R3-COMP 1053 DEAD
R3-COMP 1054 DEAD
R3-COMP 1055 DEAD
R3-COMP 1056 DEAD
R3-COMP 1057 DEAD
R3-COMP 1058 DEAD
R3-COMP 1059 DEAD
R3-COMP 1060 LIVE ngens 20
R3-COMP 1061 DEAD
R3-COMP 1062 DEAD
R3-COMP 1063 DEAD
R3-COMP 1064 DEAD
R3-COMP 1065 DEAD
R3-COMP 1066 DEAD
R3-COMP 1067 DEAD
R3-COMP 1068 DEAD
R3-COMP 1069 DEAD
R3-COMP 1070 DEAD
R3-COMP 1071 DEAD
R3-COMP 1072 DEAD
R3-COMP 1073 DEAD
R3-COMP 1074 LIVE ngens 21
R3-COMP 1075 LIVE ngens 24
R3-COMP 1076 DEAD
R3-COMP 1077 LIVE ngens 19
R3-COMP 1078 LIVE ngens 16
R3-COMP 1079 DEAD
R3-COMP 1080 DEAD
R3-COMP 1081 LIVE ngens 23
R3-COMP 1082 LIVE ngens 22
R3-COMP 1083 LIVE ngens 23
R3-COMP 1084 DEAD
R3-COMP 1085 DEAD
R3-COMP 1086 DEAD
R3-COMP 1087 DEAD
R3-COMP 1088 DEAD
R3-COMP 1089 DEAD
R3-COMP 1090 DEAD
R3-COMP 1091 DEAD
R3-COMP 1092 DEAD
R3-COMP 1093 DEAD
R3-COMP 1094 DEAD
R3-COMP 1095 DEAD
R3-COMP 1096 DEAD
R3-COMP 1097 DEAD
R3-COMP 1098 DEAD
R3-COMP 1099 DEAD
R3-COMP 1100 DEAD
R3-COMP 1101 DEAD
R3-COMP 1102 DEAD
R3-COMP 1103 DEAD
R3-COMP 1104 DEAD
R3-COMP 1105 DEAD
R3-COMP 1106 DEAD
R3-COMP 1107 DEAD
R3-COMP 1108 DEAD
R3-COMP 1109 LIVE ngens 29
R3-COMP 1110 LIVE ngens 27
R3-COMP 1111 DEAD
R3-COMP 1112 DEAD
R3-COMP 1113 DEAD
R3-COMP 1114 LIVE ngens 22
R3-COMP 1115 DEAD
R3-COMP 1116 DEAD
R3-COMP 1117 DEAD
R3-COMP 1118 LIVE ngens 24
R3-COMP 1119 LIVE ngens 24
R3-COMP 1120 DEAD
R3-COMP 1121 LIVE ngens 21
R3-COMP 1122 LIVE ngens 28
R3-COMP 1123 LIVE ngens 22
R3-COMP 1124 LIVE ngens 22
R3-COMP 1125 LIVE ngens 23
R3-COMP 1126 LIVE ngens 30
R3-COMP 1127 LIVE ngens 30
R3-COMP 1128 LIVE ngens 22
R3-COMP 1129 DEAD
R3-COMP 1130 DEAD
R3-COMP 1131 LIVE ngens 26
R3-COMP 1132 DEAD
R3-COMP 1133 LIVE ngens 27
R3-COMP 1134 LIVE ngens 26
R3-COMP 1135 DEAD
R3-COMP 1136 DEAD
R3-COMP 1137 LIVE ngens 23
R3-COMP 1138 LIVE ngens 28
R3-COMP 1139 DEAD
R3-COMP 1140 DEAD
R3-COMP 1141 DEAD
R3-COMP 1142 DEAD
R3-COMP 1143 DEAD
R3-COMP 1144 DEAD
R3-COMP 1145 DEAD
R3-COMP 1146 DEAD
R3-COMP 1147 DEAD
R3-COMP 1148 LIVE ngens 24
R3-COMP 1149 LIVE ngens 32
R3-COMP 1150 LIVE ngens 22
R3-COMP 1151 DEAD
R3-COMP 1152 DEAD
R3-COMP 1153 DEAD
R3-COMP 1154 DEAD
R3-COMP 1155 DEAD
R3-COMP 1156 DEAD
R3-COMP 1157 DEAD
R3-COMP 1158 DEAD
R3-COMP 1159 DEAD
R3-COMP 1160 DEAD
R3-COMP 1161 LIVE ngens 18
R3-COMP 1162 DEAD
R3-COMP 1163 DEAD
R3-COMP 1164 DEAD
R3-COMP 1165 LIVE ngens 19
R3-COMP 1166 DEAD
R3-COMP 1167 DEAD
R3-COMP 1168 DEAD
R3-COMP 1169 DEAD
R3-COMP 1170 DEAD
R3-COMP 1171 DEAD
R3-COMP 1172 DEAD
R3-COMP 1173 DEAD
R3-COMP 1174 DEAD
R3-COMP 1175 LIVE ngens 20
R3-COMP 1176 DEAD
R3-COMP 1177 DEAD
R3-COMP 1178 LIVE ngens 21
R3-COMP 1179 DEAD
R3-COMP 1180 DEAD
R3-COMP 1181 LIVE ngens 25
R3-COMP 1182 LIVE ngens 24
R3-COMP 1183 LIVE ngens 19
R3-COMP 1184 LIVE ngens 25
R3-COMP 1185 DEAD
R3-COMP 1186 DEAD
R3-COMP 1187 DEAD
R3-COMP 1188 LIVE ngens 23
R3-COMP 1189 LIVE ngens 23
R3-COMP 1190 DEAD
R3-COMP 1191 DEAD
R3-COMP 1192 LIVE ngens 20
R3-COMP 1193 DEAD
R3-COMP 1194 LIVE ngens 17
R3-COMP 1195 LIVE ngens 24
R3-COMP 1196 LIVE ngens 17
R3-COMP 1197 DEAD
R3-COMP 1198 DEAD
R3-COMP 1199 DEAD
R3-COMP 1200 LIVE ngens 23
R3-COMP 1201 DEAD
R3-COMP 1202 LIVE ngens 18
R3-COMP 1203 DEAD
R3-COMP 1204 DEAD
R3-COMP 1205 DEAD
R3-COMP 1206 DEAD
R3-COMP 1207 DEAD
R3-COMP 1208 DEAD
R3-COMP 1209 DEAD
R3-COMP 1210 DEAD
R3-COMP 1211 DEAD
R3-COMP 1212 DEAD
R3-COMP 1213 DEAD
R3-COMP 1214 LIVE ngens 18
R3-COMP 1215 LIVE ngens 20
R3-COMP 1216 DEAD
R3-COMP 1217 LIVE ngens 20
R3-COMP 1218 DEAD
R3-COMP 1219 DEAD
R3-COMP 1220 LIVE ngens 18
R3-COMP 1221 LIVE ngens 25
R3-COMP 1222 LIVE ngens 20
R3-COMP 1223 LIVE ngens 18
R3-COMP 1224 DEAD
R3-COMP 1225 DEAD
R3-COMP 1226 DEAD
R3-COMP 1227 DEAD
R3-COMP 1228 LIVE ngens 19
R3-COMP 1229 LIVE ngens 16
R3-COMP 1230 LIVE ngens 17
R3-COMP 1231 LIVE ngens 21
R3-COMP 1232 DEAD
R3-COMP 1233 DEAD
R3-COMP 1234 LIVE ngens 17
R3-COMP 1235 DEAD
R3-COMP 1236 LIVE ngens 16
R3-COMP 1237 LIVE ngens 22
R3-COMP 1238 LIVE ngens 23
R3-COMP 1239 LIVE ngens 26
R3-COMP 1240 LIVE ngens 19
R3-COMP 1241 LIVE ngens 18
R3-COMP 1242 LIVE ngens 37
R3-COMP 1243 DEAD
R3-COMP 1244 DEAD
R3-COMP 1245 DEAD
R3-COMP 1246 DEAD
R3-COMP 1247 DEAD
R3-COMP 1248 DEAD
R3-COMP 1249 LIVE ngens 24
R3-COMP 1250 DEAD
R3-COMP 1251 DEAD
R3-COMP 1252 DEAD
R3-COMP 1253 DEAD
R3-COMP 1254 DEAD
R3-COMP 1255 DEAD
R3-COMP 1256 DEAD
R3-COMP 1257 DEAD
R3-COMP 1258 LIVE ngens 18
R3-COMP 1259 DEAD
R3-COMP 1260 DEAD
R3-COMP 1261 DEAD
R3-COMP 1262 DEAD
R3-COMP 1263 DEAD
R3-COMP 1264 DEAD
R3-COMP 1265 DEAD
R3-COMP 1266 DEAD
R3-COMP 1267 DEAD
R3-COMP 1268 DEAD
R3-COMP 1269 DEAD
R3-COMP 1270 DEAD
R3-COMP 1271 DEAD
R3-COMP 1272 DEAD
R3-COMP 1273 DEAD
R3-COMP 1274 DEAD
R3-COMP 1275 DEAD
R3-COMP 1276 LIVE ngens 23
R3-COMP 1277 DEAD
R3-COMP 1278 LIVE ngens 24
R3-COMP 1279 DEAD
R3-COMP 1280 LIVE ngens 20
R3-COMP 1281 DEAD
R3-COMP 1282 DEAD
R3-COMP 1283 LIVE ngens 21
R3-COMP 1284 LIVE ngens 25
R3-COMP 1285 DEAD
R3-COMP 1286 LIVE ngens 24
R3-COMP 1287 DEAD
R3-COMP 1288 LIVE ngens 21
R3-COMP 1289 LIVE ngens 22
R3-COMP 1290 DEAD
R3-COMP 1291 DEAD
R3-COMP 1292 DEAD
R3-COMP 1293 DEAD
R3-COMP 1294 LIVE ngens 23
R3-COMP 1295 LIVE ngens 20
R3-COMP 1296 DEAD
R3-COMP 1297 LIVE ngens 23
R3-COMP 1298 LIVE ngens 19
R3-COMP 1299 DEAD
R3-COMP 1300 DEAD
R3-COMP 1301 DEAD
R3-COMP 1302 DEAD
R3-COMP 1303 DEAD
R3-COMP 1304 LIVE ngens 22
R3-COMP 1305 DEAD
R3-COMP 1306 LIVE ngens 23
R3-COMP 1307 LIVE ngens 19
R3-COMP 1308 LIVE ngens 20
R3-COMP 1309 LIVE ngens 17
R3-COMP 1310 DEAD
R3-COMP 1311 DEAD
R3-COMP 1312 DEAD
R3-COMP 1313 DEAD
R3-COMP 1314 DEAD
R3-COMP 1315 DEAD
R3-COMP 1316 DEAD
R3-COMP 1317 DEAD
R3-COMP 1318 DEAD
R3-COMP 1319 DEAD
R3-COMP 1320 DEAD
R3-COMP 1321 DEAD
R3-COMP 1322 DEAD
R3-COMP 1323 DEAD
R3-COMP 1324 DEAD
R3-COMP 1325 DEAD
R3-COMP 1326 DEAD
R3-COMP 1327 DEAD
R3-COMP 1328 DEAD
R3-COMP 1329 DEAD
R3-COMP 1330 DEAD
R3-COMP 1331 DEAD
R3-COMP 1332 DEAD
R3-COMP 1333 DEAD
R3-COMP 1334 DEAD
R3-COMP 1335 LIVE ngens 23
R3-COMP 1336 LIVE ngens 21
R3-COMP 1337 DEAD
R3-COMP 1338 DEAD
R3-COMP 1339 DEAD
R3-COMP 1340 DEAD
R3-COMP 1341 DEAD
R3-COMP 1342 DEAD
R3-COMP 1343 DEAD
R3-COMP 1344 DEAD
R3-COMP 1345 DEAD
R3-COMP 1346 DEAD
R3-COMP 1347 DEAD
R3-COMP 1348 DEAD
R3-COMP 1349 DEAD
R3-COMP 1350 DEAD
R3-COMP 1351 DEAD
R3-COMP 1352 DEAD
R3-COMP 1353 DEAD
R3-COMP 1354 DEAD
R3-COMP 1355 DEAD
R3-COMP 1356 DEAD
R3-COMP 1357 DEAD
R3-COMP 1358 DEAD
R3-COMP 1359 DEAD
R3-COMP 1360 DEAD
R3-COMP 1361 DEAD
R3-COMP 1362 DEAD
R3-COMP 1363 LIVE ngens 20
R3-COMP 1364 LIVE ngens 19
R3-COMP 1365 LIVE ngens 18
R3-COMP 1366 LIVE ngens 20
R3-COMP 1367 LIVE ngens 20
R3-COMP 1368 LIVE ngens 22
R3-COMP 1369 LIVE ngens 19
R3-COMP 1370 LIVE ngens 19
R3-COMP 1371 LIVE ngens 21
R3-COMP 1372 DEAD
R3-COMP 1373 DEAD
R3-COMP 1374 DEAD
R3-COMP 1375 DEAD
R3-COMP 1376 DEAD
R3-COMP 1377 DEAD
R3-COMP 1378 DEAD
R3-COMP 1379 DEAD
R3-COMP 1380 DEAD
R3-COMP 1381 DEAD
R3-COMP 1382 DEAD
R3-COMP 1383 DEAD
R3-COMP 1384 DEAD
R3-COMP 1385 DEAD
R3-COMP 1386 DEAD
R3-COMP 1387 DEAD
R3-COMP 1388 DEAD
R3-COMP 1389 DEAD
R3-COMP 1390 DEAD
R3-COMP 1391 DEAD
R3-COMP 1392 DEAD
R3-COMP 1393 DEAD
R3-COMP 1394 DEAD
R3-COMP 1395 LIVE ngens 25
R3-COMP 1396 LIVE ngens 24
R3-COMP 1397 DEAD
R3-COMP 1398 DEAD
R3-COMP 1399 LIVE ngens 23
R3-COMP 1400 DEAD
R3-COMP 1401 DEAD
R3-COMP 1402 DEAD
R3-COMP 1403 DEAD
R3-COMP 1404 DEAD
R3-COMP 1405 DEAD
R3-COMP 1406 DEAD
R3-COMP 1407 DEAD
R3-COMP 1408 DEAD
R3-COMP 1409 DEAD
R3-COMP 1410 DEAD
R3-COMP 1411 DEAD
R3-COMP 1412 DEAD
R3-COMP 1413 DEAD
R3-COMP 1414 DEAD
R3-COMP 1415 DEAD
R3-COMP 1416 DEAD
R3-COMP 1417 DEAD
R3-COMP 1418 DEAD
R3-COMP 1419 DEAD
R3-COMP 1420 DEAD
R3-COMP 1421 DEAD
R3-COMP 1422 DEAD
R3-COMP 1423 DEAD
R3-COMP 1424 LIVE ngens 27
R3-COMP 1425 LIVE ngens 19
R3-COMP 1426 DEAD
R3-COMP 1427 DEAD
R3-COMP 1428 DEAD
R3-COMP 1429 LIVE ngens 22
R3-COMP 1430 DEAD
R3-COMP 1431 DEAD
R3-COMP 1432 DEAD
R3-COMP 1433 LIVE ngens 28
R3-COMP 1434 DEAD
R3-COMP 1435 DEAD
R3-COMP 1436 DEAD
R3-COMP 1437 LIVE ngens 21
R3-COMP 1438 LIVE ngens 22
R3-COMP 1439 DEAD
R3-COMP 1440 DEAD
R3-COMP 1441 DEAD
R3-COMP 1442 DEAD
R3-COMP 1443 DEAD
R3-COMP 1444 DEAD
R3-COMP 1445 DEAD
R3-COMP 1446 DEAD
R3-COMP 1447 DEAD
R3-COMP 1448 DEAD
R3-COMP 1449 DEAD
R3-COMP 1450 DEAD
R3-COMP 1451 DEAD
R3-COMP 1452 DEAD
R3-COMP 1453 DEAD
R3-COMP 1454 DEAD
R3-COMP 1455 LIVE ngens 25
R3-COMP 1456 DEAD
R3-COMP 1457 LIVE ngens 20
R3-COMP 1458 DEAD
R3-COMP 1459 DEAD
R3-COMP 1460 DEAD
R3-COMP 1461 DEAD
R3-COMP 1462 DEAD
R3-COMP 1463 LIVE ngens 20
R3-COMP 1464 LIVE ngens 18
R3-COMP 1465 DEAD
R3-COMP 1466 DEAD
R3-COMP 1467 DEAD
R3-COMP 1468 DEAD
R3-COMP 1469 DEAD
R3-COMP 1470 DEAD
R3-COMP 1471 DEAD
R3-COMP 1472 LIVE ngens 21
R3-COMP 1473 LIVE ngens 25
R3-COMP 1474 LIVE ngens 22
R3-COMP 1475 DEAD
R3-COMP 1476 LIVE ngens 22
R3-COMP 1477 DEAD
R3-COMP 1478 LIVE ngens 16
R3-COMP 1479 DEAD
R3-COMP 1480 DEAD
R3-COMP 1481 DEAD
R3-COMP 1482 DEAD
R3-COMP 1483 DEAD
R3-COMP 1484 DEAD
R3-COMP 1485 DEAD
R3-COMP 1486 DEAD
R3-COMP 1487 DEAD
R3-COMP 1488 DEAD
R3-COMP 1489 LIVE ngens 23
R3-COMP 1490 LIVE ngens 22
R3-COMP 1491 DEAD
R3-COMP 1492 DEAD
R3-COMP 1493 LIVE ngens 16
R3-COMP 1494 DEAD
R3-COMP 1495 DEAD
R3-COMP 1496 DEAD
R3-COMP 1497 DEAD
R3-COMP 1498 DEAD
R3-COMP 1499 DEAD
R3-COMP 1500 DEAD
R3-COMP 1501 DEAD
R3-COMP 1502 LIVE ngens 18
R3-COMP 1503 DEAD
R3-COMP 1504 DEAD
R3-COMP 1505 LIVE ngens 16
R3-COMP 1506 DEAD
R3-COMP 1507 DEAD
R3-COMP 1508 DEAD
R3-COMP 1509 DEAD
R3-COMP 1510 DEAD
R3-COMP 1511 DEAD
R3-COMP 1512 DEAD
R3-COMP 1513 DEAD
R3-COMP 1514 DEAD
R3-COMP 1515 LIVE ngens 34
R3-COMP 1516 LIVE ngens 24
R3-COMP 1517 DEAD
R3-COMP 1518 LIVE ngens 25
R3-COMP 1519 DEAD
R3-COMP 1520 LIVE ngens 23
R3-COMP 1521 DEAD
R3-COMP 1522 LIVE ngens 22
R3-COMP 1523 DEAD
R3-COMP 1524 DEAD
R3-COMP 1525 LIVE ngens 25
R3-COMP 1526 DEAD
R3-COMP 1527 DEAD
R3-COMP 1528 DEAD
R3-COMP 1529 LIVE ngens 20
R3-COMP 1530 LIVE ngens 19
R3-COMP 1531 DEAD
R3-COMP 1532 DEAD
R3-COMP 1533 DEAD
R3-COMP 1534 LIVE ngens 23
R3-COMP 1535 LIVE ngens 32
R3-COMP 1536 DEAD
R3-COMP 1537 LIVE ngens 20
R3-COMP 1538 LIVE ngens 28
R3-COMP 1539 DEAD
R3-COMP 1540 DEAD
R3-COMP 1541 LIVE ngens 24
R3-COMP 1542 LIVE ngens 20
R3-COMP 1543 DEAD
R3-COMP 1544 LIVE ngens 19
R3-COMP 1545 DEAD
R3-COMP 1546 DEAD
R3-COMP 1547 LIVE ngens 33
R3-COMP 1548 DEAD
R3-COMP 1549 DEAD
R3-COMP 1550 DEAD
R3-COMP 1551 DEAD
R3-COMP 1552 DEAD
R3-COMP 1553 DEAD
R3-COMP 1554 DEAD
R3-COMP 1555 LIVE ngens 21
R3-COMP 1556 LIVE ngens 17
R3-COMP 1557 LIVE ngens 20
R3-COMP 1558 LIVE ngens 17
R3-COMP 1559 DEAD
R3-COMP 1560 DEAD
R3-COMP 1561 DEAD
R3-COMP 1562 DEAD
R3-COMP 1563 DEAD
R3-COMP 1564 DEAD
R3-COMP 1565 DEAD
R3-COMP 1566 DEAD
R3-COMP 1567 DEAD
R3-COMP 1568 DEAD
R3-COMP 1569 DEAD
R3-COMP 1570 DEAD
R3-COMP 1571 DEAD
R3-COMP 1572 DEAD
R3-COMP 1573 DEAD
R3-COMP 1574 LIVE ngens 25
R3-COMP 1575 LIVE ngens 20
R3-COMP 1576 DEAD
R3-COMP 1577 LIVE ngens 22
R3-COMP 1578 LIVE ngens 18
R3-COMP 1579 DEAD
R3-COMP 1580 DEAD
R3-COMP 1581 DEAD
R3-COMP 1582 DEAD
R3-COMP 1583 DEAD
R3-COMP 1584 DEAD
R3-COMP 1585 DEAD
R3-COMP 1586 DEAD
R3-COMP 1587 DEAD
R3-COMP 1588 DEAD
R3-COMP 1589 DEAD
R3-COMP 1590 DEAD
R3-COMP 1591 DEAD
R3-COMP 1592 DEAD
R3-COMP 1593 DEAD
R3-COMP 1594 DEAD
R3-COMP 1595 LIVE ngens 18
R3-COMP 1596 LIVE ngens 18
R3-COMP 1597 DEAD
R3-COMP 1598 LIVE ngens 33
R3-COMP 1599 DEAD
R3-COMP 1600 LIVE ngens 20
R3-COMP 1601 DEAD
R3-COMP 1602 LIVE ngens 19
R3-COMP 1603 DEAD
R3-COMP 1604 DEAD
R3-COMP 1605 DEAD
R3-COMP 1606 DEAD
R3-COMP 1607 DEAD
R3-COMP 1608 DEAD
R3-COMP 1609 DEAD
R3-COMP 1610 DEAD
R3-COMP 1611 DEAD
R3-COMP 1612 DEAD
R3-COMP 1613 DEAD
R3-COMP 1614 DEAD
R3-COMP 1615 DEAD
R3-COMP 1616 DEAD
R3-COMP 1617 DEAD
R3-COMP 1618 DEAD
R3-COMP 1619 DEAD
R3-COMP 1620 LIVE ngens 26
R3-COMP 1621 LIVE ngens 18
R3-COMP 1622 DEAD
R3-COMP 1623 DEAD
R3-COMP 1624 DEAD
R3-COMP 1625 DEAD
R3-COMP 1626 DEAD
R3-COMP 1627 LIVE ngens 20
R3-COMP 1628 DEAD
R3-COMP 1629 DEAD
R3-COMP 1630 DEAD
R3-COMP 1631 DEAD
R3-COMP 1632 DEAD
R3-COMP 1633 DEAD
R3-COMP 1634 DEAD
R3-COMP 1635 DEAD
R3-COMP 1636 DEAD
R3-COMP 1637 DEAD
R3-COMP 1638 DEAD
R3-COMP 1639 DEAD
R3-COMP 1640 DEAD
R3-COMP 1641 DEAD
R3-COMP 1642 DEAD
R3-COMP 1643 LIVE ngens 28
R3-COMP 1644 DEAD
R3-COMP 1645 DEAD
R3-COMP 1646 DEAD
R3-COMP 1647 DEAD
R3-COMP 1648 DEAD
R3-COMP 1649 LIVE ngens 22
R3-COMP 1650 DEAD
R3-COMP 1651 DEAD
R3-COMP 1652 LIVE ngens 19
R3-COMP 1653 LIVE ngens 23
R3-COMP 1654 DEAD
R3-COMP 1655 LIVE ngens 28
R3-COMP 1656 LIVE ngens 19
R3-COMP 1657 DEAD
R3-COMP 1658 DEAD
R3-COMP 1659 DEAD
R3-COMP 1660 DEAD
R3-COMP 1661 LIVE ngens 20
R3-COMP 1662 DEAD
R3-COMP 1663 DEAD
R3-COMP 1664 DEAD
R3-COMP 1665 DEAD
R3-COMP 1666 DEAD
R3-COMP 1667 DEAD
R3-COMP 1668 DEAD
R3-COMP 1669 DEAD
R3-COMP 1670 DEAD
R3-COMP 1671 DEAD
R3-COMP 1672 DEAD
R3-COMP 1673 DEAD
R3-COMP 1674 DEAD
R3-COMP 1675 DEAD
R3-COMP 1676 DEAD
R3-COMP 1677 LIVE ngens 26
R3-COMP 1678 DEAD
R3-COMP 1679 DEAD
R3-COMP 1680 DEAD
R3-COMP 1681 DEAD
R3-COMP 1682 LIVE ngens 29
R3-COMP 1683 LIVE ngens 24
R3-COMP 1684 LIVE ngens 23
R3-COMP 1685 DEAD
R3-COMP 1686 DEAD
R3-COMP 1687 DEAD
R3-COMP 1688 DEAD
R3-COMP 1689 DEAD
R3-COMP 1690 LIVE ngens 25
R3-COMP 1691 DEAD
R3-COMP 1692 DEAD
R3-COMP 1693 DEAD
R3-COMP 1694 DEAD
R3-COMP 1695 LIVE ngens 23
R3-COMP 1696 DEAD
R3-COMP 1697 DEAD
R3-COMP 1698 DEAD
R3-COMP 1699 DEAD
R3-COMP 1700 LIVE ngens 38
R3-COMP 1701 DEAD
R3-COMP 1702 DEAD
R3-COMP 1703 DEAD
R3-COMP 1704 DEAD
R3-COMP 1705 DEAD
R3-COMP 1706 DEAD
R3-COMP 1707 DEAD
R3-COMP 1708 DEAD
R3-COMP 1709 DEAD
R3-COMP 1710 DEAD
R3-COMP 1711 DEAD
R3-COMP 1712 DEAD
R3-COMP 1713 DEAD
R3-COMP 1714 DEAD
R3-COMP 1715 DEAD
R3-COMP 1716 DEAD
R3-COMP 1717 DEAD
R3-COMP 1718 DEAD
R3-COMP 1719 DEAD
R3-COMP 1720 DEAD
R3-COMP 1721 DEAD
R3-COMP 1722 DEAD
R3-COMP 1723 DEAD
R3-COMP 1724 LIVE ngens 25
R3-COMP 1725 LIVE ngens 20
R3-COMP 1726 LIVE ngens 24
R3-COMP 1727 LIVE ngens 28
R3-COMP 1728 LIVE ngens 32
R3-COMP 1729 LIVE ngens 24
R3-COMP 1730 LIVE ngens 32
R3-COMP 1731 LIVE ngens 29
R3-COMP 1732 DEAD
R3-COMP 1733 DEAD
R3-COMP 1734 LIVE ngens 19
R3-COMP 1735 LIVE ngens 24
R3-COMP 1736 DEAD
R3-COMP 1737 LIVE ngens 20
R3-COMP 1738 DEAD
R3-COMP 1739 DEAD
R3-COMP 1740 LIVE ngens 18
R3-COMP 1741 DEAD
R3-COMP 1742 DEAD
R3-COMP 1743 LIVE ngens 20
R3-COMP 1744 LIVE ngens 23
R3-COMP 1745 DEAD
R3-COMP 1746 DEAD
R3-COMP 1747 DEAD
R3-COMP 1748 DEAD
R3-COMP 1749 DEAD
R3-COMP 1750 DEAD
R3-COMP 1751 DEAD
R3-COMP 1752 DEAD
R3-COMP 1753 DEAD
R3-COMP 1754 DEAD
R3-COMP 1755 DEAD
R3-COMP 1756 DEAD
R3-COMP 1757 DEAD
R3-COMP 1758 DEAD
R3-COMP 1759 DEAD
R3-COMP 1760 DEAD
R3-COMP 1761 DEAD
R3-COMP 1762 DEAD
R3-COMP 1763 DEAD
R3-COMP 1764 DEAD
R3-COMP 1765 DEAD
R3-COMP 1766 DEAD
R3-COMP 1767 DEAD
R3-COMP 1768 DEAD
R3-COMP 1769 DEAD
R3-COMP 1770 DEAD
R3-COMP 1771 DEAD
R3-COMP 1772 DEAD
R3-COMP 1773 DEAD
R3-COMP 1774 DEAD
R3-COMP 1775 DEAD
R3-COMP 1776 DEAD
R3-COMP 1777 DEAD
R3-COMP 1778 DEAD
R3-COMP 1779 DEAD
R3-COMP 1780 DEAD
R3-COMP 1781 DEAD
R3-COMP 1782 DEAD
R3-COMP 1783 DEAD
R3-COMP 1784 DEAD
R3-COMP 1785 DEAD
R3-COMP 1786 LIVE ngens 22
R3-COMP 1787 DEAD
R3-COMP 1788 DEAD
R3-COMP 1789 DEAD
R3-COMP 1790 DEAD
R3-COMP 1791 DEAD
R3-COMP 1792 DEAD
R3-COMP 1793 LIVE ngens 33
R3-COMP 1794 DEAD
R3-COMP 1795 DEAD
R3-COMP 1796 DEAD
R3-COMP 1797 DEAD
R3-COMP 1798 DEAD
R3-COMP 1799 DEAD
R3-COMP 1800 DEAD
R3-COMP 1801 DEAD
R3-COMP 1802 DEAD
R3-COMP 1803 DEAD
R3-COMP 1804 DEAD
R3-COMP 1805 DEAD
R3-COMP 1806 DEAD
R3-COMP 1807 DEAD
R3-COMP 1808 DEAD
R3-COMP 1809 DEAD
R3-COMP 1810 DEAD
R3-COMP 1811 DEAD
R3-COMP 1812 DEAD
R3-COMP 1813 DEAD
R3-COMP 1814 DEAD
R3-COMP 1815 DEAD
R3-COMP 1816 DEAD
R3-COMP 1817 DEAD
R3-COMP 1818 DEAD
R3-COMP 1819 DEAD
R3-COMP 1820 DEAD
R3-COMP 1821 DEAD
R3-COMP 1822 DEAD
R3-COMP 1823 DEAD
R3-COMP 1824 DEAD
R3-COMP 1825 DEAD
R3-COMP 1826 DEAD
R3-COMP 1827 DEAD
R3-COMP 1828 DEAD
R3-COMP 1829 DEAD
R3-COMP 1830 DEAD
R3-COMP 1831 DEAD
R3-COMP 1832 DEAD
R3-COMP 1833 DEAD
R3-COMP 1834 DEAD
R3-COMP 1835 DEAD
R3-COMP 1836 DEAD
R3-COMP 1837 DEAD
R3-COMP 1838 DEAD
R3-COMP 1839 DEAD
R3-COMP 1840 DEAD
R3-COMP 1841 DEAD
R3-NLIVE 495
R3-UNIT comp 2 k 1
R3-UNIT comp 2 k 2
R3-UNIT comp 2 k 3
R3-UNIT comp 4 k 1
R3-UNIT comp 4 k 2
R3-UNIT comp 4 k 3
R3-UNIT comp 6 k 1
R3-UNIT comp 6 k 2
R3-UNIT comp 6 k 3
R3-UNIT comp 7 k 1
R3-UNIT comp 7 k 2
R3-UNIT comp 7 k 3
R3-UNIT comp 9 k 1
R3-UNIT comp 9 k 2
R3-UNIT comp 9 k 3
R3-UNIT comp 13 k 1
R3-UNIT comp 13 k 2
R3-UNIT comp 13 k 3
R3-UNIT comp 14 k 1
R3-UNIT comp 14 k 2
R3-UNIT comp 14 k 3
R3-UNIT comp 18 k 1
R3-UNIT comp 18 k 2
R3-UNIT comp 18 k 3
R3-UNIT comp 22 k 1
R3-UNIT comp 22 k 2
R3-UNIT comp 22 k 3
R3-UNIT comp 25 k 1
R3-UNIT comp 25 k 2
R3-UNIT comp 25 k 3
R3-UNIT comp 26 k 1
R3-UNIT comp 26 k 2
R3-UNIT comp 26 k 3
R3-UNIT comp 27 k 1
R3-UNIT comp 27 k 2
R3-UNIT comp 27 k 3
R3-UNIT comp 31 k 1
R3-UNIT comp 31 k 2
R3-UNIT comp 31 k 3
R3-UNIT comp 33 k 1
R3-UNIT comp 33 k 2
R3-UNIT comp 33 k 3
R3-UNIT comp 34 k 1
R3-UNIT comp 34 k 2
R3-UNIT comp 34 k 3
R3-UNIT comp 35 k 1
R3-UNIT comp 35 k 2
R3-UNIT comp 35 k 3
R3-UNIT comp 36 k 1
R3-UNIT comp 36 k 2
R3-UNIT comp 36 k 3
R3-UNIT comp 37 k 1
R3-UNIT comp 37 k 2
R3-UNIT comp 37 k 3
R3-UNIT comp 39 k 1
R3-UNIT comp 39 k 2
R3-UNIT comp 39 k 3
R3-UNIT comp 40 k 1
R3-UNIT comp 40 k 2
R3-UNIT comp 40 k 3
R3-UNIT comp 41 k 1
R3-UNIT comp 41 k 2
R3-UNIT comp 41 k 3
R3-UNIT comp 42 k 1
R3-UNIT comp 42 k 2
R3-UNIT comp 42 k 3
R3-UNIT comp 50 k 1
R3-UNIT comp 50 k 2
R3-UNIT comp 50 k 3
R3-UNIT comp 53 k 1
R3-UNIT comp 53 k 2
R3-UNIT comp 53 k 3
R3-UNIT comp 54 k 1
R3-UNIT comp 54 k 2
R3-UNIT comp 54 k 3
R3-UNIT comp 55 k 1
R3-UNIT comp 55 k 2
R3-UNIT comp 55 k 3
R3-UNIT comp 57 k 1
R3-UNIT comp 57 k 2
R3-UNIT comp 57 k 3
R3-UNIT comp 58 k 1
R3-UNIT comp 58 k 2
R3-UNIT comp 58 k 3
R3-UNIT comp 59 k 1
R3-UNIT comp 59 k 2
R3-UNIT comp 59 k 3
R3-UNIT comp 60 k 1
R3-UNIT comp 60 k 2
R3-UNIT comp 60 k 3
R3-UNIT comp 63 k 1
R3-UNIT comp 63 k 2
R3-UNIT comp 63 k 3
R3-UNIT comp 64 k 1
R3-UNIT comp 64 k 2
R3-UNIT comp 64 k 3
R3-UNIT comp 65 k 1
R3-UNIT comp 65 k 2
R3-UNIT comp 65 k 3
R3-UNIT comp 74 k 1
R3-UNIT comp 74 k 2
R3-UNIT comp 74 k 3
R3-UNIT comp 81 k 1
R3-UNIT comp 81 k 2
R3-UNIT comp 81 k 3
R3-UNIT comp 93 k 1
R3-UNIT comp 93 k 2
R3-UNIT comp 93 k 3
R3-UNIT comp 94 k 1
R3-UNIT comp 94 k 2
R3-UNIT comp 94 k 3
R3-UNIT comp 96 k 1
R3-UNIT comp 96 k 2
R3-UNIT comp 96 k 3
R3-UNIT comp 98 k 1
R3-UNIT comp 98 k 2
R3-UNIT comp 98 k 3
R3-UNIT comp 99 k 1
R3-UNIT comp 99 k 2
R3-UNIT comp 99 k 3
R3-UNIT comp 100 k 1
R3-UNIT comp 100 k 2
R3-UNIT comp 100 k 3
R3-UNIT comp 104 k 1
R3-UNIT comp 104 k 2
R3-UNIT comp 104 k 3
R3-UNIT comp 105 k 1
R3-UNIT comp 105 k 2
R3-UNIT comp 105 k 3
R3-UNIT comp 106 k 1
R3-UNIT comp 106 k 2
R3-UNIT comp 106 k 3
R3-UNIT comp 107 k 1
R3-UNIT comp 107 k 2
R3-UNIT comp 107 k 3
R3-UNIT comp 108 k 1
R3-UNIT comp 108 k 2
R3-UNIT comp 108 k 3
R3-UNIT comp 109 k 1
R3-UNIT comp 109 k 2
R3-UNIT comp 109 k 3
R3-UNIT comp 110 k 1
R3-UNIT comp 110 k 2
R3-UNIT comp 110 k 3
R3-UNIT comp 113 k 1
R3-UNIT comp 113 k 2
R3-UNIT comp 113 k 3
R3-UNIT comp 114 k 1
R3-UNIT comp 114 k 2
R3-UNIT comp 114 k 3
R3-UNIT comp 117 k 1
R3-UNIT comp 117 k 2
R3-UNIT comp 117 k 3
R3-UNIT comp 119 k 1
R3-UNIT comp 119 k 2
R3-UNIT comp 119 k 3
R3-UNIT comp 120 k 1
R3-UNIT comp 120 k 2
R3-UNIT comp 120 k 3
R3-UNIT comp 122 k 1
R3-UNIT comp 122 k 2
R3-UNIT comp 122 k 3
R3-UNIT comp 123 k 1
R3-UNIT comp 123 k 2
R3-UNIT comp 123 k 3
R3-UNIT comp 124 k 1
R3-UNIT comp 124 k 2
R3-UNIT comp 124 k 3
R3-UNIT comp 125 k 1
R3-UNIT comp 125 k 2
R3-UNIT comp 125 k 3
R3-UNIT comp 126 k 1
R3-UNIT comp 126 k 2
R3-UNIT comp 126 k 3
R3-UNIT comp 127 k 1
R3-UNIT comp 127 k 2
R3-UNIT comp 127 k 3
R3-UNIT comp 135 k 1
R3-UNIT comp 135 k 2
R3-UNIT comp 135 k 3
R3-UNIT comp 146 k 1
R3-UNIT comp 146 k 2
R3-UNIT comp 146 k 3
R3-UNIT comp 148 k 1
R3-UNIT comp 148 k 2
R3-UNIT comp 148 k 3
R3-UNIT comp 149 k 1
R3-UNIT comp 149 k 2
R3-UNIT comp 149 k 3
R3-UNIT comp 150 k 1
R3-UNIT comp 150 k 2
R3-UNIT comp 150 k 3
R3-UNIT comp 151 k 1
R3-UNIT comp 151 k 2
R3-UNIT comp 151 k 3
R3-UNIT comp 152 k 1
R3-UNIT comp 152 k 2
R3-UNIT comp 152 k 3
R3-UNIT comp 153 k 1
R3-UNIT comp 153 k 2
R3-UNIT comp 153 k 3
R3-UNIT comp 154 k 1
R3-UNIT comp 154 k 2
R3-UNIT comp 154 k 3
R3-UNIT comp 155 k 1
R3-UNIT comp 155 k 2
R3-UNIT comp 155 k 3
R3-UNIT comp 156 k 1
R3-UNIT comp 156 k 2
R3-UNIT comp 156 k 3
R3-UNIT comp 164 k 1
R3-UNIT comp 164 k 2
R3-UNIT comp 164 k 3
R3-UNIT comp 167 k 1
R3-UNIT comp 167 k 2
R3-UNIT comp 167 k 3
R3-UNIT comp 169 k 1
R3-UNIT comp 169 k 2
R3-UNIT comp 169 k 3
R3-UNIT comp 170 k 1
R3-UNIT comp 170 k 2
R3-UNIT comp 170 k 3
R3-UNIT comp 176 k 1
R3-UNIT comp 176 k 2
R3-UNIT comp 176 k 3
R3-UNIT comp 178 k 1
R3-UNIT comp 178 k 2
R3-UNIT comp 178 k 3
R3-UNIT comp 180 k 1
R3-UNIT comp 180 k 2
R3-UNIT comp 180 k 3
R3-UNIT comp 185 k 1
R3-UNIT comp 185 k 2
R3-UNIT comp 185 k 3
R3-UNIT comp 189 k 1
R3-UNIT comp 189 k 2
R3-UNIT comp 189 k 3
R3-UNIT comp 191 k 1
R3-UNIT comp 191 k 2
R3-UNIT comp 191 k 3
R3-UNIT comp 196 k 1
R3-UNIT comp 196 k 2
R3-UNIT comp 196 k 3
R3-UNIT comp 200 k 1
R3-UNIT comp 200 k 2
R3-UNIT comp 200 k 3
R3-UNIT comp 201 k 1
R3-UNIT comp 201 k 2
R3-UNIT comp 201 k 3
R3-UNIT comp 202 k 1
R3-UNIT comp 202 k 2
R3-UNIT comp 202 k 3
R3-UNIT comp 208 k 1
R3-UNIT comp 208 k 2
R3-UNIT comp 208 k 3
R3-UNIT comp 220 k 1
R3-UNIT comp 220 k 2
R3-UNIT comp 220 k 3
R3-UNIT comp 228 k 1
R3-UNIT comp 228 k 2
R3-UNIT comp 228 k 3
R3-UNIT comp 229 k 1
R3-UNIT comp 229 k 2
R3-UNIT comp 229 k 3
R3-UNIT comp 232 k 1
R3-UNIT comp 232 k 2
R3-UNIT comp 232 k 3
R3-UNIT comp 233 k 1
R3-UNIT comp 233 k 2
R3-UNIT comp 233 k 3
R3-UNIT comp 234 k 1
R3-UNIT comp 234 k 2
R3-UNIT comp 234 k 3
R3-UNIT comp 235 k 1
R3-UNIT comp 235 k 2
R3-UNIT comp 235 k 3
R3-UNIT comp 236 k 1
R3-UNIT comp 236 k 2
R3-UNIT comp 236 k 3
R3-UNIT comp 241 k 1
R3-UNIT comp 241 k 2
R3-UNIT comp 241 k 3
R3-UNIT comp 251 k 1
R3-UNIT comp 251 k 2
R3-UNIT comp 251 k 3
R3-UNIT comp 252 k 1
R3-UNIT comp 252 k 2
R3-UNIT comp 252 k 3
R3-UNIT comp 258 k 1
R3-UNIT comp 258 k 2
R3-UNIT comp 258 k 3
R3-UNIT comp 260 k 1
R3-UNIT comp 260 k 2
R3-UNIT comp 260 k 3
R3-UNIT comp 262 k 1
R3-UNIT comp 262 k 2
R3-UNIT comp 262 k 3
R3-UNIT comp 302 k 1
R3-UNIT comp 302 k 2
R3-UNIT comp 302 k 3
R3-UNIT comp 306 k 1
R3-UNIT comp 306 k 2
R3-UNIT comp 306 k 3
R3-UNIT comp 307 k 1
R3-UNIT comp 307 k 2
R3-UNIT comp 307 k 3
R3-UNIT comp 313 k 1
R3-UNIT comp 313 k 2
R3-UNIT comp 313 k 3
R3-UNIT comp 315 k 1
R3-UNIT comp 315 k 2
R3-UNIT comp 315 k 3
R3-UNIT comp 316 k 1
R3-UNIT comp 316 k 2
R3-UNIT comp 316 k 3
R3-UNIT comp 317 k 1
R3-UNIT comp 317 k 2
R3-UNIT comp 317 k 3
R3-UNIT comp 318 k 1
R3-UNIT comp 318 k 2
R3-UNIT comp 318 k 3
R3-UNIT comp 319 k 1
R3-UNIT comp 319 k 2
R3-UNIT comp 319 k 3
R3-UNIT comp 320 k 1
R3-UNIT comp 320 k 2
R3-UNIT comp 320 k 3
R3-UNIT comp 336 k 1
R3-UNIT comp 336 k 2
R3-UNIT comp 336 k 3
R3-UNIT comp 338 k 1
R3-UNIT comp 338 k 2
R3-UNIT comp 338 k 3
R3-UNIT comp 339 k 1
R3-UNIT comp 339 k 2
R3-UNIT comp 339 k 3
R3-UNIT comp 340 k 1
R3-UNIT comp 340 k 2
R3-UNIT comp 340 k 3
R3-UNIT comp 342 k 1
R3-UNIT comp 342 k 2
R3-UNIT comp 342 k 3
R3-UNIT comp 343 k 1
R3-UNIT comp 343 k 2
R3-UNIT comp 343 k 3
R3-UNIT comp 344 k 1
R3-UNIT comp 344 k 2
R3-UNIT comp 344 k 3
R3-UNIT comp 345 k 1
R3-UNIT comp 345 k 2
R3-UNIT comp 345 k 3
R3-UNIT comp 347 k 1
R3-UNIT comp 347 k 2
R3-UNIT comp 347 k 3
R3-UNIT comp 348 k 1
R3-UNIT comp 348 k 2
R3-UNIT comp 348 k 3
R3-UNIT comp 349 k 1
R3-UNIT comp 349 k 2
R3-UNIT comp 349 k 3
R3-UNIT comp 351 k 1
R3-UNIT comp 351 k 2
R3-UNIT comp 351 k 3
R3-UNIT comp 353 k 1
R3-UNIT comp 353 k 2
R3-UNIT comp 353 k 3
R3-UNIT comp 356 k 1
R3-UNIT comp 356 k 2
R3-UNIT comp 356 k 3
R3-UNIT comp 359 k 1
R3-UNIT comp 359 k 2
R3-UNIT comp 359 k 3
R3-UNIT comp 365 k 1
R3-UNIT comp 365 k 2
R3-UNIT comp 365 k 3
R3-UNIT comp 366 k 1
R3-UNIT comp 366 k 2
R3-UNIT comp 366 k 3
R3-UNIT comp 367 k 1
R3-UNIT comp 367 k 2
R3-UNIT comp 367 k 3
R3-UNIT comp 368 k 1
R3-UNIT comp 368 k 2
R3-UNIT comp 368 k 3
R3-UNIT comp 381 k 1
R3-UNIT comp 381 k 2
R3-UNIT comp 381 k 3
R3-UNIT comp 382 k 1
R3-UNIT comp 382 k 2
R3-UNIT comp 382 k 3
R3-UNIT comp 383 k 1
R3-UNIT comp 383 k 2
R3-UNIT comp 383 k 3
R3-UNIT comp 384 k 1
R3-UNIT comp 384 k 2
R3-UNIT comp 384 k 3
R3-UNIT comp 385 k 1
R3-UNIT comp 385 k 2
R3-UNIT comp 385 k 3
R3-UNIT comp 398 k 1
R3-UNIT comp 398 k 2
R3-UNIT comp 398 k 3
R3-UNIT comp 399 k 1
R3-UNIT comp 399 k 2
R3-UNIT comp 399 k 3
R3-UNIT comp 400 k 1
R3-UNIT comp 400 k 2
R3-UNIT comp 400 k 3
R3-UNIT comp 401 k 1
R3-UNIT comp 401 k 2
R3-UNIT comp 401 k 3
R3-UNIT comp 405 k 1
R3-UNIT comp 405 k 2
R3-UNIT comp 405 k 3
R3-UNIT comp 420 k 1
R3-UNIT comp 420 k 2
R3-UNIT comp 420 k 3
R3-UNIT comp 421 k 1
R3-UNIT comp 421 k 2
R3-UNIT comp 421 k 3
R3-UNIT comp 435 k 1
R3-UNIT comp 435 k 2
R3-UNIT comp 435 k 3
R3-UNIT comp 440 k 1
R3-UNIT comp 440 k 2
R3-UNIT comp 440 k 3
R3-UNIT comp 442 k 1
R3-UNIT comp 442 k 2
R3-UNIT comp 442 k 3
R3-UNIT comp 443 k 1
R3-UNIT comp 443 k 2
R3-UNIT comp 443 k 3
R3-UNIT comp 444 k 1
R3-UNIT comp 444 k 2
R3-UNIT comp 444 k 3
R3-UNIT comp 451 k 1
R3-UNIT comp 451 k 2
R3-UNIT comp 451 k 3
R3-UNIT comp 452 k 1
R3-UNIT comp 452 k 2
R3-UNIT comp 452 k 3
R3-UNIT comp 453 k 1
R3-UNIT comp 453 k 2
R3-UNIT comp 453 k 3
R3-UNIT comp 454 k 1
R3-UNIT comp 454 k 2
R3-UNIT comp 454 k 3
R3-UNIT comp 457 k 1
R3-UNIT comp 457 k 2
R3-UNIT comp 457 k 3
R3-UNIT comp 460 k 1
R3-UNIT comp 460 k 2
R3-UNIT comp 460 k 3
R3-UNIT comp 461 k 1
R3-UNIT comp 461 k 2
R3-UNIT comp 461 k 3
R3-UNIT comp 462 k 1
R3-UNIT comp 462 k 2
R3-UNIT comp 462 k 3
R3-UNIT comp 480 k 1
R3-UNIT comp 480 k 2
R3-UNIT comp 480 k 3
R3-UNIT comp 489 k 1
R3-UNIT comp 489 k 2
R3-UNIT comp 489 k 3
R3-UNIT comp 490 k 1
R3-UNIT comp 490 k 2
R3-UNIT comp 490 k 3
R3-UNIT comp 497 k 1
R3-UNIT comp 497 k 2
R3-UNIT comp 497 k 3
R3-UNIT comp 498 k 1
R3-UNIT comp 498 k 2
R3-UNIT comp 498 k 3
R3-UNIT comp 500 k 1
R3-UNIT comp 500 k 2
R3-UNIT comp 500 k 3
R3-UNIT comp 501 k 1
R3-UNIT comp 501 k 2
R3-UNIT comp 501 k 3
R3-UNIT comp 502 k 1
R3-UNIT comp 502 k 2
R3-UNIT comp 502 k 3
R3-UNIT comp 503 k 1
R3-UNIT comp 503 k 2
R3-UNIT comp 503 k 3
R3-UNIT comp 504 k 1
R3-UNIT comp 504 k 2
R3-UNIT comp 504 k 3
R3-UNIT comp 507 k 1
R3-UNIT comp 507 k 2
R3-UNIT comp 507 k 3
R3-UNIT comp 508 k 1
R3-UNIT comp 508 k 2
R3-UNIT comp 508 k 3
R3-UNIT comp 537 k 1
R3-UNIT comp 537 k 2
R3-UNIT comp 537 k 3
R3-UNIT comp 539 k 1
R3-UNIT comp 539 k 2
R3-UNIT comp 539 k 3
R3-UNIT comp 540 k 1
R3-UNIT comp 540 k 2
R3-UNIT comp 540 k 3
R3-UNIT comp 541 k 1
R3-UNIT comp 541 k 2
R3-UNIT comp 541 k 3
R3-UNIT comp 542 k 1
R3-UNIT comp 542 k 2
R3-UNIT comp 542 k 3
R3-UNIT comp 546 k 1
R3-UNIT comp 546 k 2
R3-UNIT comp 546 k 3
R3-UNIT comp 549 k 1
R3-UNIT comp 549 k 2
R3-UNIT comp 549 k 3
R3-UNIT comp 550 k 1
R3-UNIT comp 550 k 2
R3-UNIT comp 550 k 3
R3-UNIT comp 551 k 1
R3-UNIT comp 551 k 2
R3-UNIT comp 551 k 3
R3-UNIT comp 553 k 1
R3-UNIT comp 553 k 2
R3-UNIT comp 553 k 3
R3-UNIT comp 554 k 1
R3-UNIT comp 554 k 2
R3-UNIT comp 554 k 3
R3-UNIT comp 559 k 1
R3-UNIT comp 559 k 2
R3-UNIT comp 559 k 3
R3-UNIT comp 560 k 1
R3-UNIT comp 560 k 2
R3-UNIT comp 560 k 3
R3-UNIT comp 561 k 1
R3-UNIT comp 561 k 2
R3-UNIT comp 561 k 3
R3-UNIT comp 562 k 1
R3-UNIT comp 562 k 2
R3-UNIT comp 562 k 3
R3-UNIT comp 563 k 1
R3-UNIT comp 563 k 2
R3-UNIT comp 563 k 3
R3-UNIT comp 564 k 1
R3-UNIT comp 564 k 2
R3-UNIT comp 564 k 3
R3-UNIT comp 565 k 1
R3-UNIT comp 565 k 2
R3-UNIT comp 565 k 3
R3-UNIT comp 566 k 1
R3-UNIT comp 566 k 2
R3-UNIT comp 566 k 3
R3-UNIT comp 567 k 1
R3-UNIT comp 567 k 2
R3-UNIT comp 567 k 3
R3-UNIT comp 568 k 1
R3-UNIT comp 568 k 2
R3-UNIT comp 568 k 3
R3-UNIT comp 570 k 1
R3-UNIT comp 570 k 2
R3-UNIT comp 570 k 3
R3-UNIT comp 572 k 1
R3-UNIT comp 572 k 2
R3-UNIT comp 572 k 3
R3-UNIT comp 579 k 1
R3-UNIT comp 579 k 2
R3-UNIT comp 579 k 3
R3-UNIT comp 580 k 1
R3-UNIT comp 580 k 2
R3-UNIT comp 580 k 3
R3-UNIT comp 581 k 1
R3-UNIT comp 581 k 2
R3-UNIT comp 581 k 3
R3-UNIT comp 595 k 1
R3-UNIT comp 595 k 2
R3-UNIT comp 595 k 3
R3-UNIT comp 596 k 1
R3-UNIT comp 596 k 2
R3-UNIT comp 596 k 3
R3-UNIT comp 597 k 1
R3-UNIT comp 597 k 2
R3-UNIT comp 597 k 3
R3-UNIT comp 604 k 1
R3-UNIT comp 604 k 2
R3-UNIT comp 604 k 3
R3-UNIT comp 605 k 1
R3-UNIT comp 605 k 2
R3-UNIT comp 605 k 3
R3-UNIT comp 606 k 1
R3-UNIT comp 606 k 2
R3-UNIT comp 606 k 3
R3-UNIT comp 607 k 1
R3-UNIT comp 607 k 2
R3-UNIT comp 607 k 3
R3-UNIT comp 613 k 1
R3-UNIT comp 613 k 2
R3-UNIT comp 613 k 3
R3-UNIT comp 618 k 1
R3-UNIT comp 618 k 2
R3-UNIT comp 618 k 3
R3-UNIT comp 626 k 1
R3-UNIT comp 626 k 2
R3-UNIT comp 626 k 3
R3-UNIT comp 628 k 1
R3-UNIT comp 628 k 2
R3-UNIT comp 628 k 3
R3-UNIT comp 635 k 1
R3-UNIT comp 635 k 2
R3-UNIT comp 635 k 3
R3-UNIT comp 636 k 1
R3-UNIT comp 636 k 2
R3-UNIT comp 636 k 3
R3-UNIT comp 638 k 1
R3-UNIT comp 638 k 2
R3-UNIT comp 638 k 3
R3-UNIT comp 641 k 1
R3-UNIT comp 641 k 2
R3-UNIT comp 641 k 3
R3-UNIT comp 642 k 1
R3-UNIT comp 642 k 2
R3-UNIT comp 642 k 3
R3-UNIT comp 652 k 1
R3-UNIT comp 652 k 2
R3-UNIT comp 652 k 3
R3-UNIT comp 665 k 1
R3-UNIT comp 665 k 2
R3-UNIT comp 665 k 3
R3-UNIT comp 674 k 1
R3-UNIT comp 674 k 2
R3-UNIT comp 674 k 3
R3-UNIT comp 682 k 1
R3-UNIT comp 682 k 2
R3-UNIT comp 682 k 3
R3-UNIT comp 683 k 1
R3-UNIT comp 683 k 2
R3-UNIT comp 683 k 3
R3-UNIT comp 684 k 1
R3-UNIT comp 684 k 2
R3-UNIT comp 684 k 3
R3-UNIT comp 685 k 1
R3-UNIT comp 685 k 2
R3-UNIT comp 685 k 3
R3-UNIT comp 693 k 1
R3-UNIT comp 693 k 2
R3-UNIT comp 693 k 3
R3-UNIT comp 698 k 1
R3-UNIT comp 698 k 2
R3-UNIT comp 698 k 3
R3-UNIT comp 702 k 1
R3-UNIT comp 702 k 2
R3-UNIT comp 702 k 3
R3-UNIT comp 704 k 1
R3-UNIT comp 704 k 2
R3-UNIT comp 704 k 3
R3-UNIT comp 716 k 1
R3-UNIT comp 716 k 2
R3-UNIT comp 716 k 3
R3-UNIT comp 717 k 1
R3-UNIT comp 717 k 2
R3-UNIT comp 717 k 3
R3-UNIT comp 720 k 1
R3-UNIT comp 720 k 2
R3-UNIT comp 720 k 3
R3-UNIT comp 721 k 1
R3-UNIT comp 721 k 2
R3-UNIT comp 721 k 3
R3-UNIT comp 723 k 1
R3-UNIT comp 723 k 2
R3-UNIT comp 723 k 3
R3-UNIT comp 726 k 1
R3-UNIT comp 726 k 2
R3-UNIT comp 726 k 3
R3-UNIT comp 734 k 1
R3-UNIT comp 734 k 2
R3-UNIT comp 734 k 3
R3-UNIT comp 738 k 1
R3-UNIT comp 738 k 2
R3-UNIT comp 738 k 3
R3-UNIT comp 757 k 1
R3-UNIT comp 757 k 2
R3-UNIT comp 757 k 3
R3-UNIT comp 763 k 1
R3-UNIT comp 763 k 2
R3-UNIT comp 763 k 3
R3-UNIT comp 767 k 1
R3-UNIT comp 767 k 2
R3-UNIT comp 767 k 3
R3-UNIT comp 768 k 1
R3-UNIT comp 768 k 2
R3-UNIT comp 768 k 3
R3-UNIT comp 769 k 1
R3-UNIT comp 769 k 2
R3-UNIT comp 769 k 3
R3-UNIT comp 770 k 1
R3-UNIT comp 770 k 2
R3-UNIT comp 770 k 3
R3-UNIT comp 773 k 1
R3-UNIT comp 773 k 2
R3-UNIT comp 773 k 3
R3-UNIT comp 774 k 1
R3-UNIT comp 774 k 2
R3-UNIT comp 774 k 3
R3-UNIT comp 775 k 1
R3-UNIT comp 775 k 2
R3-UNIT comp 775 k 3
R3-UNIT comp 776 k 1
R3-UNIT comp 776 k 2
R3-UNIT comp 776 k 3
R3-UNIT comp 777 k 1
R3-UNIT comp 777 k 2
R3-UNIT comp 777 k 3
R3-UNIT comp 778 k 1
R3-UNIT comp 778 k 2
R3-UNIT comp 778 k 3
R3-UNIT comp 779 k 1
R3-UNIT comp 779 k 2
R3-UNIT comp 779 k 3
R3-UNIT comp 782 k 1
R3-UNIT comp 782 k 2
R3-UNIT comp 782 k 3
R3-UNIT comp 783 k 1
R3-UNIT comp 783 k 2
R3-UNIT comp 783 k 3
R3-UNIT comp 784 k 1
R3-UNIT comp 784 k 2
R3-UNIT comp 784 k 3
R3-UNIT comp 785 k 1
R3-UNIT comp 785 k 2
R3-UNIT comp 785 k 3
R3-UNIT comp 786 k 1
R3-UNIT comp 786 k 2
R3-UNIT comp 786 k 3
R3-UNIT comp 787 k 1
R3-UNIT comp 787 k 2
R3-UNIT comp 787 k 3
R3-UNIT comp 788 k 1
R3-UNIT comp 788 k 2
R3-UNIT comp 788 k 3
R3-UNIT comp 789 k 1
R3-UNIT comp 789 k 2
R3-UNIT comp 789 k 3
R3-UNIT comp 792 k 1
R3-UNIT comp 792 k 2
R3-UNIT comp 792 k 3
R3-UNIT comp 794 k 1
R3-UNIT comp 794 k 2
R3-UNIT comp 794 k 3
R3-UNIT comp 795 k 1
R3-UNIT comp 795 k 2
R3-UNIT comp 795 k 3
R3-UNIT comp 803 k 1
R3-UNIT comp 803 k 2
R3-UNIT comp 803 k 3
R3-UNIT comp 804 k 1
R3-UNIT comp 804 k 2
R3-UNIT comp 804 k 3
R3-UNIT comp 818 k 1
R3-UNIT comp 818 k 2
R3-UNIT comp 818 k 3
R3-UNIT comp 819 k 1
R3-UNIT comp 819 k 2
R3-UNIT comp 819 k 3
R3-UNIT comp 820 k 1
R3-UNIT comp 820 k 2
R3-UNIT comp 820 k 3
R3-UNIT comp 825 k 1
R3-UNIT comp 825 k 2
R3-UNIT comp 825 k 3
R3-UNIT comp 826 k 1
R3-UNIT comp 826 k 2
R3-UNIT comp 826 k 3
R3-UNIT comp 827 k 1
R3-UNIT comp 827 k 2
R3-UNIT comp 827 k 3
R3-UNIT comp 828 k 1
R3-UNIT comp 828 k 2
R3-UNIT comp 828 k 3
R3-UNIT comp 829 k 1
R3-UNIT comp 829 k 2
R3-UNIT comp 829 k 3
R3-UNIT comp 830 k 1
R3-UNIT comp 830 k 2
R3-UNIT comp 830 k 3
R3-UNIT comp 831 k 1
R3-UNIT comp 831 k 2
R3-UNIT comp 831 k 3
R3-UNIT comp 832 k 1
R3-UNIT comp 832 k 2
R3-UNIT comp 832 k 3
R3-UNIT comp 833 k 1
R3-UNIT comp 833 k 2
R3-UNIT comp 833 k 3
R3-UNIT comp 834 k 1
R3-UNIT comp 834 k 2
R3-UNIT comp 834 k 3
R3-UNIT comp 835 k 1
R3-UNIT comp 835 k 2
R3-UNIT comp 835 k 3
R3-UNIT comp 839 k 1
R3-UNIT comp 839 k 2
R3-UNIT comp 839 k 3
R3-UNIT comp 840 k 1
R3-UNIT comp 840 k 2
R3-UNIT comp 840 k 3
R3-UNIT comp 842 k 1
R3-UNIT comp 842 k 2
R3-UNIT comp 842 k 3
R3-UNIT comp 843 k 1
R3-UNIT comp 843 k 2
R3-UNIT comp 843 k 3
R3-UNIT comp 856 k 1
R3-UNIT comp 856 k 2
R3-UNIT comp 856 k 3
R3-UNIT comp 857 k 1
R3-UNIT comp 857 k 2
R3-UNIT comp 857 k 3
R3-UNIT comp 858 k 1
R3-UNIT comp 858 k 2
R3-UNIT comp 858 k 3
R3-UNIT comp 859 k 1
R3-UNIT comp 859 k 2
R3-UNIT comp 859 k 3
R3-UNIT comp 867 k 1
R3-UNIT comp 867 k 2
R3-UNIT comp 867 k 3
R3-UNIT comp 870 k 1
R3-UNIT comp 870 k 2
R3-UNIT comp 870 k 3
R3-UNIT comp 875 k 1
R3-UNIT comp 875 k 2
R3-UNIT comp 875 k 3
R3-UNIT comp 894 k 1
R3-UNIT comp 894 k 2
R3-UNIT comp 894 k 3
R3-UNIT comp 899 k 1
R3-UNIT comp 899 k 2
R3-UNIT comp 899 k 3
R3-UNIT comp 900 k 1
R3-UNIT comp 900 k 2
R3-UNIT comp 900 k 3
R3-UNIT comp 902 k 1
R3-UNIT comp 902 k 2
R3-UNIT comp 902 k 3
R3-UNIT comp 908 k 1
R3-UNIT comp 908 k 2
R3-UNIT comp 908 k 3
R3-UNIT comp 911 k 1
R3-UNIT comp 911 k 2
R3-UNIT comp 911 k 3
R3-UNIT comp 912 k 1
R3-UNIT comp 912 k 2
R3-UNIT comp 912 k 3
R3-UNIT comp 916 k 1
R3-UNIT comp 916 k 2
R3-UNIT comp 916 k 3
R3-UNIT comp 917 k 1
R3-UNIT comp 917 k 2
R3-UNIT comp 917 k 3
R3-UNIT comp 918 k 1
R3-UNIT comp 918 k 2
R3-UNIT comp 918 k 3
R3-UNIT comp 922 k 1
R3-UNIT comp 922 k 2
R3-UNIT comp 922 k 3
R3-UNIT comp 923 k 1
R3-UNIT comp 923 k 2
R3-UNIT comp 923 k 3
R3-UNIT comp 933 k 1
R3-UNIT comp 933 k 2
R3-UNIT comp 933 k 3
R3-UNIT comp 934 k 1
R3-UNIT comp 934 k 2
R3-UNIT comp 934 k 3
R3-UNIT comp 938 k 1
R3-UNIT comp 938 k 2
R3-UNIT comp 938 k 3
R3-UNIT comp 946 k 1
R3-UNIT comp 946 k 2
R3-UNIT comp 946 k 3
R3-UNIT comp 947 k 1
R3-UNIT comp 947 k 2
R3-UNIT comp 947 k 3
R3-UNIT comp 953 k 1
R3-UNIT comp 953 k 2
R3-UNIT comp 953 k 3
R3-UNIT comp 957 k 1
R3-UNIT comp 957 k 2
R3-UNIT comp 957 k 3
R3-UNIT comp 958 k 1
R3-UNIT comp 958 k 2
R3-UNIT comp 958 k 3
R3-UNIT comp 959 k 1
R3-UNIT comp 959 k 2
R3-UNIT comp 959 k 3
R3-UNIT comp 961 k 1
R3-UNIT comp 961 k 2
R3-UNIT comp 961 k 3
R3-UNIT comp 962 k 1
R3-UNIT comp 962 k 2
R3-UNIT comp 962 k 3
R3-UNIT comp 964 k 1
R3-UNIT comp 964 k 2
R3-UNIT comp 964 k 3
R3-UNIT comp 967 k 1
R3-UNIT comp 967 k 2
R3-UNIT comp 967 k 3
R3-UNIT comp 972 k 1
R3-UNIT comp 972 k 2
R3-UNIT comp 972 k 3
R3-UNIT comp 973 k 1
R3-UNIT comp 973 k 2
R3-UNIT comp 973 k 3
R3-UNIT comp 975 k 1
R3-UNIT comp 975 k 2
R3-UNIT comp 975 k 3
R3-UNIT comp 977 k 1
R3-UNIT comp 977 k 2
R3-UNIT comp 977 k 3
R3-UNIT comp 980 k 1
R3-UNIT comp 980 k 2
R3-UNIT comp 980 k 3
R3-UNIT comp 981 k 1
R3-UNIT comp 981 k 2
R3-UNIT comp 981 k 3
R3-UNIT comp 983 k 1
R3-UNIT comp 983 k 2
R3-UNIT comp 983 k 3
R3-UNIT comp 984 k 1
R3-UNIT comp 984 k 2
R3-UNIT comp 984 k 3
R3-UNIT comp 985 k 1
R3-UNIT comp 985 k 2
R3-UNIT comp 985 k 3
R3-UNIT comp 1005 k 1
R3-UNIT comp 1005 k 2
R3-UNIT comp 1005 k 3
R3-UNIT comp 1009 k 1
R3-UNIT comp 1009 k 2
R3-UNIT comp 1009 k 3
R3-UNIT comp 1010 k 1
R3-UNIT comp 1010 k 2
R3-UNIT comp 1010 k 3
R3-UNIT comp 1032 k 1
R3-UNIT comp 1032 k 2
R3-UNIT comp 1032 k 3
R3-UNIT comp 1037 k 1
R3-UNIT comp 1037 k 2
R3-UNIT comp 1037 k 3
R3-UNIT comp 1060 k 1
R3-UNIT comp 1060 k 2
R3-UNIT comp 1060 k 3
R3-UNIT comp 1074 k 1
R3-UNIT comp 1074 k 2
R3-UNIT comp 1074 k 3
R3-UNIT comp 1075 k 1
R3-UNIT comp 1075 k 2
R3-UNIT comp 1075 k 3
R3-UNIT comp 1077 k 1
R3-UNIT comp 1077 k 2
R3-UNIT comp 1077 k 3
R3-UNIT comp 1078 k 1
R3-UNIT comp 1078 k 2
R3-UNIT comp 1078 k 3
R3-UNIT comp 1081 k 1
R3-UNIT comp 1081 k 2
R3-UNIT comp 1081 k 3
R3-UNIT comp 1082 k 1
R3-UNIT comp 1082 k 2
R3-UNIT comp 1082 k 3
R3-UNIT comp 1083 k 1
R3-UNIT comp 1083 k 2
R3-UNIT comp 1083 k 3
R3-UNIT comp 1109 k 1
R3-UNIT comp 1109 k 2
R3-UNIT comp 1109 k 3
R3-UNIT comp 1110 k 1
R3-UNIT comp 1110 k 2
R3-UNIT comp 1110 k 3
R3-UNIT comp 1114 k 1
R3-UNIT comp 1114 k 2
R3-UNIT comp 1114 k 3
R3-UNIT comp 1118 k 1
R3-UNIT comp 1118 k 2
R3-UNIT comp 1118 k 3
R3-UNIT comp 1119 k 1
R3-UNIT comp 1119 k 2
R3-UNIT comp 1119 k 3
R3-UNIT comp 1121 k 1
R3-UNIT comp 1121 k 2
R3-UNIT comp 1121 k 3
R3-UNIT comp 1122 k 1
R3-UNIT comp 1122 k 2
R3-UNIT comp 1122 k 3
R3-UNIT comp 1123 k 1
R3-UNIT comp 1123 k 2
R3-UNIT comp 1123 k 3
R3-UNIT comp 1124 k 1
R3-UNIT comp 1124 k 2
R3-UNIT comp 1124 k 3
R3-UNIT comp 1125 k 1
R3-UNIT comp 1125 k 2
R3-UNIT comp 1125 k 3
R3-UNIT comp 1126 k 1
R3-UNIT comp 1126 k 2
R3-UNIT comp 1126 k 3
R3-UNIT comp 1127 k 1
R3-UNIT comp 1127 k 2
R3-UNIT comp 1127 k 3
R3-UNIT comp 1128 k 1
R3-UNIT comp 1128 k 2
R3-UNIT comp 1128 k 3
R3-UNIT comp 1131 k 1
R3-UNIT comp 1131 k 2
R3-UNIT comp 1131 k 3
R3-UNIT comp 1133 k 1
R3-UNIT comp 1133 k 2
R3-UNIT comp 1133 k 3
R3-UNIT comp 1134 k 1
R3-UNIT comp 1134 k 2
R3-UNIT comp 1134 k 3
R3-UNIT comp 1137 k 1
R3-UNIT comp 1137 k 2
R3-UNIT comp 1137 k 3
R3-UNIT comp 1138 k 1
R3-UNIT comp 1138 k 2
R3-UNIT comp 1138 k 3
R3-UNIT comp 1148 k 1
R3-UNIT comp 1148 k 2
R3-UNIT comp 1148 k 3
R3-UNIT comp 1149 k 1
R3-UNIT comp 1149 k 2
R3-UNIT comp 1149 k 3
R3-UNIT comp 1150 k 1
R3-UNIT comp 1150 k 2
R3-UNIT comp 1150 k 3
R3-UNIT comp 1161 k 1
R3-UNIT comp 1161 k 2
R3-UNIT comp 1161 k 3
R3-UNIT comp 1165 k 1
R3-UNIT comp 1165 k 2
R3-UNIT comp 1165 k 3
R3-UNIT comp 1175 k 1
R3-UNIT comp 1175 k 2
R3-UNIT comp 1175 k 3
R3-UNIT comp 1178 k 1
R3-UNIT comp 1178 k 2
R3-UNIT comp 1178 k 3
R3-UNIT comp 1181 k 1
R3-UNIT comp 1181 k 2
R3-UNIT comp 1181 k 3
R3-UNIT comp 1182 k 1
R3-UNIT comp 1182 k 2
R3-UNIT comp 1182 k 3
R3-UNIT comp 1183 k 1
R3-UNIT comp 1183 k 2
R3-UNIT comp 1183 k 3
R3-UNIT comp 1184 k 1
R3-UNIT comp 1184 k 2
R3-UNIT comp 1184 k 3
R3-UNIT comp 1188 k 1
R3-UNIT comp 1188 k 2
R3-UNIT comp 1188 k 3
R3-UNIT comp 1189 k 1
R3-UNIT comp 1189 k 2
R3-UNIT comp 1189 k 3
R3-UNIT comp 1192 k 1
R3-UNIT comp 1192 k 2
R3-UNIT comp 1192 k 3
R3-UNIT comp 1194 k 1
R3-UNIT comp 1194 k 2
R3-UNIT comp 1194 k 3
R3-UNIT comp 1195 k 1
R3-UNIT comp 1195 k 2
R3-UNIT comp 1195 k 3
R3-UNIT comp 1196 k 1
R3-UNIT comp 1196 k 2
R3-UNIT comp 1196 k 3
R3-UNIT comp 1200 k 1
R3-UNIT comp 1200 k 2
R3-UNIT comp 1200 k 3
R3-UNIT comp 1202 k 1
R3-UNIT comp 1202 k 2
R3-UNIT comp 1202 k 3
R3-UNIT comp 1214 k 1
R3-UNIT comp 1214 k 2
R3-UNIT comp 1214 k 3
R3-UNIT comp 1215 k 1
R3-UNIT comp 1215 k 2
R3-UNIT comp 1215 k 3
R3-UNIT comp 1217 k 1
R3-UNIT comp 1217 k 2
R3-UNIT comp 1217 k 3
R3-UNIT comp 1220 k 1
R3-UNIT comp 1220 k 2
R3-UNIT comp 1220 k 3
R3-UNIT comp 1221 k 1
R3-UNIT comp 1221 k 2
R3-UNIT comp 1221 k 3
R3-UNIT comp 1222 k 1
R3-UNIT comp 1222 k 2
R3-UNIT comp 1222 k 3
R3-UNIT comp 1223 k 1
R3-UNIT comp 1223 k 2
R3-UNIT comp 1223 k 3
R3-UNIT comp 1228 k 1
R3-UNIT comp 1228 k 2
R3-UNIT comp 1228 k 3
R3-UNIT comp 1229 k 1
R3-UNIT comp 1229 k 2
R3-UNIT comp 1229 k 3
R3-UNIT comp 1230 k 1
R3-UNIT comp 1230 k 2
R3-UNIT comp 1230 k 3
R3-UNIT comp 1231 k 1
R3-UNIT comp 1231 k 2
R3-UNIT comp 1231 k 3
R3-UNIT comp 1234 k 1
R3-UNIT comp 1234 k 2
R3-UNIT comp 1234 k 3
R3-UNIT comp 1236 k 1
R3-UNIT comp 1236 k 2
R3-UNIT comp 1236 k 3
R3-UNIT comp 1237 k 1
R3-UNIT comp 1237 k 2
R3-UNIT comp 1237 k 3
R3-UNIT comp 1238 k 1
R3-UNIT comp 1238 k 2
R3-UNIT comp 1238 k 3
R3-UNIT comp 1239 k 1
R3-UNIT comp 1239 k 2
R3-UNIT comp 1239 k 3
R3-UNIT comp 1240 k 1
R3-UNIT comp 1240 k 2
R3-UNIT comp 1240 k 3
R3-UNIT comp 1241 k 1
R3-UNIT comp 1241 k 2
R3-UNIT comp 1241 k 3
R3-UNIT comp 1242 k 1
R3-UNIT comp 1242 k 2
R3-UNIT comp 1242 k 3
R3-UNIT comp 1249 k 1
R3-UNIT comp 1249 k 2
R3-UNIT comp 1249 k 3
R3-UNIT comp 1258 k 1
R3-UNIT comp 1258 k 2
R3-UNIT comp 1258 k 3
R3-UNIT comp 1276 k 1
R3-UNIT comp 1276 k 2
R3-UNIT comp 1276 k 3
R3-UNIT comp 1278 k 1
R3-UNIT comp 1278 k 2
R3-UNIT comp 1278 k 3
R3-UNIT comp 1280 k 1
R3-UNIT comp 1280 k 2
R3-UNIT comp 1280 k 3
R3-UNIT comp 1283 k 1
R3-UNIT comp 1283 k 2
R3-UNIT comp 1283 k 3
R3-UNIT comp 1284 k 1
R3-UNIT comp 1284 k 2
R3-UNIT comp 1284 k 3
R3-UNIT comp 1286 k 1
R3-UNIT comp 1286 k 2
R3-UNIT comp 1286 k 3
R3-UNIT comp 1288 k 1
R3-UNIT comp 1288 k 2
R3-UNIT comp 1288 k 3
R3-UNIT comp 1289 k 1
R3-UNIT comp 1289 k 2
R3-UNIT comp 1289 k 3
R3-UNIT comp 1294 k 1
R3-UNIT comp 1294 k 2
R3-UNIT comp 1294 k 3
R3-UNIT comp 1295 k 1
R3-UNIT comp 1295 k 2
R3-UNIT comp 1295 k 3
R3-UNIT comp 1297 k 1
R3-UNIT comp 1297 k 2
R3-UNIT comp 1297 k 3
R3-UNIT comp 1298 k 1
R3-UNIT comp 1298 k 2
R3-UNIT comp 1298 k 3
R3-UNIT comp 1304 k 1
R3-UNIT comp 1304 k 2
R3-UNIT comp 1304 k 3
R3-UNIT comp 1306 k 1
R3-UNIT comp 1306 k 2
R3-UNIT comp 1306 k 3
R3-UNIT comp 1307 k 1
R3-UNIT comp 1307 k 2
R3-UNIT comp 1307 k 3
R3-UNIT comp 1308 k 1
R3-UNIT comp 1308 k 2
R3-UNIT comp 1308 k 3
R3-UNIT comp 1309 k 1
R3-UNIT comp 1309 k 2
R3-UNIT comp 1309 k 3
R3-UNIT comp 1335 k 1
R3-UNIT comp 1335 k 2
R3-UNIT comp 1335 k 3
R3-UNIT comp 1336 k 1
R3-UNIT comp 1336 k 2
R3-UNIT comp 1336 k 3
R3-UNIT comp 1363 k 1
R3-UNIT comp 1363 k 2
R3-UNIT comp 1363 k 3
R3-UNIT comp 1364 k 1
R3-UNIT comp 1364 k 2
R3-UNIT comp 1364 k 3
R3-UNIT comp 1365 k 1
R3-UNIT comp 1365 k 2
R3-UNIT comp 1365 k 3
R3-UNIT comp 1366 k 1
R3-UNIT comp 1366 k 2
R3-UNIT comp 1366 k 3
R3-UNIT comp 1367 k 1
R3-UNIT comp 1367 k 2
R3-UNIT comp 1367 k 3
R3-UNIT comp 1368 k 1
R3-UNIT comp 1368 k 2
R3-UNIT comp 1368 k 3
R3-UNIT comp 1369 k 1
R3-UNIT comp 1369 k 2
R3-UNIT comp 1369 k 3
R3-UNIT comp 1370 k 1
R3-UNIT comp 1370 k 2
R3-UNIT comp 1370 k 3
R3-UNIT comp 1371 k 1
R3-UNIT comp 1371 k 2
R3-UNIT comp 1371 k 3
R3-UNIT comp 1395 k 1
R3-UNIT comp 1395 k 2
R3-UNIT comp 1395 k 3
R3-UNIT comp 1396 k 1
R3-UNIT comp 1396 k 2
R3-UNIT comp 1396 k 3
R3-UNIT comp 1399 k 1
R3-UNIT comp 1399 k 2
R3-UNIT comp 1399 k 3
R3-UNIT comp 1424 k 1
R3-UNIT comp 1424 k 2
R3-UNIT comp 1424 k 3
R3-UNIT comp 1425 k 1
R3-UNIT comp 1425 k 2
R3-UNIT comp 1425 k 3
R3-UNIT comp 1429 k 1
R3-UNIT comp 1429 k 2
R3-UNIT comp 1429 k 3
R3-UNIT comp 1433 k 1
R3-UNIT comp 1433 k 2
R3-UNIT comp 1433 k 3
R3-UNIT comp 1437 k 1
R3-UNIT comp 1437 k 2
R3-UNIT comp 1437 k 3
R3-UNIT comp 1438 k 1
R3-UNIT comp 1438 k 2
R3-UNIT comp 1438 k 3
R3-UNIT comp 1455 k 1
R3-UNIT comp 1455 k 2
R3-UNIT comp 1455 k 3
R3-UNIT comp 1457 k 1
R3-UNIT comp 1457 k 2
R3-UNIT comp 1457 k 3
R3-UNIT comp 1463 k 1
R3-UNIT comp 1463 k 2
R3-UNIT comp 1463 k 3
R3-UNIT comp 1464 k 1
R3-UNIT comp 1464 k 2
R3-UNIT comp 1464 k 3
R3-UNIT comp 1472 k 1
R3-UNIT comp 1472 k 2
R3-UNIT comp 1472 k 3
R3-UNIT comp 1473 k 1
R3-UNIT comp 1473 k 2
R3-UNIT comp 1473 k 3
R3-UNIT comp 1474 k 1
R3-UNIT comp 1474 k 2
R3-UNIT comp 1474 k 3
R3-UNIT comp 1476 k 1
R3-UNIT comp 1476 k 2
R3-UNIT comp 1476 k 3
R3-UNIT comp 1478 k 1
R3-UNIT comp 1478 k 2
R3-UNIT comp 1478 k 3
R3-UNIT comp 1489 k 1
R3-UNIT comp 1489 k 2
R3-UNIT comp 1489 k 3
R3-UNIT comp 1490 k 1
R3-UNIT comp 1490 k 2
R3-UNIT comp 1490 k 3
R3-UNIT comp 1493 k 1
R3-UNIT comp 1493 k 2
R3-UNIT comp 1493 k 3
R3-UNIT comp 1502 k 1
R3-UNIT comp 1502 k 2
R3-UNIT comp 1502 k 3
R3-UNIT comp 1505 k 1
R3-UNIT comp 1505 k 2
R3-UNIT comp 1505 k 3
R3-UNIT comp 1515 k 1
R3-UNIT comp 1515 k 2
R3-UNIT comp 1515 k 3
R3-UNIT comp 1516 k 1
R3-UNIT comp 1516 k 2
R3-UNIT comp 1516 k 3
R3-UNIT comp 1518 k 1
R3-UNIT comp 1518 k 2
R3-UNIT comp 1518 k 3
R3-UNIT comp 1520 k 1
R3-UNIT comp 1520 k 2
R3-UNIT comp 1520 k 3
R3-UNIT comp 1522 k 1
R3-UNIT comp 1522 k 2
R3-UNIT comp 1522 k 3
R3-UNIT comp 1525 k 1
R3-UNIT comp 1525 k 2
R3-UNIT comp 1525 k 3
R3-UNIT comp 1529 k 1
R3-UNIT comp 1529 k 2
R3-UNIT comp 1529 k 3
R3-UNIT comp 1530 k 1
R3-UNIT comp 1530 k 2
R3-UNIT comp 1530 k 3
R3-UNIT comp 1534 k 1
R3-UNIT comp 1534 k 2
R3-UNIT comp 1534 k 3
R3-UNIT comp 1535 k 1
R3-UNIT comp 1535 k 2
R3-UNIT comp 1535 k 3
R3-UNIT comp 1537 k 1
R3-UNIT comp 1537 k 2
R3-UNIT comp 1537 k 3
R3-UNIT comp 1538 k 1
R3-UNIT comp 1538 k 2
R3-UNIT comp 1538 k 3
R3-UNIT comp 1541 k 1
R3-UNIT comp 1541 k 2
R3-UNIT comp 1541 k 3
R3-UNIT comp 1542 k 1
R3-UNIT comp 1542 k 2
R3-UNIT comp 1542 k 3
R3-UNIT comp 1544 k 1
R3-UNIT comp 1544 k 2
R3-UNIT comp 1544 k 3
R3-UNIT comp 1547 k 1
R3-UNIT comp 1547 k 2
R3-UNIT comp 1547 k 3
R3-UNIT comp 1555 k 1
R3-UNIT comp 1555 k 2
R3-UNIT comp 1555 k 3
R3-UNIT comp 1556 k 1
R3-UNIT comp 1556 k 2
R3-UNIT comp 1556 k 3
R3-UNIT comp 1557 k 1
R3-UNIT comp 1557 k 2
R3-UNIT comp 1557 k 3
R3-UNIT comp 1558 k 1
R3-UNIT comp 1558 k 2
R3-UNIT comp 1558 k 3
R3-UNIT comp 1574 k 1
R3-UNIT comp 1574 k 2
R3-UNIT comp 1574 k 3
R3-UNIT comp 1575 k 1
R3-UNIT comp 1575 k 2
R3-UNIT comp 1575 k 3
R3-UNIT comp 1577 k 1
R3-UNIT comp 1577 k 2
R3-UNIT comp 1577 k 3
R3-UNIT comp 1578 k 1
R3-UNIT comp 1578 k 2
R3-UNIT comp 1578 k 3
R3-UNIT comp 1595 k 1
R3-UNIT comp 1595 k 2
R3-UNIT comp 1595 k 3
R3-UNIT comp 1596 k 1
R3-UNIT comp 1596 k 2
R3-UNIT comp 1596 k 3
R3-UNIT comp 1598 k 1
R3-UNIT comp 1598 k 2
R3-UNIT comp 1598 k 3
R3-UNIT comp 1600 k 1
R3-UNIT comp 1600 k 2
R3-UNIT comp 1600 k 3
R3-UNIT comp 1602 k 1
R3-UNIT comp 1602 k 2
R3-UNIT comp 1602 k 3
R3-UNIT comp 1620 k 1
R3-UNIT comp 1620 k 2
R3-UNIT comp 1620 k 3
R3-UNIT comp 1621 k 1
R3-UNIT comp 1621 k 2
R3-UNIT comp 1621 k 3
R3-UNIT comp 1627 k 1
R3-UNIT comp 1627 k 2
R3-UNIT comp 1627 k 3
R3-UNIT comp 1643 k 1
R3-UNIT comp 1643 k 2
R3-UNIT comp 1643 k 3
R3-UNIT comp 1649 k 1
R3-UNIT comp 1649 k 2
R3-UNIT comp 1649 k 3
R3-UNIT comp 1652 k 1
R3-UNIT comp 1652 k 2
R3-UNIT comp 1652 k 3
R3-UNIT comp 1653 k 1
R3-UNIT comp 1653 k 2
R3-UNIT comp 1653 k 3
R3-UNIT comp 1655 k 1
R3-UNIT comp 1655 k 2
R3-UNIT comp 1655 k 3
R3-UNIT comp 1656 k 1
R3-UNIT comp 1656 k 2
R3-UNIT comp 1656 k 3
R3-UNIT comp 1661 k 1
R3-UNIT comp 1661 k 2
R3-UNIT comp 1661 k 3
R3-UNIT comp 1677 k 1
R3-UNIT comp 1677 k 2
R3-UNIT comp 1677 k 3
R3-UNIT comp 1682 k 1
R3-UNIT comp 1682 k 2
R3-UNIT comp 1682 k 3
R3-UNIT comp 1683 k 1
R3-UNIT comp 1683 k 2
R3-UNIT comp 1683 k 3
R3-UNIT comp 1684 k 1
R3-UNIT comp 1684 k 2
R3-UNIT comp 1684 k 3
R3-UNIT comp 1690 k 1
R3-UNIT comp 1690 k 2
R3-UNIT comp 1690 k 3
R3-UNIT comp 1695 k 1
R3-UNIT comp 1695 k 2
R3-UNIT comp 1695 k 3
R3-UNIT comp 1700 k 1
R3-UNIT comp 1700 k 2
R3-UNIT comp 1700 k 3
R3-UNIT comp 1724 k 1
R3-UNIT comp 1724 k 2
R3-UNIT comp 1724 k 3
R3-UNIT comp 1725 k 1
R3-UNIT comp 1725 k 2
R3-UNIT comp 1725 k 3
R3-UNIT comp 1726 k 1
R3-UNIT comp 1726 k 2
R3-UNIT comp 1726 k 3
R3-UNIT comp 1727 k 1
R3-UNIT comp 1727 k 2
R3-UNIT comp 1727 k 3
R3-UNIT comp 1728 k 1
R3-UNIT comp 1728 k 2
R3-UNIT comp 1728 k 3
R3-UNIT comp 1729 k 1
R3-UNIT comp 1729 k 2
R3-UNIT comp 1729 k 3
R3-UNIT comp 1730 k 1
R3-UNIT comp 1730 k 2
R3-UNIT comp 1730 k 3
R3-UNIT comp 1731 k 1
R3-UNIT comp 1731 k 2
R3-UNIT comp 1731 k 3
R3-UNIT comp 1734 k 1
R3-UNIT comp 1734 k 2
R3-UNIT comp 1734 k 3
R3-UNIT comp 1735 k 1
R3-UNIT comp 1735 k 2
R3-UNIT comp 1735 k 3
R3-UNIT comp 1737 k 1
R3-UNIT comp 1737 k 2
R3-UNIT comp 1737 k 3
R3-UNIT comp 1740 k 1
R3-UNIT comp 1740 k 2
R3-UNIT comp 1740 k 3
R3-UNIT comp 1743 k 1
R3-UNIT comp 1743 k 2
R3-UNIT comp 1743 k 3
R3-UNIT comp 1744 k 1
R3-UNIT comp 1744 k 2
R3-UNIT comp 1744 k 3
R3-UNIT comp 1786 k 1
R3-UNIT comp 1786 k 2
R3-UNIT comp 1786 k 3
R3-UNIT comp 1793 k 1
R3-UNIT comp 1793 k 2
R3-UNIT comp 1793 k 3
R3-CERT system 726: ALL-UNIT

halt 1
