R3-NCOMP 10
R3-COMP 1 DEAD
R3-COMP 2 DEAD
R3-COMP 3 LIVE ngens 7
R3-COMP 4 LIVE ngens 7
R3-COMP 5 LIVE ngens 8
R3-COMP 6 DEAD
R3-COMP 7 DEAD
R3-COMP 8 DEAD
R3-COMP 9 DEAD
R3-COMP 10 DEAD
R3-NLIVE 3
R3-UNIT comp 3 k 1
R3-UNIT comp 3 k 2
R3-UNIT comp 3 k 3
R3-UNIT comp 4 k 1
R3-UNIT comp 4 k 2
R3-UNIT comp 4 k 3
R3-UNIT comp 5 k 1
R3-UNIT comp 5 k 2
R3-UNIT comp 5 k 3
R3-CERT system 684: ALL-UNIT
R3-COVER-NGENS 47
R3-J-GENS:
J[1]=q10*q5*q0
J[2]=q11*q5*q0
J[3]=q8*q6*q0+2*q9*q4*q0-2*q10*q3*q0
J[4]=q9*q6*q0-q11*q3*q0
J[5]=2*q8*q7*q0-q10*q6*q0+q11*q4*q0
J[6]=q9*q7*q0
J[7]=q11*q7*q0
J[8]=q11*q3*q1
J[9]=q8*q4*q1
J[10]=q9*q4*q1
J[11]=q10*q4*q1
J[12]=q11*q4*q1
J[13]=q10*q5*q1
J[14]=q11*q5*q1
J[15]=q8*q6*q1-2*q10*q3*q1
J[16]=q9*q6*q1
J[17]=q11*q6*q1
J[18]=2*q8*q7*q1-q10*q6*q1
J[19]=q9*q7*q1
J[20]=q11*q7*q1
J[21]=q9*q3*q2
J[22]=q11*q3*q2
J[23]=q8*q4*q2
J[24]=q9*q4*q2
J[25]=q11*q4*q2
J[26]=q8*q5*q2
J[27]=q9*q5*q2
J[28]=q10*q5*q2
J[29]=q11*q5*q2
J[30]=q8*q6*q2-2*q10*q3*q2
J[31]=q9*q6*q2
J[32]=q11*q6*q2
J[33]=2*q8*q7*q2-q10*q6*q2
J[34]=q9*q7*q2
J[35]=q11*q7*q2
J[36]=q11*q8*q3*q0
J[37]=q9*q5*q4*q0
J[38]=q11*q8*q4*q0
J[39]=2*q9^2*q4*q0-2*q10*q9*q3*q0+q11*q8*q3*q0
J[40]=q11*q9*q4*q0-q11*q10*q3*q0
J[41]=q10*q6^2*q0-q11*q6*q4*q0-4*q10*q7*q3*q0
J[42]=q11*q10*q6*q0-q11^2*q4*q0
J[43]=q10*q9*q3*q1
J[44]=q10*q6^2*q1-4*q10*q7*q3*q1
J[45]=q10*q4*q3*q2
J[46]=q10*q6*q4*q2
J[47]=q10*q6^2*q2-4*q10*q7*q3*q2
R3-COVER-GEN 1 IN-RADICAL
R3-COVER-GEN 2 IN-RADICAL
R3-COVER-GEN 3 IN-RADICAL
R3-COVER-GEN 4 IN-RADICAL
R3-COVER-GEN 5 IN-RADICAL
R3-COVER-GEN 6 IN-RADICAL
R3-COVER-GEN 7 IN-RADICAL
R3-COVER-GEN 8 IN-RADICAL
R3-COVER-GEN 9 IN-RADICAL
R3-COVER-GEN 10 IN-RADICAL
R3-COVER-GEN 11 IN-RADICAL
R3-COVER-GEN 12 IN-RADICAL
R3-COVER-GEN 13 IN-RADICAL
R3-COVER-GEN 14 IN-RADICAL
R3-COVER-GEN 15 IN-RADICAL
R3-COVER-GEN 16 IN-RADICAL
R3-COVER-GEN 17 IN-RADICAL
R3-COVER-GEN 18 IN-RADICAL
R3-COVER-GEN 19 IN-RADICAL
R3-COVER-GEN 20 IN-RADICAL
R3-COVER-GEN 21 IN-RADICAL
R3-COVER-GEN 22 IN-RADICAL
R3-COVER-GEN 23 IN-RADICAL
R3-COVER-GEN 24 IN-RADICAL
R3-COVER-GEN 25 IN-RADICAL
R3-COVER-GEN 26 IN-RADICAL
R3-COVER-GEN 27 IN-RADICAL
R3-COVER-GEN 28 IN-RADICAL
R3-COVER-GEN 29 IN-RADICAL
R3-COVER-GEN 30 IN-RADICAL
R3-COVER-GEN 31 IN-RADICAL
R3-COVER-GEN 32 IN-RADICAL
R3-COVER-GEN 33 IN-RADICAL
R3-COVER-GEN 34 IN-RADICAL
R3-COVER-GEN 35 IN-RADICAL
R3-COVER-GEN 36 IN-RADICAL
R3-COVER-GEN 37 IN-RADICAL
R3-COVER-GEN 38 IN-RADICAL
R3-COVER-GEN 39 IN-RADICAL
R3-COVER-GEN 40 IN-RADICAL
R3-COVER-GEN 41 IN-RADICAL
R3-COVER-GEN 42 IN-RADICAL
R3-COVER-GEN 43 IN-RADICAL
R3-COVER-GEN 44 IN-RADICAL
R3-COVER-GEN 45 IN-RADICAL
R3-COVER-GEN 46 IN-RADICAL
R3-COVER-GEN 47 IN-RADICAL
R3-COVERING system 684: ALL generators of intersection in radical(KE) -- covering SOUND
R3-DONE system 684
