R3-NCOMP 136
R3-COMP 1 DEAD
R3-COMP 2 DEAD
R3-COMP 3 LIVE ngens 10
R3-COMP 4 DEAD
R3-COMP 5 LIVE ngens 11
R3-COMP 6 DEAD
R3-COMP 7 DEAD
R3-COMP 8 DEAD
R3-COMP 9 DEAD
R3-COMP 10 LIVE ngens 10
R3-COMP 11 LIVE ngens 13
R3-COMP 12 DEAD
R3-COMP 13 LIVE ngens 15
R3-COMP 14 DEAD
R3-COMP 15 LIVE ngens 14
R3-COMP 16 DEAD
R3-COMP 17 DEAD
R3-COMP 18 DEAD
R3-COMP 19 DEAD
R3-COMP 20 DEAD
R3-COMP 21 DEAD
R3-COMP 22 DEAD
R3-COMP 23 DEAD
R3-COMP 24 LIVE ngens 16
R3-COMP 25 DEAD
R3-COMP 26 LIVE ngens 15
R3-COMP 27 LIVE ngens 15
R3-COMP 28 DEAD
R3-COMP 29 DEAD
R3-COMP 30 LIVE ngens 11
R3-COMP 31 DEAD
R3-COMP 32 DEAD
R3-COMP 33 DEAD
R3-COMP 34 DEAD
R3-COMP 35 LIVE ngens 16
R3-COMP 36 DEAD
R3-COMP 37 DEAD
R3-COMP 38 DEAD
R3-COMP 39 DEAD
R3-COMP 40 DEAD
R3-COMP 41 LIVE ngens 14
R3-COMP 42 DEAD
R3-COMP 43 DEAD
R3-COMP 44 DEAD
R3-COMP 45 DEAD
R3-COMP 46 LIVE ngens 11
R3-COMP 47 LIVE ngens 10
R3-COMP 48 LIVE ngens 13
R3-COMP 49 LIVE ngens 13
R3-COMP 50 DEAD
R3-COMP 51 LIVE ngens 15
R3-COMP 52 DEAD
R3-COMP 53 DEAD
R3-COMP 54 DEAD
R3-COMP 55 LIVE ngens 12
R3-COMP 56 DEAD
R3-COMP 57 DEAD
R3-COMP 58 DEAD
R3-COMP 59 DEAD
R3-COMP 60 DEAD
R3-COMP 61 DEAD
R3-COMP 62 DEAD
R3-COMP 63 DEAD
R3-COMP 64 DEAD
R3-COMP 65 DEAD
R3-COMP 66 LIVE ngens 13
R3-COMP 67 DEAD
R3-COMP 68 LIVE ngens 14
R3-COMP 69 DEAD
R3-COMP 70 DEAD
R3-COMP 71 DEAD
R3-COMP 72 DEAD
R3-COMP 73 DEAD
R3-COMP 74 DEAD
R3-COMP 75 DEAD
R3-COMP 76 DEAD
R3-COMP 77 LIVE ngens 13
R3-COMP 78 LIVE ngens 15
R3-COMP 79 DEAD
R3-COMP 80 LIVE ngens 15
R3-COMP 81 DEAD
R3-COMP 82 DEAD
R3-COMP 83 DEAD
R3-COMP 84 LIVE ngens 15
R3-COMP 85 DEAD
R3-COMP 86 DEAD
R3-COMP 87 DEAD
R3-COMP 88 DEAD
R3-COMP 89 LIVE ngens 14
R3-COMP 90 LIVE ngens 14
R3-COMP 91 DEAD
R3-COMP 92 DEAD
R3-COMP 93 DEAD
R3-COMP 94 DEAD
R3-COMP 95 DEAD
R3-COMP 96 DEAD
R3-COMP 97 DEAD
R3-COMP 98 LIVE ngens 10
R3-COMP 99 LIVE ngens 15
R3-COMP 100 LIVE ngens 15
R3-COMP 101 DEAD
R3-COMP 102 DEAD
R3-COMP 103 DEAD
R3-COMP 104 DEAD
R3-COMP 105 LIVE ngens 10
R3-COMP 106 LIVE ngens 10
R3-COMP 107 DEAD
R3-COMP 108 DEAD
R3-COMP 109 LIVE ngens 12
R3-COMP 110 LIVE ngens 11
R3-COMP 111 LIVE ngens 12
R3-COMP 112 LIVE ngens 12
R3-COMP 113 LIVE ngens 11
R3-COMP 114 DEAD
R3-COMP 115 DEAD
R3-COMP 116 DEAD
R3-COMP 117 LIVE ngens 12
R3-COMP 118 LIVE ngens 11
R3-COMP 119 DEAD
R3-COMP 120 DEAD
R3-COMP 121 LIVE ngens 15
R3-COMP 122 DEAD
R3-COMP 123 DEAD
R3-COMP 124 DEAD
R3-COMP 125 DEAD
R3-COMP 126 DEAD
R3-COMP 127 DEAD
R3-COMP 128 LIVE ngens 15
R3-COMP 129 DEAD
R3-COMP 130 DEAD
R3-COMP 131 LIVE ngens 17
R3-COMP 132 DEAD
R3-COMP 133 DEAD
R3-COMP 134 DEAD
R3-COMP 135 LIVE ngens 14
R3-COMP 136 DEAD
R3-NLIVE 42
R3-UNIT comp 3 k 1
R3-UNIT comp 3 k 2
R3-UNIT comp 3 k 3
R3-UNIT comp 5 k 1
R3-UNIT comp 5 k 2
R3-UNIT comp 5 k 3
R3-UNIT comp 10 k 1
R3-UNIT comp 10 k 2
R3-UNIT comp 10 k 3
R3-UNIT comp 11 k 1
R3-UNIT comp 11 k 2
R3-UNIT comp 11 k 3
R3-UNIT comp 13 k 1
R3-UNIT comp 13 k 2
R3-UNIT comp 13 k 3
R3-UNIT comp 15 k 1
R3-UNIT comp 15 k 2
R3-UNIT comp 15 k 3
R3-UNIT comp 24 k 1
R3-UNIT comp 24 k 2
R3-UNIT comp 24 k 3
R3-UNIT comp 26 k 1
R3-UNIT comp 26 k 2
R3-UNIT comp 26 k 3
R3-UNIT comp 27 k 1
R3-UNIT comp 27 k 2
R3-UNIT comp 27 k 3
R3-UNIT comp 30 k 1
R3-UNIT comp 30 k 2
R3-UNIT comp 30 k 3
R3-UNIT comp 35 k 1
R3-UNIT comp 35 k 2
R3-UNIT comp 35 k 3
R3-UNIT comp 41 k 1
R3-UNIT comp 41 k 2
R3-UNIT comp 41 k 3
R3-UNIT comp 46 k 1
R3-UNIT comp 46 k 2
R3-UNIT comp 46 k 3
R3-UNIT comp 47 k 1
R3-UNIT comp 47 k 2
R3-UNIT comp 47 k 3
R3-UNIT comp 48 k 1
R3-UNIT comp 48 k 2
R3-UNIT comp 48 k 3
R3-UNIT comp 49 k 1
R3-UNIT comp 49 k 2
R3-UNIT comp 49 k 3
R3-UNIT comp 51 k 1
R3-UNIT comp 51 k 2
R3-UNIT comp 51 k 3
R3-UNIT comp 55 k 1
R3-UNIT comp 55 k 2
R3-UNIT comp 55 k 3
R3-UNIT comp 66 k 1
R3-UNIT comp 66 k 2
R3-UNIT comp 66 k 3
R3-UNIT comp 68 k 1
R3-UNIT comp 68 k 2
R3-UNIT comp 68 k 3
R3-UNIT comp 77 k 1
R3-UNIT comp 77 k 2
R3-UNIT comp 77 k 3
R3-UNIT comp 78 k 1
R3-UNIT comp 78 k 2
R3-UNIT comp 78 k 3
R3-UNIT comp 80 k 1
R3-UNIT comp 80 k 2
R3-UNIT comp 80 k 3
R3-UNIT comp 84 k 1
R3-UNIT comp 84 k 2
R3-UNIT comp 84 k 3
R3-UNIT comp 89 k 1
R3-UNIT comp 89 k 2
R3-UNIT comp 89 k 3
R3-UNIT comp 90 k 1
R3-UNIT comp 90 k 2
R3-UNIT comp 90 k 3
R3-UNIT comp 98 k 1
R3-UNIT comp 98 k 2
R3-UNIT comp 98 k 3
R3-UNIT comp 99 k 1
R3-UNIT comp 99 k 2
R3-UNIT comp 99 k 3
R3-UNIT comp 100 k 1
R3-UNIT comp 100 k 2
R3-UNIT comp 100 k 3
R3-UNIT comp 105 k 1
R3-UNIT comp 105 k 2
R3-UNIT comp 105 k 3
R3-UNIT comp 106 k 1
R3-UNIT comp 106 k 2
R3-UNIT comp 106 k 3
R3-UNIT comp 109 k 1
R3-UNIT comp 109 k 2
R3-UNIT comp 109 k 3
R3-UNIT comp 110 k 1
R3-UNIT comp 110 k 2
R3-UNIT comp 110 k 3
R3-UNIT comp 111 k 1
R3-UNIT comp 111 k 2
R3-UNIT comp 111 k 3
R3-UNIT comp 112 k 1
R3-UNIT comp 112 k 2
R3-UNIT comp 112 k 3
R3-UNIT comp 113 k 1
R3-UNIT comp 113 k 2
R3-UNIT comp 113 k 3
R3-UNIT comp 117 k 1
R3-UNIT comp 117 k 2
R3-UNIT comp 117 k 3
R3-UNIT comp 118 k 1
R3-UNIT comp 118 k 2
R3-UNIT comp 118 k 3
R3-UNIT comp 121 k 1
R3-UNIT comp 121 k 2
R3-UNIT comp 121 k 3
R3-UNIT comp 128 k 1
R3-UNIT comp 128 k 2
R3-UNIT comp 128 k 3
R3-UNIT comp 131 k 1
R3-UNIT comp 131 k 2
R3-UNIT comp 131 k 3
R3-UNIT comp 135 k 1
R3-UNIT comp 135 k 2
R3-UNIT comp 135 k 3
R3-CERT system 708: ALL-UNIT
R3-COVER-NGENS 124
R3-COVER-GEN 1 IN-RADICAL
R3-COVER-GEN 2 IN-RADICAL
R3-COVER-GEN 3 IN-RADICAL
R3-COVER-GEN 4 IN-RADICAL
R3-COVER-GEN 5 IN-RADICAL
R3-COVER-GEN 6 IN-RADICAL
R3-COVER-GEN 7 IN-RADICAL

halt 1
