R3-NCOMP 226
R3-COMP 1 DEAD
R3-COMP 2 DEAD
R3-COMP 3 DEAD
R3-COMP 4 LIVE ngens 15
R3-COMP 5 DEAD
R3-COMP 6 DEAD
R3-COMP 7 LIVE ngens 13
R3-COMP 8 LIVE ngens 14
R3-COMP 9 LIVE ngens 22
R3-COMP 10 LIVE ngens 22
R3-COMP 11 LIVE ngens 15
R3-COMP 12 DEAD
R3-COMP 13 LIVE ngens 12
R3-COMP 14 DEAD
R3-COMP 15 DEAD
R3-COMP 16 DEAD
R3-COMP 17 DEAD
R3-COMP 18 DEAD
R3-COMP 19 DEAD
R3-COMP 20 DEAD
R3-COMP 21 LIVE ngens 18
R3-COMP 22 LIVE ngens 17
R3-COMP 23 LIVE ngens 14
R3-COMP 24 LIVE ngens 19
R3-COMP 25 LIVE ngens 14
R3-COMP 26 LIVE ngens 15
R3-COMP 27 DEAD
R3-COMP 28 LIVE ngens 13
R3-COMP 29 DEAD
R3-COMP 30 DEAD
R3-COMP 31 DEAD
R3-COMP 32 DEAD
R3-COMP 33 LIVE ngens 14
R3-COMP 34 DEAD
R3-COMP 35 DEAD
R3-COMP 36 LIVE ngens 16
R3-COMP 37 DEAD
R3-COMP 38 DEAD
R3-COMP 39 DEAD
R3-COMP 40 LIVE ngens 15
R3-COMP 41 LIVE ngens 13
R3-COMP 42 DEAD
R3-COMP 43 DEAD
R3-COMP 44 LIVE ngens 15
R3-COMP 45 DEAD
R3-COMP 46 LIVE ngens 14
R3-COMP 47 LIVE ngens 12
R3-COMP 48 DEAD
R3-COMP 49 LIVE ngens 10
R3-COMP 50 DEAD
R3-COMP 51 LIVE ngens 13
R3-COMP 52 DEAD
R3-COMP 53 LIVE ngens 13
R3-COMP 54 DEAD
R3-COMP 55 DEAD
R3-COMP 56 DEAD
R3-COMP 57 LIVE ngens 14
R3-COMP 58 DEAD
R3-COMP 59 DEAD
R3-COMP 60 DEAD
R3-COMP 61 DEAD
R3-COMP 62 LIVE ngens 13
R3-COMP 63 DEAD
R3-COMP 64 DEAD
R3-COMP 65 DEAD
R3-COMP 66 DEAD
R3-COMP 67 DEAD
R3-COMP 68 DEAD
R3-COMP 69 DEAD
R3-COMP 70 LIVE ngens 12
R3-COMP 71 DEAD
R3-COMP 72 DEAD
R3-COMP 73 DEAD
R3-COMP 74 LIVE ngens 17
R3-COMP 75 DEAD
R3-COMP 76 DEAD
R3-COMP 77 LIVE ngens 11
R3-COMP 78 DEAD
R3-COMP 79 DEAD
R3-COMP 80 DEAD
R3-COMP 81 DEAD
R3-COMP 82 DEAD
R3-COMP 83 DEAD
R3-COMP 84 DEAD
R3-COMP 85 DEAD
R3-COMP 86 DEAD
R3-COMP 87 DEAD
R3-COMP 88 DEAD
R3-COMP 89 DEAD
R3-COMP 90 LIVE ngens 18
R3-COMP 91 DEAD
R3-COMP 92 DEAD
R3-COMP 93 DEAD
R3-COMP 94 DEAD
R3-COMP 95 DEAD
R3-COMP 96 DEAD
R3-COMP 97 LIVE ngens 24
R3-COMP 98 DEAD
R3-COMP 99 DEAD
R3-COMP 100 DEAD
R3-COMP 101 LIVE ngens 13
R3-COMP 102 DEAD
R3-COMP 103 DEAD
R3-COMP 104 DEAD
R3-COMP 105 DEAD
R3-COMP 106 DEAD
R3-COMP 107 DEAD
R3-COMP 108 DEAD
R3-COMP 109 DEAD
R3-COMP 110 DEAD
R3-COMP 111 DEAD
R3-COMP 112 DEAD
R3-COMP 113 LIVE ngens 14
R3-COMP 114 DEAD
R3-COMP 115 DEAD
R3-COMP 116 DEAD
R3-COMP 117 LIVE ngens 16
R3-COMP 118 DEAD
R3-COMP 119 DEAD
R3-COMP 120 DEAD
R3-COMP 121 LIVE ngens 15
R3-COMP 122 DEAD
R3-COMP 123 DEAD
R3-COMP 124 DEAD
R3-COMP 125 DEAD
R3-COMP 126 LIVE ngens 16
R3-COMP 127 LIVE ngens 23
R3-COMP 128 LIVE ngens 15
R3-COMP 129 LIVE ngens 11
R3-COMP 130 LIVE ngens 13
R3-COMP 131 DEAD
R3-COMP 132 DEAD
R3-COMP 133 DEAD
R3-COMP 134 DEAD
R3-COMP 135 DEAD
R3-COMP 136 DEAD
R3-COMP 137 DEAD
R3-COMP 138 DEAD
R3-COMP 139 DEAD
R3-COMP 140 DEAD
R3-COMP 141 DEAD
R3-COMP 142 DEAD
R3-COMP 143 DEAD
R3-COMP 144 DEAD
R3-COMP 145 DEAD
R3-COMP 146 DEAD
R3-COMP 147 DEAD
R3-COMP 148 DEAD
R3-COMP 149 DEAD
R3-COMP 150 DEAD
R3-COMP 151 LIVE ngens 18
R3-COMP 152 LIVE ngens 13
R3-COMP 153 LIVE ngens 20
R3-COMP 154 LIVE ngens 16
R3-COMP 155 DEAD
R3-COMP 156 LIVE ngens 14
R3-COMP 157 DEAD
R3-COMP 158 LIVE ngens 19
R3-COMP 159 LIVE ngens 18
R3-COMP 160 DEAD
R3-COMP 161 DEAD
R3-COMP 162 LIVE ngens 14
R3-COMP 163 DEAD
R3-COMP 164 DEAD
R3-COMP 165 LIVE ngens 15
R3-COMP 166 DEAD
R3-COMP 167 DEAD
R3-COMP 168 LIVE ngens 15
R3-COMP 169 DEAD
R3-COMP 170 LIVE ngens 15
R3-COMP 171 LIVE ngens 14
R3-COMP 172 LIVE ngens 13
R3-COMP 173 DEAD
R3-COMP 174 DEAD
R3-COMP 175 LIVE ngens 13
R3-COMP 176 LIVE ngens 14
R3-COMP 177 DEAD
R3-COMP 178 DEAD
R3-COMP 179 LIVE ngens 11
R3-COMP 180 LIVE ngens 11
R3-COMP 181 DEAD
R3-COMP 182 LIVE ngens 16
R3-COMP 183 DEAD
R3-COMP 184 DEAD
R3-COMP 185 DEAD
R3-COMP 186 DEAD
R3-COMP 187 DEAD
R3-COMP 188 DEAD
R3-COMP 189 DEAD
R3-COMP 190 DEAD
R3-COMP 191 DEAD
R3-COMP 192 DEAD
R3-COMP 193 DEAD
R3-COMP 194 DEAD
R3-COMP 195 DEAD
R3-COMP 196 DEAD
R3-COMP 197 DEAD
R3-COMP 198 DEAD
R3-COMP 199 DEAD
R3-COMP 200 DEAD
R3-COMP 201 DEAD
R3-COMP 202 DEAD
R3-COMP 203 DEAD
R3-COMP 204 DEAD
R3-COMP 205 DEAD
R3-COMP 206 DEAD
R3-COMP 207 DEAD
R3-COMP 208 DEAD
R3-COMP 209 DEAD
R3-COMP 210 DEAD
R3-COMP 211 DEAD
R3-COMP 212 DEAD
R3-COMP 213 DEAD
R3-COMP 214 DEAD
R3-COMP 215 DEAD
R3-COMP 216 DEAD
R3-COMP 217 DEAD
R3-COMP 218 DEAD
R3-COMP 219 DEAD
R3-COMP 220 DEAD
R3-COMP 221 DEAD
R3-COMP 222 DEAD
R3-COMP 223 DEAD
R3-COMP 224 DEAD
R3-COMP 225 DEAD
R3-COMP 226 DEAD
R3-NLIVE 58
R3-UNIT comp 4 k 1
R3-UNIT comp 4 k 2
R3-UNIT comp 4 k 3
R3-UNIT comp 7 k 1
R3-UNIT comp 7 k 2
R3-UNIT comp 7 k 3
R3-UNIT comp 8 k 1
R3-UNIT comp 8 k 2
R3-UNIT comp 8 k 3
R3-UNIT comp 9 k 1
R3-UNIT comp 9 k 2
R3-UNIT comp 9 k 3
R3-UNIT comp 10 k 1
R3-UNIT comp 10 k 2
R3-UNIT comp 10 k 3
R3-UNIT comp 11 k 1
R3-UNIT comp 11 k 2
R3-UNIT comp 11 k 3
R3-UNIT comp 13 k 1
R3-UNIT comp 13 k 2
R3-UNIT comp 13 k 3
R3-UNIT comp 21 k 1
R3-UNIT comp 21 k 2
R3-UNIT comp 21 k 3
R3-UNIT comp 22 k 1
R3-UNIT comp 22 k 2
R3-UNIT comp 22 k 3
R3-UNIT comp 23 k 1
R3-UNIT comp 23 k 2
R3-UNIT comp 23 k 3
R3-UNIT comp 24 k 1
R3-UNIT comp 24 k 2
R3-UNIT comp 24 k 3
R3-UNIT comp 25 k 1
R3-UNIT comp 25 k 2
R3-UNIT comp 25 k 3
R3-UNIT comp 26 k 1
R3-UNIT comp 26 k 2
R3-UNIT comp 26 k 3
R3-UNIT comp 28 k 1
R3-UNIT comp 28 k 2
R3-UNIT comp 28 k 3
R3-UNIT comp 33 k 1
R3-UNIT comp 33 k 2
R3-UNIT comp 33 k 3
R3-UNIT comp 36 k 1
R3-UNIT comp 36 k 2
R3-UNIT comp 36 k 3
R3-UNIT comp 40 k 1
R3-UNIT comp 40 k 2
R3-UNIT comp 40 k 3
R3-UNIT comp 41 k 1
R3-UNIT comp 41 k 2
R3-UNIT comp 41 k 3
R3-UNIT comp 44 k 1
R3-UNIT comp 44 k 2
R3-UNIT comp 44 k 3
R3-UNIT comp 46 k 1
R3-UNIT comp 46 k 2
R3-UNIT comp 46 k 3
R3-UNIT comp 47 k 1
R3-UNIT comp 47 k 2
R3-UNIT comp 47 k 3
R3-UNIT comp 49 k 1
R3-UNIT comp 49 k 2
R3-UNIT comp 49 k 3
R3-UNIT comp 51 k 1
R3-UNIT comp 51 k 2
R3-UNIT comp 51 k 3
R3-UNIT comp 53 k 1
R3-UNIT comp 53 k 2
R3-UNIT comp 53 k 3
R3-UNIT comp 57 k 1
R3-UNIT comp 57 k 2
R3-UNIT comp 57 k 3
R3-UNIT comp 62 k 1
R3-UNIT comp 62 k 2
R3-UNIT comp 62 k 3
R3-UNIT comp 70 k 1
R3-UNIT comp 70 k 2
R3-UNIT comp 70 k 3
R3-UNIT comp 74 k 1
R3-UNIT comp 74 k 2
R3-UNIT comp 74 k 3
R3-UNIT comp 77 k 1
R3-UNIT comp 77 k 2
R3-UNIT comp 77 k 3
R3-UNIT comp 90 k 1
R3-UNIT comp 90 k 2
R3-UNIT comp 90 k 3
R3-UNIT comp 97 k 1
R3-UNIT comp 97 k 2
R3-UNIT comp 97 k 3
R3-UNIT comp 101 k 1
R3-UNIT comp 101 k 2
R3-UNIT comp 101 k 3
R3-UNIT comp 113 k 1
R3-UNIT comp 113 k 2
R3-UNIT comp 113 k 3
R3-UNIT comp 117 k 1
R3-UNIT comp 117 k 2
R3-UNIT comp 117 k 3
R3-UNIT comp 121 k 1
R3-UNIT comp 121 k 2
R3-UNIT comp 121 k 3
R3-UNIT comp 126 k 1
R3-UNIT comp 126 k 2
R3-UNIT comp 126 k 3
R3-UNIT comp 127 k 1
R3-UNIT comp 127 k 2
R3-UNIT comp 127 k 3
R3-UNIT comp 128 k 1
R3-UNIT comp 128 k 2
R3-UNIT comp 128 k 3
R3-UNIT comp 129 k 1
R3-UNIT comp 129 k 2
R3-UNIT comp 129 k 3
R3-UNIT comp 130 k 1
R3-UNIT comp 130 k 2
R3-UNIT comp 130 k 3
R3-UNIT comp 151 k 1
R3-UNIT comp 151 k 2
R3-UNIT comp 151 k 3
R3-UNIT comp 152 k 1
R3-UNIT comp 152 k 2
R3-UNIT comp 152 k 3
R3-UNIT comp 153 k 1
R3-UNIT comp 153 k 2
R3-UNIT comp 153 k 3
R3-UNIT comp 154 k 1
R3-UNIT comp 154 k 2
R3-UNIT comp 154 k 3
R3-UNIT comp 156 k 1
R3-UNIT comp 156 k 2
R3-UNIT comp 156 k 3
R3-UNIT comp 158 k 1
R3-UNIT comp 158 k 2
R3-UNIT comp 158 k 3
R3-UNIT comp 159 k 1
R3-UNIT comp 159 k 2
R3-UNIT comp 159 k 3
R3-UNIT comp 162 k 1
R3-UNIT comp 162 k 2
R3-UNIT comp 162 k 3
R3-UNIT comp 165 k 1
R3-UNIT comp 165 k 2
R3-UNIT comp 165 k 3
R3-UNIT comp 168 k 1
R3-UNIT comp 168 k 2
R3-UNIT comp 168 k 3
R3-UNIT comp 170 k 1
R3-UNIT comp 170 k 2
R3-UNIT comp 170 k 3
R3-UNIT comp 171 k 1
R3-UNIT comp 171 k 2
R3-UNIT comp 171 k 3
R3-UNIT comp 172 k 1
R3-UNIT comp 172 k 2
R3-UNIT comp 172 k 3
R3-UNIT comp 175 k 1
R3-UNIT comp 175 k 2
R3-UNIT comp 175 k 3
R3-UNIT comp 176 k 1
R3-UNIT comp 176 k 2
R3-UNIT comp 176 k 3
R3-UNIT comp 179 k 1
R3-UNIT comp 179 k 2
R3-UNIT comp 179 k 3
R3-UNIT comp 180 k 1
R3-UNIT comp 180 k 2
R3-UNIT comp 180 k 3
R3-UNIT comp 182 k 1
R3-UNIT comp 182 k 2
R3-UNIT comp 182 k 3
R3-CERT system 706: ALL-UNIT
R3-COVER-NGENS 185
R3-COVER-GEN 1 IN-RADICAL
R3-COVER-GEN 2 IN-RADICAL

halt 1
