R3-NCOMP 1084
R3-COMP 1 DEAD
R3-COMP 2 DEAD
R3-COMP 3 DEAD
R3-COMP 4 DEAD
R3-COMP 5 DEAD
R3-COMP 6 DEAD
R3-COMP 7 DEAD
R3-COMP 8 DEAD
R3-COMP 9 DEAD
R3-COMP 10 DEAD
R3-COMP 11 DEAD
R3-COMP 12 DEAD
R3-COMP 13 DEAD
R3-COMP 14 LIVE ngens 14
R3-COMP 15 LIVE ngens 17
R3-COMP 16 LIVE ngens 15
R3-COMP 17 LIVE ngens 15
R3-COMP 18 LIVE ngens 16
R3-COMP 19 DEAD
R3-COMP 20 LIVE ngens 14
R3-COMP 21 DEAD
R3-COMP 22 DEAD
R3-COMP 23 LIVE ngens 15
R3-COMP 24 LIVE ngens 23
R3-COMP 25 LIVE ngens 21
R3-COMP 26 DEAD
R3-COMP 27 LIVE ngens 21
R3-COMP 28 LIVE ngens 20
R3-COMP 29 DEAD
R3-COMP 30 LIVE ngens 21
R3-COMP 31 LIVE ngens 19
R3-COMP 32 LIVE ngens 23
R3-COMP 33 LIVE ngens 21
R3-COMP 34 DEAD
R3-COMP 35 LIVE ngens 20
R3-COMP 36 LIVE ngens 23
R3-COMP 37 LIVE ngens 23
R3-COMP 38 LIVE ngens 21
R3-COMP 39 DEAD
R3-COMP 40 DEAD
R3-COMP 41 DEAD
R3-COMP 42 DEAD
R3-COMP 43 LIVE ngens 25
R3-COMP 44 DEAD
R3-COMP 45 DEAD
R3-COMP 46 DEAD
R3-COMP 47 LIVE ngens 20
R3-COMP 48 LIVE ngens 26
R3-COMP 49 DEAD
R3-COMP 50 DEAD
R3-COMP 51 DEAD
R3-COMP 52 LIVE ngens 24
R3-COMP 53 DEAD
R3-COMP 54 LIVE ngens 31
R3-COMP 55 DEAD
R3-COMP 56 DEAD
R3-COMP 57 DEAD
R3-COMP 58 DEAD
R3-COMP 59 LIVE ngens 19
R3-COMP 60 DEAD
R3-COMP 61 DEAD
R3-COMP 62 DEAD
R3-COMP 63 LIVE ngens 21
R3-COMP 64 DEAD
R3-COMP 65 LIVE ngens 29
R3-COMP 66 LIVE ngens 27
R3-COMP 67 LIVE ngens 27
R3-COMP 68 DEAD
R3-COMP 69 DEAD
R3-COMP 70 DEAD
R3-COMP 71 DEAD
R3-COMP 72 DEAD
R3-COMP 73 DEAD
R3-COMP 74 DEAD
R3-COMP 75 DEAD
R3-COMP 76 DEAD
R3-COMP 77 DEAD
R3-COMP 78 DEAD
R3-COMP 79 DEAD
R3-COMP 80 LIVE ngens 24
R3-COMP 81 DEAD
R3-COMP 82 DEAD
R3-COMP 83 DEAD
R3-COMP 84 DEAD
R3-COMP 85 DEAD
R3-COMP 86 DEAD
R3-COMP 87 DEAD
R3-COMP 88 LIVE ngens 32
R3-COMP 89 LIVE ngens 35
R3-COMP 90 DEAD
R3-COMP 91 DEAD
R3-COMP 92 DEAD
R3-COMP 93 DEAD
R3-COMP 94 DEAD
R3-COMP 95 LIVE ngens 25
R3-COMP 96 DEAD
R3-COMP 97 DEAD
R3-COMP 98 DEAD
R3-COMP 99 DEAD
R3-COMP 100 LIVE ngens 27
R3-COMP 101 LIVE ngens 25
R3-COMP 102 LIVE ngens 27
R3-COMP 103 DEAD
R3-COMP 104 DEAD
R3-COMP 105 LIVE ngens 21
R3-COMP 106 LIVE ngens 17
R3-COMP 107 DEAD
R3-COMP 108 LIVE ngens 20
R3-COMP 109 DEAD
R3-COMP 110 LIVE ngens 19
R3-COMP 111 DEAD
R3-COMP 112 DEAD
R3-COMP 113 DEAD
R3-COMP 114 DEAD
R3-COMP 115 DEAD
R3-COMP 116 DEAD
R3-COMP 117 DEAD
R3-COMP 118 DEAD
R3-COMP 119 DEAD
R3-COMP 120 DEAD
R3-COMP 121 DEAD
R3-COMP 122 DEAD
R3-COMP 123 LIVE ngens 24
R3-COMP 124 DEAD
R3-COMP 125 DEAD
R3-COMP 126 LIVE ngens 18
R3-COMP 127 LIVE ngens 16
R3-COMP 128 DEAD
R3-COMP 129 DEAD
R3-COMP 130 DEAD
R3-COMP 131 DEAD
R3-COMP 132 DEAD
R3-COMP 133 DEAD
R3-COMP 134 DEAD
R3-COMP 135 DEAD
R3-COMP 136 DEAD
R3-COMP 137 DEAD
R3-COMP 138 DEAD
R3-COMP 139 DEAD
R3-COMP 140 DEAD
R3-COMP 141 DEAD
R3-COMP 142 DEAD
R3-COMP 143 DEAD
R3-COMP 144 DEAD
R3-COMP 145 DEAD
R3-COMP 146 DEAD
R3-COMP 147 DEAD
R3-COMP 148 DEAD
R3-COMP 149 DEAD
R3-COMP 150 DEAD
R3-COMP 151 DEAD
R3-COMP 152 DEAD
R3-COMP 153 DEAD
R3-COMP 154 DEAD
R3-COMP 155 DEAD
R3-COMP 156 DEAD
R3-COMP 157 DEAD
R3-COMP 158 DEAD
R3-COMP 159 DEAD
R3-COMP 160 DEAD
R3-COMP 161 LIVE ngens 22
R3-COMP 162 DEAD
R3-COMP 163 DEAD
R3-COMP 164 LIVE ngens 19
R3-COMP 165 DEAD
R3-COMP 166 DEAD
R3-COMP 167 DEAD
R3-COMP 168 LIVE ngens 18
R3-COMP 169 DEAD
R3-COMP 170 DEAD
R3-COMP 171 DEAD
R3-COMP 172 DEAD
R3-COMP 173 DEAD
R3-COMP 174 DEAD
R3-COMP 175 DEAD
R3-COMP 176 DEAD
R3-COMP 177 DEAD
R3-COMP 178 DEAD
R3-COMP 179 DEAD
R3-COMP 180 DEAD
R3-COMP 181 DEAD
R3-COMP 182 DEAD
R3-COMP 183 DEAD
R3-COMP 184 DEAD
R3-COMP 185 DEAD
R3-COMP 186 DEAD
R3-COMP 187 LIVE ngens 24
R3-COMP 188 DEAD
R3-COMP 189 DEAD
R3-COMP 190 DEAD
R3-COMP 191 DEAD
R3-COMP 192 DEAD
R3-COMP 193 DEAD
R3-COMP 194 DEAD
R3-COMP 195 DEAD
R3-COMP 196 DEAD
R3-COMP 197 DEAD
R3-COMP 198 DEAD
R3-COMP 199 DEAD
R3-COMP 200 DEAD
R3-COMP 201 DEAD
R3-COMP 202 DEAD
R3-COMP 203 DEAD
R3-COMP 204 DEAD
R3-COMP 205 DEAD
R3-COMP 206 DEAD
R3-COMP 207 DEAD
R3-COMP 208 DEAD
R3-COMP 209 DEAD
R3-COMP 210 DEAD
R3-COMP 211 DEAD
R3-COMP 212 DEAD
R3-COMP 213 DEAD
R3-COMP 214 DEAD
R3-COMP 215 DEAD
R3-COMP 216 DEAD
R3-COMP 217 DEAD
R3-COMP 218 DEAD
R3-COMP 219 DEAD
R3-COMP 220 DEAD
R3-COMP 221 DEAD
R3-COMP 222 DEAD
R3-COMP 223 DEAD
R3-COMP 224 DEAD
R3-COMP 225 DEAD
R3-COMP 226 DEAD
R3-COMP 227 DEAD
R3-COMP 228 LIVE ngens 21
R3-COMP 229 LIVE ngens 26
R3-COMP 230 DEAD
R3-COMP 231 DEAD
R3-COMP 232 DEAD
R3-COMP 233 DEAD
R3-COMP 234 DEAD
R3-COMP 235 DEAD
R3-COMP 236 DEAD
R3-COMP 237 DEAD
R3-COMP 238 DEAD
R3-COMP 239 DEAD
R3-COMP 240 DEAD
R3-COMP 241 DEAD
R3-COMP 242 LIVE ngens 19
R3-COMP 243 DEAD
R3-COMP 244 DEAD
R3-COMP 245 DEAD
R3-COMP 246 DEAD
R3-COMP 247 DEAD
R3-COMP 248 DEAD
R3-COMP 249 DEAD
R3-COMP 250 LIVE ngens 25
R3-COMP 251 DEAD
R3-COMP 252 DEAD
R3-COMP 253 LIVE ngens 21
R3-COMP 254 DEAD
R3-COMP 255 DEAD
R3-COMP 256 DEAD
R3-COMP 257 DEAD
R3-COMP 258 DEAD
R3-COMP 259 DEAD
R3-COMP 260 DEAD
R3-COMP 261 DEAD
R3-COMP 262 DEAD
R3-COMP 263 LIVE ngens 19
R3-COMP 264 LIVE ngens 21
R3-COMP 265 DEAD
R3-COMP 266 DEAD
R3-COMP 267 DEAD
R3-COMP 268 DEAD
R3-COMP 269 DEAD
R3-COMP 270 DEAD
R3-COMP 271 DEAD
R3-COMP 272 DEAD
R3-COMP 273 DEAD
R3-COMP 274 DEAD
R3-COMP 275 DEAD
R3-COMP 276 DEAD
R3-COMP 277 DEAD
R3-COMP 278 DEAD
R3-COMP 279 DEAD
R3-COMP 280 DEAD
R3-COMP 281 DEAD
R3-COMP 282 DEAD
R3-COMP 283 DEAD
R3-COMP 284 DEAD
R3-COMP 285 DEAD
R3-COMP 286 DEAD
R3-COMP 287 DEAD
R3-COMP 288 DEAD
R3-COMP 289 DEAD
R3-COMP 290 DEAD
R3-COMP 291 DEAD
R3-COMP 292 DEAD
R3-COMP 293 DEAD
R3-COMP 294 DEAD
R3-COMP 295 DEAD
R3-COMP 296 DEAD
R3-COMP 297 DEAD
R3-COMP 298 DEAD
R3-COMP 299 DEAD
R3-COMP 300 DEAD
R3-COMP 301 DEAD
R3-COMP 302 DEAD
R3-COMP 303 DEAD
R3-COMP 304 DEAD
R3-COMP 305 DEAD
R3-COMP 306 DEAD
R3-COMP 307 DEAD
R3-COMP 308 DEAD
R3-COMP 309 DEAD
R3-COMP 310 DEAD
R3-COMP 311 DEAD
R3-COMP 312 DEAD
R3-COMP 313 DEAD
R3-COMP 314 DEAD
R3-COMP 315 DEAD
R3-COMP 316 DEAD
R3-COMP 317 DEAD
R3-COMP 318 DEAD
R3-COMP 319 DEAD
R3-COMP 320 DEAD
R3-COMP 321 DEAD
R3-COMP 322 DEAD
R3-COMP 323 DEAD
R3-COMP 324 DEAD
R3-COMP 325 DEAD
R3-COMP 326 DEAD
R3-COMP 327 DEAD
R3-COMP 328 DEAD
R3-COMP 329 DEAD
R3-COMP 330 DEAD
R3-COMP 331 LIVE ngens 23
R3-COMP 332 DEAD
R3-COMP 333 DEAD
R3-COMP 334 DEAD
R3-COMP 335 DEAD
R3-COMP 336 LIVE ngens 19
R3-COMP 337 DEAD
R3-COMP 338 DEAD
R3-COMP 339 DEAD
R3-COMP 340 LIVE ngens 21
R3-COMP 341 DEAD
R3-COMP 342 DEAD
R3-COMP 343 DEAD
R3-COMP 344 LIVE ngens 35
R3-COMP 345 DEAD
R3-COMP 346 DEAD
R3-COMP 347 DEAD
R3-COMP 348 DEAD
R3-COMP 349 DEAD
R3-COMP 350 LIVE ngens 20
R3-COMP 351 DEAD
R3-COMP 352 LIVE ngens 20
R3-COMP 353 LIVE ngens 21
R3-COMP 354 DEAD
R3-COMP 355 LIVE ngens 21
R3-COMP 356 LIVE ngens 25
R3-COMP 357 LIVE ngens 26
R3-COMP 358 LIVE ngens 23
R3-COMP 359 LIVE ngens 22
R3-COMP 360 DEAD
R3-COMP 361 DEAD
R3-COMP 362 DEAD
R3-COMP 363 DEAD
R3-COMP 364 LIVE ngens 21
R3-COMP 365 LIVE ngens 22
R3-COMP 366 DEAD
R3-COMP 367 LIVE ngens 20
R3-COMP 368 DEAD
R3-COMP 369 DEAD
R3-COMP 370 DEAD
R3-COMP 371 DEAD
R3-COMP 372 DEAD
R3-COMP 373 DEAD
R3-COMP 374 DEAD
R3-COMP 375 DEAD
R3-COMP 376 DEAD
R3-COMP 377 DEAD
R3-COMP 378 DEAD
R3-COMP 379 DEAD
R3-COMP 380 DEAD
R3-COMP 381 DEAD
R3-COMP 382 DEAD
R3-COMP 383 DEAD
R3-COMP 384 DEAD
R3-COMP 385 DEAD
R3-COMP 386 DEAD
R3-COMP 387 DEAD
R3-COMP 388 LIVE ngens 25
R3-COMP 389 DEAD
R3-COMP 390 DEAD
R3-COMP 391 LIVE ngens 24
R3-COMP 392 LIVE ngens 29
R3-COMP 393 DEAD
R3-COMP 394 DEAD
R3-COMP 395 DEAD
R3-COMP 396 LIVE ngens 25
R3-COMP 397 DEAD
R3-COMP 398 DEAD
R3-COMP 399 DEAD
R3-COMP 400 DEAD
R3-COMP 401 DEAD
R3-COMP 402 DEAD
R3-COMP 403 LIVE ngens 24
R3-COMP 404 DEAD
R3-COMP 405 DEAD
R3-COMP 406 DEAD
R3-COMP 407 DEAD
R3-COMP 408 DEAD
R3-COMP 409 DEAD
R3-COMP 410 DEAD
R3-COMP 411 DEAD
R3-COMP 412 DEAD
R3-COMP 413 DEAD
R3-COMP 414 LIVE ngens 22
R3-COMP 415 DEAD
R3-COMP 416 LIVE ngens 20
R3-COMP 417 LIVE ngens 29
R3-COMP 418 LIVE ngens 29
R3-COMP 419 DEAD
R3-COMP 420 DEAD
R3-COMP 421 DEAD
R3-COMP 422 DEAD
R3-COMP 423 DEAD
R3-COMP 424 DEAD
R3-COMP 425 DEAD
R3-COMP 426 DEAD
R3-COMP 427 DEAD
R3-COMP 428 DEAD
R3-COMP 429 DEAD
R3-COMP 430 DEAD
R3-COMP 431 DEAD
R3-COMP 432 LIVE ngens 19
R3-COMP 433 DEAD
R3-COMP 434 DEAD
R3-COMP 435 LIVE ngens 23
R3-COMP 436 DEAD
R3-COMP 437 DEAD
R3-COMP 438 DEAD
R3-COMP 439 LIVE ngens 16
R3-COMP 440 DEAD
R3-COMP 441 DEAD
R3-COMP 442 DEAD
R3-COMP 443 LIVE ngens 20
R3-COMP 444 LIVE ngens 17
R3-COMP 445 DEAD
R3-COMP 446 LIVE ngens 24
R3-COMP 447 DEAD
R3-COMP 448 DEAD
R3-COMP 449 DEAD
R3-COMP 450 LIVE ngens 25
R3-COMP 451 DEAD
R3-COMP 452 DEAD
R3-COMP 453 DEAD
R3-COMP 454 DEAD
R3-COMP 455 DEAD
R3-COMP 456 DEAD
R3-COMP 457 DEAD
R3-COMP 458 DEAD
R3-COMP 459 DEAD
R3-COMP 460 DEAD
R3-COMP 461 DEAD
R3-COMP 462 DEAD
R3-COMP 463 LIVE ngens 18
R3-COMP 464 LIVE ngens 22
R3-COMP 465 DEAD
R3-COMP 466 DEAD
R3-COMP 467 LIVE ngens 28
R3-COMP 468 DEAD
R3-COMP 469 DEAD
R3-COMP 470 DEAD
R3-COMP 471 DEAD
R3-COMP 472 DEAD
R3-COMP 473 DEAD
R3-COMP 474 DEAD
R3-COMP 475 LIVE ngens 25
R3-COMP 476 DEAD
R3-COMP 477 DEAD
R3-COMP 478 LIVE ngens 25
R3-COMP 479 DEAD
R3-COMP 480 DEAD
R3-COMP 481 DEAD
R3-COMP 482 DEAD
R3-COMP 483 DEAD
R3-COMP 484 DEAD
R3-COMP 485 LIVE ngens 21
R3-COMP 486 LIVE ngens 21
R3-COMP 487 DEAD
R3-COMP 488 DEAD
R3-COMP 489 DEAD
R3-COMP 490 DEAD
R3-COMP 491 DEAD
R3-COMP 492 DEAD
R3-COMP 493 LIVE ngens 23
R3-COMP 494 DEAD
R3-COMP 495 DEAD
R3-COMP 496 DEAD
R3-COMP 497 LIVE ngens 28
R3-COMP 498 DEAD
R3-COMP 499 LIVE ngens 22
R3-COMP 500 DEAD
R3-COMP 501 DEAD
R3-COMP 502 DEAD
R3-COMP 503 DEAD
R3-COMP 504 LIVE ngens 21
R3-COMP 505 DEAD
R3-COMP 506 DEAD
R3-COMP 507 LIVE ngens 21
R3-COMP 508 LIVE ngens 18
R3-COMP 509 DEAD
R3-COMP 510 LIVE ngens 20
R3-COMP 511 DEAD
R3-COMP 512 DEAD
R3-COMP 513 DEAD
R3-COMP 514 LIVE ngens 15
R3-COMP 515 LIVE ngens 17
R3-COMP 516 LIVE ngens 23
R3-COMP 517 DEAD
R3-COMP 518 DEAD
R3-COMP 519 DEAD
R3-COMP 520 DEAD
R3-COMP 521 DEAD
R3-COMP 522 LIVE ngens 21
R3-COMP 523 LIVE ngens 23
R3-COMP 524 DEAD
R3-COMP 525 LIVE ngens 18
R3-COMP 526 DEAD
R3-COMP 527 LIVE ngens 19
R3-COMP 528 DEAD
R3-COMP 529 DEAD
R3-COMP 530 LIVE ngens 21
R3-COMP 531 LIVE ngens 27
R3-COMP 532 DEAD
R3-COMP 533 DEAD
R3-COMP 534 DEAD
R3-COMP 535 LIVE ngens 19
R3-COMP 536 DEAD
R3-COMP 537 DEAD
R3-COMP 538 DEAD
R3-COMP 539 DEAD
R3-COMP 540 DEAD
R3-COMP 541 DEAD
R3-COMP 542 DEAD
R3-COMP 543 DEAD
R3-COMP 544 DEAD
R3-COMP 545 DEAD
R3-COMP 546 DEAD
R3-COMP 547 DEAD
R3-COMP 548 DEAD
R3-COMP 549 DEAD
R3-COMP 550 DEAD
R3-COMP 551 DEAD
R3-COMP 552 DEAD
R3-COMP 553 DEAD
R3-COMP 554 DEAD
R3-COMP 555 DEAD
R3-COMP 556 DEAD
R3-COMP 557 DEAD
R3-COMP 558 DEAD
R3-COMP 559 DEAD
R3-COMP 560 DEAD
R3-COMP 561 LIVE ngens 19
R3-COMP 562 DEAD
R3-COMP 563 LIVE ngens 23
R3-COMP 564 DEAD
R3-COMP 565 DEAD
R3-COMP 566 LIVE ngens 20
R3-COMP 567 DEAD
R3-COMP 568 DEAD
R3-COMP 569 DEAD
R3-COMP 570 DEAD
R3-COMP 571 DEAD
R3-COMP 572 DEAD
R3-COMP 573 DEAD
R3-COMP 574 DEAD
R3-COMP 575 DEAD
R3-COMP 576 LIVE ngens 23
R3-COMP 577 LIVE ngens 23
R3-COMP 578 DEAD
R3-COMP 579 DEAD
R3-COMP 580 DEAD
R3-COMP 581 DEAD
R3-COMP 582 DEAD
R3-COMP 583 DEAD
R3-COMP 584 DEAD
R3-COMP 585 DEAD
R3-COMP 586 DEAD
R3-COMP 587 LIVE ngens 24
R3-COMP 588 LIVE ngens 22
R3-COMP 589 LIVE ngens 24
R3-COMP 590 LIVE ngens 24
R3-COMP 591 LIVE ngens 21
R3-COMP 592 DEAD
R3-COMP 593 DEAD
R3-COMP 594 LIVE ngens 20
R3-COMP 595 DEAD
R3-COMP 596 DEAD
R3-COMP 597 DEAD
R3-COMP 598 LIVE ngens 20
R3-COMP 599 DEAD
R3-COMP 600 DEAD
R3-COMP 601 DEAD
R3-COMP 602 DEAD
R3-COMP 603 DEAD
R3-COMP 604 DEAD
R3-COMP 605 DEAD
R3-COMP 606 DEAD
R3-COMP 607 DEAD
R3-COMP 608 DEAD
R3-COMP 609 DEAD
R3-COMP 610 DEAD
R3-COMP 611 DEAD
R3-COMP 612 DEAD
R3-COMP 613 DEAD
R3-COMP 614 DEAD
R3-COMP 615 LIVE ngens 16
R3-COMP 616 DEAD
R3-COMP 617 LIVE ngens 17
R3-COMP 618 DEAD
R3-COMP 619 DEAD
R3-COMP 620 LIVE ngens 18
R3-COMP 621 LIVE ngens 23
R3-COMP 622 LIVE ngens 20
R3-COMP 623 LIVE ngens 20
R3-COMP 624 DEAD
R3-COMP 625 DEAD
R3-COMP 626 DEAD
R3-COMP 627 DEAD
R3-COMP 628 DEAD
R3-COMP 629 DEAD
R3-COMP 630 DEAD
R3-COMP 631 DEAD
R3-COMP 632 DEAD
R3-COMP 633 DEAD
R3-COMP 634 DEAD
R3-COMP 635 DEAD
R3-COMP 636 DEAD
R3-COMP 637 DEAD
R3-COMP 638 DEAD
R3-COMP 639 DEAD
R3-COMP 640 DEAD
R3-COMP 641 DEAD
R3-COMP 642 DEAD
R3-COMP 643 DEAD
R3-COMP 644 DEAD
R3-COMP 645 DEAD
R3-COMP 646 LIVE ngens 19
R3-COMP 647 DEAD
R3-COMP 648 DEAD
R3-COMP 649 DEAD
R3-COMP 650 DEAD
R3-COMP 651 DEAD
R3-COMP 652 DEAD
R3-COMP 653 DEAD
R3-COMP 654 DEAD
R3-COMP 655 LIVE ngens 19
R3-COMP 656 DEAD
R3-COMP 657 DEAD
R3-COMP 658 DEAD
R3-COMP 659 DEAD
R3-COMP 660 DEAD
R3-COMP 661 DEAD
R3-COMP 662 LIVE ngens 24
R3-COMP 663 DEAD
R3-COMP 664 LIVE ngens 20
R3-COMP 665 DEAD
R3-COMP 666 DEAD
R3-COMP 667 LIVE ngens 20
R3-COMP 668 DEAD
R3-COMP 669 DEAD
R3-COMP 670 DEAD
R3-COMP 671 DEAD
R3-COMP 672 DEAD
R3-COMP 673 LIVE ngens 21
R3-COMP 674 DEAD
R3-COMP 675 DEAD
R3-COMP 676 DEAD
R3-COMP 677 DEAD
R3-COMP 678 DEAD
R3-COMP 679 DEAD
R3-COMP 680 DEAD
R3-COMP 681 LIVE ngens 20
R3-COMP 682 DEAD
R3-COMP 683 DEAD
R3-COMP 684 DEAD
R3-COMP 685 LIVE ngens 24
R3-COMP 686 DEAD
R3-COMP 687 DEAD
R3-COMP 688 LIVE ngens 19
R3-COMP 689 DEAD
R3-COMP 690 LIVE ngens 21
R3-COMP 691 DEAD
R3-COMP 692 DEAD
R3-COMP 693 DEAD
R3-COMP 694 DEAD
R3-COMP 695 LIVE ngens 18
R3-COMP 696 DEAD
R3-COMP 697 DEAD
R3-COMP 698 LIVE ngens 19
R3-COMP 699 DEAD
R3-COMP 700 LIVE ngens 22
R3-COMP 701 DEAD
R3-COMP 702 DEAD
R3-COMP 703 LIVE ngens 21
R3-COMP 704 DEAD
R3-COMP 705 DEAD
R3-COMP 706 DEAD
R3-COMP 707 DEAD
R3-COMP 708 LIVE ngens 23
R3-COMP 709 DEAD
R3-COMP 710 DEAD
R3-COMP 711 DEAD
R3-COMP 712 DEAD
R3-COMP 713 DEAD
R3-COMP 714 DEAD
R3-COMP 715 DEAD
R3-COMP 716 DEAD
R3-COMP 717 DEAD
R3-COMP 718 DEAD
R3-COMP 719 DEAD
R3-COMP 720 DEAD
R3-COMP 721 DEAD
R3-COMP 722 DEAD
R3-COMP 723 DEAD
R3-COMP 724 DEAD
R3-COMP 725 DEAD
R3-COMP 726 DEAD
R3-COMP 727 LIVE ngens 19
R3-COMP 728 LIVE ngens 16
R3-COMP 729 DEAD
R3-COMP 730 DEAD
R3-COMP 731 LIVE ngens 21
R3-COMP 732 DEAD
R3-COMP 733 LIVE ngens 20
R3-COMP 734 DEAD
R3-COMP 735 DEAD
R3-COMP 736 DEAD
R3-COMP 737 DEAD
R3-COMP 738 DEAD
R3-COMP 739 DEAD
R3-COMP 740 DEAD
R3-COMP 741 DEAD
R3-COMP 742 DEAD
R3-COMP 743 DEAD
R3-COMP 744 DEAD
R3-COMP 745 DEAD
R3-COMP 746 DEAD
R3-COMP 747 LIVE ngens 27
R3-COMP 748 DEAD
R3-COMP 749 LIVE ngens 21
R3-COMP 750 DEAD
R3-COMP 751 LIVE ngens 22
R3-COMP 752 DEAD
R3-COMP 753 LIVE ngens 20
R3-COMP 754 DEAD
R3-COMP 755 DEAD
R3-COMP 756 LIVE ngens 23
R3-COMP 757 DEAD
R3-COMP 758 LIVE ngens 21
R3-COMP 759 DEAD
R3-COMP 760 DEAD
R3-COMP 761 DEAD
R3-COMP 762 DEAD
R3-COMP 763 LIVE ngens 19
R3-COMP 764 DEAD
R3-COMP 765 DEAD
R3-COMP 766 LIVE ngens 20
R3-COMP 767 DEAD
R3-COMP 768 DEAD
R3-COMP 769 DEAD
R3-COMP 770 LIVE ngens 22
R3-COMP 771 DEAD
R3-COMP 772 DEAD
R3-COMP 773 DEAD
R3-COMP 774 DEAD
R3-COMP 775 DEAD
R3-COMP 776 DEAD
R3-COMP 777 DEAD
R3-COMP 778 DEAD
R3-COMP 779 DEAD
R3-COMP 780 DEAD
R3-COMP 781 LIVE ngens 16
R3-COMP 782 DEAD
R3-COMP 783 LIVE ngens 16
R3-COMP 784 DEAD
R3-COMP 785 LIVE ngens 17
R3-COMP 786 DEAD
R3-COMP 787 LIVE ngens 17
R3-COMP 788 DEAD
R3-COMP 789 LIVE ngens 16
R3-COMP 790 LIVE ngens 16
R3-COMP 791 DEAD
R3-COMP 792 DEAD
R3-COMP 793 LIVE ngens 17
R3-COMP 794 DEAD
R3-COMP 795 LIVE ngens 27
R3-COMP 796 LIVE ngens 22
R3-COMP 797 LIVE ngens 20
R3-COMP 798 DEAD
R3-COMP 799 DEAD
R3-COMP 800 DEAD
R3-COMP 801 DEAD
R3-COMP 802 LIVE ngens 20
R3-COMP 803 DEAD
R3-COMP 804 DEAD
R3-COMP 805 DEAD
R3-COMP 806 DEAD
R3-COMP 807 DEAD
R3-COMP 808 DEAD
R3-COMP 809 DEAD
R3-COMP 810 DEAD
R3-COMP 811 DEAD
R3-COMP 812 DEAD
R3-COMP 813 DEAD
R3-COMP 814 DEAD
R3-COMP 815 DEAD
R3-COMP 816 DEAD
R3-COMP 817 DEAD
R3-COMP 818 DEAD
R3-COMP 819 DEAD
R3-COMP 820 DEAD
R3-COMP 821 DEAD
R3-COMP 822 DEAD
R3-COMP 823 DEAD
R3-COMP 824 DEAD
R3-COMP 825 DEAD
R3-COMP 826 DEAD
R3-COMP 827 DEAD
R3-COMP 828 DEAD
R3-COMP 829 DEAD
R3-COMP 830 DEAD
R3-COMP 831 DEAD
R3-COMP 832 DEAD
R3-COMP 833 LIVE ngens 23
R3-COMP 834 DEAD
R3-COMP 835 LIVE ngens 19
R3-COMP 836 DEAD
R3-COMP 837 DEAD
R3-COMP 838 DEAD
R3-COMP 839 DEAD
R3-COMP 840 DEAD
R3-COMP 841 LIVE ngens 23
R3-COMP 842 LIVE ngens 19
R3-COMP 843 LIVE ngens 25
R3-COMP 844 LIVE ngens 22
R3-COMP 845 LIVE ngens 19
R3-COMP 846 DEAD
R3-COMP 847 DEAD
R3-COMP 848 LIVE ngens 26
R3-COMP 849 LIVE ngens 28
R3-COMP 850 LIVE ngens 20
R3-COMP 851 DEAD
R3-COMP 852 DEAD
R3-COMP 853 LIVE ngens 18
R3-COMP 854 DEAD
R3-COMP 855 DEAD
R3-COMP 856 DEAD
R3-COMP 857 DEAD
R3-COMP 858 LIVE ngens 26
R3-COMP 859 DEAD
R3-COMP 860 LIVE ngens 27
R3-COMP 861 DEAD
R3-COMP 862 DEAD
R3-COMP 863 LIVE ngens 24
R3-COMP 864 DEAD
R3-COMP 865 LIVE ngens 27
R3-COMP 866 LIVE ngens 22
R3-COMP 867 DEAD
R3-COMP 868 DEAD
R3-COMP 869 DEAD
R3-COMP 870 DEAD
R3-COMP 871 DEAD
R3-COMP 872 DEAD
R3-COMP 873 DEAD
R3-COMP 874 DEAD
R3-COMP 875 DEAD
R3-COMP 876 DEAD
R3-COMP 877 LIVE ngens 15
R3-COMP 878 DEAD
R3-COMP 879 LIVE ngens 19
R3-COMP 880 DEAD
R3-COMP 881 DEAD
R3-COMP 882 DEAD
R3-COMP 883 DEAD
R3-COMP 884 DEAD
R3-COMP 885 DEAD
R3-COMP 886 DEAD
R3-COMP 887 DEAD
R3-COMP 888 DEAD
R3-COMP 889 DEAD
R3-COMP 890 DEAD
R3-COMP 891 DEAD
R3-COMP 892 LIVE ngens 20
R3-COMP 893 LIVE ngens 27
R3-COMP 894 DEAD
R3-COMP 895 LIVE ngens 32
R3-COMP 896 DEAD
R3-COMP 897 DEAD
R3-COMP 898 DEAD
R3-COMP 899 DEAD
R3-COMP 900 DEAD
R3-COMP 901 DEAD
R3-COMP 902 DEAD
R3-COMP 903 LIVE ngens 21
R3-COMP 904 DEAD
R3-COMP 905 DEAD
R3-COMP 906 DEAD
R3-COMP 907 DEAD
R3-COMP 908 DEAD
R3-COMP 909 DEAD
R3-COMP 910 LIVE ngens 18
R3-COMP 911 DEAD
R3-COMP 912 LIVE ngens 25
R3-COMP 913 DEAD
R3-COMP 914 LIVE ngens 17
R3-COMP 915 DEAD
R3-COMP 916 DEAD
R3-COMP 917 DEAD
R3-COMP 918 DEAD
R3-COMP 919 DEAD
R3-COMP 920 DEAD
R3-COMP 921 DEAD
R3-COMP 922 DEAD
R3-COMP 923 DEAD
R3-COMP 924 LIVE ngens 18
R3-COMP 925 DEAD
R3-COMP 926 LIVE ngens 15
R3-COMP 927 DEAD
R3-COMP 928 DEAD
R3-COMP 929 LIVE ngens 22
R3-COMP 930 DEAD
R3-COMP 931 LIVE ngens 21
R3-COMP 932 DEAD
R3-COMP 933 DEAD
R3-COMP 934 DEAD
R3-COMP 935 DEAD
R3-COMP 936 LIVE ngens 24
R3-COMP 937 DEAD
R3-COMP 938 LIVE ngens 20
R3-COMP 939 DEAD
R3-COMP 940 DEAD
R3-COMP 941 DEAD
R3-COMP 942 DEAD
R3-COMP 943 DEAD
R3-COMP 944 DEAD
R3-COMP 945 DEAD
R3-COMP 946 DEAD
R3-COMP 947 DEAD
R3-COMP 948 DEAD
R3-COMP 949 DEAD
R3-COMP 950 DEAD
R3-COMP 951 DEAD
R3-COMP 952 DEAD
R3-COMP 953 DEAD
R3-COMP 954 LIVE ngens 15
R3-COMP 955 LIVE ngens 23
R3-COMP 956 DEAD
R3-COMP 957 DEAD
R3-COMP 958 DEAD
R3-COMP 959 DEAD
R3-COMP 960 DEAD
R3-COMP 961 DEAD
R3-COMP 962 DEAD
R3-COMP 963 DEAD
R3-COMP 964 DEAD
R3-COMP 965 DEAD
R3-COMP 966 DEAD
R3-COMP 967 DEAD
R3-COMP 968 DEAD
R3-COMP 969 DEAD
R3-COMP 970 DEAD
R3-COMP 971 DEAD
R3-COMP 972 DEAD
R3-COMP 973 LIVE ngens 24
R3-COMP 974 DEAD
R3-COMP 975 DEAD
R3-COMP 976 DEAD
R3-COMP 977 DEAD
R3-COMP 978 DEAD
R3-COMP 979 DEAD
R3-COMP 980 DEAD
R3-COMP 981 LIVE ngens 20
R3-COMP 982 DEAD
R3-COMP 983 DEAD
R3-COMP 984 DEAD
R3-COMP 985 DEAD
R3-COMP 986 DEAD
R3-COMP 987 DEAD
R3-COMP 988 DEAD
R3-COMP 989 DEAD
R3-COMP 990 DEAD
R3-COMP 991 LIVE ngens 22
R3-COMP 992 DEAD
R3-COMP 993 DEAD
R3-COMP 994 DEAD
R3-COMP 995 DEAD
R3-COMP 996 DEAD
R3-COMP 997 DEAD
R3-COMP 998 DEAD
R3-COMP 999 DEAD
R3-COMP 1000 DEAD
R3-COMP 1001 LIVE ngens 24
R3-COMP 1002 DEAD
R3-COMP 1003 DEAD
R3-COMP 1004 DEAD
R3-COMP 1005 DEAD
R3-COMP 1006 DEAD
R3-COMP 1007 DEAD
R3-COMP 1008 DEAD
R3-COMP 1009 DEAD
R3-COMP 1010 LIVE ngens 18
R3-COMP 1011 DEAD
R3-COMP 1012 LIVE ngens 30
R3-COMP 1013 DEAD
R3-COMP 1014 LIVE ngens 16
R3-COMP 1015 DEAD
R3-COMP 1016 DEAD
R3-COMP 1017 DEAD
R3-COMP 1018 DEAD
R3-COMP 1019 DEAD
R3-COMP 1020 DEAD
R3-COMP 1021 DEAD
R3-COMP 1022 DEAD
R3-COMP 1023 DEAD
R3-COMP 1024 DEAD
R3-COMP 1025 DEAD
R3-COMP 1026 DEAD
R3-COMP 1027 DEAD
R3-COMP 1028 DEAD
R3-COMP 1029 DEAD
R3-COMP 1030 DEAD
R3-COMP 1031 DEAD
R3-COMP 1032 DEAD
R3-COMP 1033 LIVE ngens 17
R3-COMP 1034 DEAD
R3-COMP 1035 LIVE ngens 19
R3-COMP 1036 DEAD
R3-COMP 1037 DEAD
R3-COMP 1038 DEAD
R3-COMP 1039 DEAD
R3-COMP 1040 DEAD
R3-COMP 1041 DEAD
R3-COMP 1042 DEAD
R3-COMP 1043 DEAD
R3-COMP 1044 DEAD
R3-COMP 1045 DEAD
R3-COMP 1046 DEAD
R3-COMP 1047 DEAD
R3-COMP 1048 DEAD
R3-COMP 1049 LIVE ngens 21
R3-COMP 1050 LIVE ngens 17
R3-COMP 1051 DEAD
R3-COMP 1052 DEAD
R3-COMP 1053 DEAD
R3-COMP 1054 DEAD
R3-COMP 1055 DEAD
R3-COMP 1056 DEAD
R3-COMP 1057 LIVE ngens 20
R3-COMP 1058 DEAD
R3-COMP 1059 DEAD
R3-COMP 1060 DEAD
R3-COMP 1061 DEAD
R3-COMP 1062 DEAD
R3-COMP 1063 DEAD
R3-COMP 1064 DEAD
R3-COMP 1065 DEAD
R3-COMP 1066 DEAD
R3-COMP 1067 LIVE ngens 20
R3-COMP 1068 DEAD
R3-COMP 1069 DEAD
R3-COMP 1070 DEAD
R3-COMP 1071 DEAD
R3-COMP 1072 DEAD
R3-COMP 1073 LIVE ngens 18
R3-COMP 1074 DEAD
R3-COMP 1075 DEAD
R3-COMP 1076 DEAD
R3-COMP 1077 DEAD
R3-COMP 1078 LIVE ngens 19
R3-COMP 1079 LIVE ngens 25
R3-COMP 1080 DEAD
R3-COMP 1081 LIVE ngens 15
R3-COMP 1082 DEAD
R3-COMP 1083 DEAD
R3-COMP 1084 DEAD
R3-NLIVE 216
R3-UNIT comp 14 k 1
R3-UNIT comp 14 k 2
R3-UNIT comp 14 k 3
R3-UNIT comp 15 k 1
R3-UNIT comp 15 k 2
R3-UNIT comp 15 k 3
R3-UNIT comp 16 k 1
R3-UNIT comp 16 k 2
R3-UNIT comp 16 k 3
R3-UNIT comp 17 k 1
R3-UNIT comp 17 k 2
R3-UNIT comp 17 k 3
R3-UNIT comp 18 k 1
R3-UNIT comp 18 k 2
R3-UNIT comp 18 k 3
R3-UNIT comp 20 k 1
R3-UNIT comp 20 k 2
R3-UNIT comp 20 k 3
R3-UNIT comp 23 k 1
R3-UNIT comp 23 k 2
R3-UNIT comp 23 k 3
R3-UNIT comp 24 k 1
R3-UNIT comp 24 k 2
R3-UNIT comp 24 k 3
R3-UNIT comp 25 k 1
R3-UNIT comp 25 k 2
R3-UNIT comp 25 k 3
R3-UNIT comp 27 k 1
R3-UNIT comp 27 k 2
R3-UNIT comp 27 k 3
R3-UNIT comp 28 k 1
R3-UNIT comp 28 k 2
R3-UNIT comp 28 k 3
R3-UNIT comp 30 k 1
R3-UNIT comp 30 k 2
R3-UNIT comp 30 k 3
R3-UNIT comp 31 k 1
R3-UNIT comp 31 k 2
R3-UNIT comp 31 k 3
R3-UNIT comp 32 k 1
R3-UNIT comp 32 k 2
R3-UNIT comp 32 k 3
R3-UNIT comp 33 k 1
R3-UNIT comp 33 k 2
R3-UNIT comp 33 k 3
R3-UNIT comp 35 k 1
R3-UNIT comp 35 k 2
R3-UNIT comp 35 k 3
R3-UNIT comp 36 k 1
R3-UNIT comp 36 k 2
R3-UNIT comp 36 k 3
R3-UNIT comp 37 k 1
R3-UNIT comp 37 k 2
R3-UNIT comp 37 k 3
R3-UNIT comp 38 k 1
R3-UNIT comp 38 k 2
R3-UNIT comp 38 k 3
R3-UNIT comp 43 k 1
R3-UNIT comp 43 k 2
R3-UNIT comp 43 k 3
R3-UNIT comp 47 k 1
R3-UNIT comp 47 k 2
R3-UNIT comp 47 k 3
R3-UNIT comp 48 k 1
R3-UNIT comp 48 k 2
R3-UNIT comp 48 k 3
R3-UNIT comp 52 k 1
R3-UNIT comp 52 k 2
R3-UNIT comp 52 k 3
R3-UNIT comp 54 k 1
R3-UNIT comp 54 k 2
R3-UNIT comp 54 k 3
R3-UNIT comp 59 k 1
R3-UNIT comp 59 k 2
R3-UNIT comp 59 k 3
R3-UNIT comp 63 k 1
R3-UNIT comp 63 k 2
R3-UNIT comp 63 k 3
R3-UNIT comp 65 k 1
R3-UNIT comp 65 k 2
R3-UNIT comp 65 k 3
R3-UNIT comp 66 k 1
R3-UNIT comp 66 k 2
R3-UNIT comp 66 k 3
R3-UNIT comp 67 k 1
R3-UNIT comp 67 k 2
R3-UNIT comp 67 k 3
R3-UNIT comp 80 k 1
R3-UNIT comp 80 k 2
R3-UNIT comp 80 k 3
R3-UNIT comp 88 k 1
R3-UNIT comp 88 k 2
R3-UNIT comp 88 k 3
R3-UNIT comp 89 k 1
R3-UNIT comp 89 k 2
R3-UNIT comp 89 k 3
R3-UNIT comp 95 k 1
R3-UNIT comp 95 k 2
R3-UNIT comp 95 k 3
R3-UNIT comp 100 k 1
R3-UNIT comp 100 k 2
R3-UNIT comp 100 k 3
R3-UNIT comp 101 k 1
R3-UNIT comp 101 k 2
R3-UNIT comp 101 k 3
R3-UNIT comp 102 k 1
R3-UNIT comp 102 k 2
R3-UNIT comp 102 k 3
R3-UNIT comp 105 k 1
R3-UNIT comp 105 k 2
R3-UNIT comp 105 k 3
R3-UNIT comp 106 k 1
R3-UNIT comp 106 k 2
R3-UNIT comp 106 k 3
R3-UNIT comp 108 k 1
R3-UNIT comp 108 k 2
R3-UNIT comp 108 k 3
R3-UNIT comp 110 k 1
R3-UNIT comp 110 k 2
R3-UNIT comp 110 k 3
R3-UNIT comp 123 k 1
R3-UNIT comp 123 k 2
R3-UNIT comp 123 k 3
R3-UNIT comp 126 k 1
R3-UNIT comp 126 k 2
R3-UNIT comp 126 k 3
R3-UNIT comp 127 k 1
R3-UNIT comp 127 k 2
R3-UNIT comp 127 k 3
R3-UNIT comp 161 k 1
R3-UNIT comp 161 k 2
R3-UNIT comp 161 k 3
R3-UNIT comp 164 k 1
R3-UNIT comp 164 k 2
R3-UNIT comp 164 k 3
R3-UNIT comp 168 k 1
R3-UNIT comp 168 k 2
R3-UNIT comp 168 k 3
R3-UNIT comp 187 k 1
R3-UNIT comp 187 k 2
R3-UNIT comp 187 k 3
R3-UNIT comp 228 k 1
R3-UNIT comp 228 k 2
R3-UNIT comp 228 k 3
R3-UNIT comp 229 k 1
R3-UNIT comp 229 k 2
R3-UNIT comp 229 k 3
R3-UNIT comp 242 k 1
R3-UNIT comp 242 k 2
R3-UNIT comp 242 k 3
R3-UNIT comp 250 k 1
R3-UNIT comp 250 k 2
R3-UNIT comp 250 k 3
R3-UNIT comp 253 k 1
R3-UNIT comp 253 k 2
R3-UNIT comp 253 k 3
R3-UNIT comp 263 k 1
R3-UNIT comp 263 k 2
R3-UNIT comp 263 k 3
R3-UNIT comp 264 k 1
R3-UNIT comp 264 k 2
R3-UNIT comp 264 k 3
R3-UNIT comp 331 k 1
R3-UNIT comp 331 k 2
R3-UNIT comp 331 k 3
R3-UNIT comp 336 k 1
R3-UNIT comp 336 k 2
R3-UNIT comp 336 k 3
R3-UNIT comp 340 k 1
R3-UNIT comp 340 k 2
R3-UNIT comp 340 k 3
R3-UNIT comp 344 k 1
R3-UNIT comp 344 k 2
R3-UNIT comp 344 k 3
R3-UNIT comp 350 k 1
R3-UNIT comp 350 k 2
R3-UNIT comp 350 k 3
R3-UNIT comp 352 k 1
R3-UNIT comp 352 k 2
R3-UNIT comp 352 k 3
R3-UNIT comp 353 k 1
R3-UNIT comp 353 k 2
R3-UNIT comp 353 k 3
R3-UNIT comp 355 k 1
R3-UNIT comp 355 k 2
R3-UNIT comp 355 k 3
R3-UNIT comp 356 k 1
R3-UNIT comp 356 k 2
R3-UNIT comp 356 k 3
R3-UNIT comp 357 k 1
R3-UNIT comp 357 k 2
R3-UNIT comp 357 k 3
R3-UNIT comp 358 k 1
R3-UNIT comp 358 k 2
R3-UNIT comp 358 k 3
R3-UNIT comp 359 k 1
R3-UNIT comp 359 k 2
R3-UNIT comp 359 k 3
R3-UNIT comp 364 k 1
R3-UNIT comp 364 k 2
R3-UNIT comp 364 k 3
R3-UNIT comp 365 k 1
R3-UNIT comp 365 k 2
R3-UNIT comp 365 k 3
R3-UNIT comp 367 k 1
R3-UNIT comp 367 k 2
R3-UNIT comp 367 k 3
R3-UNIT comp 388 k 1
R3-UNIT comp 388 k 2
R3-UNIT comp 388 k 3
R3-UNIT comp 391 k 1
R3-UNIT comp 391 k 2
R3-UNIT comp 391 k 3
R3-UNIT comp 392 k 1
R3-UNIT comp 392 k 2
R3-UNIT comp 392 k 3
R3-UNIT comp 396 k 1
R3-UNIT comp 396 k 2
R3-UNIT comp 396 k 3
R3-UNIT comp 403 k 1
R3-UNIT comp 403 k 2
R3-UNIT comp 403 k 3
R3-UNIT comp 414 k 1
R3-UNIT comp 414 k 2
R3-UNIT comp 414 k 3
R3-UNIT comp 416 k 1
R3-UNIT comp 416 k 2
R3-UNIT comp 416 k 3
R3-UNIT comp 417 k 1
R3-UNIT comp 417 k 2
R3-UNIT comp 417 k 3
R3-UNIT comp 418 k 1
R3-UNIT comp 418 k 2
R3-UNIT comp 418 k 3
R3-UNIT comp 432 k 1
R3-UNIT comp 432 k 2
R3-UNIT comp 432 k 3
R3-UNIT comp 435 k 1
R3-UNIT comp 435 k 2
R3-UNIT comp 435 k 3
R3-UNIT comp 439 k 1
R3-UNIT comp 439 k 2
R3-UNIT comp 439 k 3
R3-UNIT comp 443 k 1
R3-UNIT comp 443 k 2
R3-UNIT comp 443 k 3
R3-UNIT comp 444 k 1
R3-UNIT comp 444 k 2
R3-UNIT comp 444 k 3
R3-UNIT comp 446 k 1
R3-UNIT comp 446 k 2
R3-UNIT comp 446 k 3
R3-UNIT comp 450 k 1
R3-UNIT comp 450 k 2
R3-UNIT comp 450 k 3
R3-UNIT comp 463 k 1
R3-UNIT comp 463 k 2
R3-UNIT comp 463 k 3
R3-UNIT comp 464 k 1
R3-UNIT comp 464 k 2
R3-UNIT comp 464 k 3
R3-UNIT comp 467 k 1
R3-UNIT comp 467 k 2
R3-UNIT comp 467 k 3
R3-UNIT comp 475 k 1
R3-UNIT comp 475 k 2
R3-UNIT comp 475 k 3
R3-UNIT comp 478 k 1
R3-UNIT comp 478 k 2
R3-UNIT comp 478 k 3
R3-UNIT comp 485 k 1
R3-UNIT comp 485 k 2
R3-UNIT comp 485 k 3
R3-UNIT comp 486 k 1
R3-UNIT comp 486 k 2
R3-UNIT comp 486 k 3
R3-UNIT comp 493 k 1
R3-UNIT comp 493 k 2
R3-UNIT comp 493 k 3
R3-UNIT comp 497 k 1
R3-UNIT comp 497 k 2
R3-UNIT comp 497 k 3
R3-UNIT comp 499 k 1
R3-UNIT comp 499 k 2
R3-UNIT comp 499 k 3
R3-UNIT comp 504 k 1
R3-UNIT comp 504 k 2
R3-UNIT comp 504 k 3
R3-UNIT comp 507 k 1
R3-UNIT comp 507 k 2
R3-UNIT comp 507 k 3
R3-UNIT comp 508 k 1
R3-UNIT comp 508 k 2
R3-UNIT comp 508 k 3
R3-UNIT comp 510 k 1
R3-UNIT comp 510 k 2
R3-UNIT comp 510 k 3
R3-UNIT comp 514 k 1
R3-UNIT comp 514 k 2
R3-UNIT comp 514 k 3
R3-UNIT comp 515 k 1
R3-UNIT comp 515 k 2
R3-UNIT comp 515 k 3
R3-UNIT comp 516 k 1
R3-UNIT comp 516 k 2
R3-UNIT comp 516 k 3
R3-UNIT comp 522 k 1
R3-UNIT comp 522 k 2
R3-UNIT comp 522 k 3
R3-UNIT comp 523 k 1
R3-UNIT comp 523 k 2
R3-UNIT comp 523 k 3
R3-UNIT comp 525 k 1
R3-UNIT comp 525 k 2
R3-UNIT comp 525 k 3
R3-UNIT comp 527 k 1
R3-UNIT comp 527 k 2
R3-UNIT comp 527 k 3
R3-UNIT comp 530 k 1
R3-UNIT comp 530 k 2
R3-UNIT comp 530 k 3
R3-UNIT comp 531 k 1
R3-UNIT comp 531 k 2
R3-UNIT comp 531 k 3
R3-UNIT comp 535 k 1
R3-UNIT comp 535 k 2
R3-UNIT comp 535 k 3
R3-UNIT comp 561 k 1
R3-UNIT comp 561 k 2
R3-UNIT comp 561 k 3
R3-UNIT comp 563 k 1
R3-UNIT comp 563 k 2
R3-UNIT comp 563 k 3
R3-UNIT comp 566 k 1
R3-UNIT comp 566 k 2
R3-UNIT comp 566 k 3
R3-UNIT comp 576 k 1
R3-UNIT comp 576 k 2
R3-UNIT comp 576 k 3
R3-UNIT comp 577 k 1
R3-UNIT comp 577 k 2
R3-UNIT comp 577 k 3
R3-UNIT comp 587 k 1
R3-UNIT comp 587 k 2
R3-UNIT comp 587 k 3
R3-UNIT comp 588 k 1
R3-UNIT comp 588 k 2
R3-UNIT comp 588 k 3
R3-UNIT comp 589 k 1
R3-UNIT comp 589 k 2
R3-UNIT comp 589 k 3
R3-UNIT comp 590 k 1
R3-UNIT comp 590 k 2
R3-UNIT comp 590 k 3
R3-UNIT comp 591 k 1
R3-UNIT comp 591 k 2
R3-UNIT comp 591 k 3
R3-UNIT comp 594 k 1
R3-UNIT comp 594 k 2
R3-UNIT comp 594 k 3
R3-UNIT comp 598 k 1
R3-UNIT comp 598 k 2
R3-UNIT comp 598 k 3
R3-UNIT comp 615 k 1
R3-UNIT comp 615 k 2
R3-UNIT comp 615 k 3
R3-UNIT comp 617 k 1
R3-UNIT comp 617 k 2
R3-UNIT comp 617 k 3
R3-UNIT comp 620 k 1
R3-UNIT comp 620 k 2
R3-UNIT comp 620 k 3
R3-UNIT comp 621 k 1
R3-UNIT comp 621 k 2
R3-UNIT comp 621 k 3
R3-UNIT comp 622 k 1
R3-UNIT comp 622 k 2
R3-UNIT comp 622 k 3
R3-UNIT comp 623 k 1
R3-UNIT comp 623 k 2
R3-UNIT comp 623 k 3
R3-UNIT comp 646 k 1
R3-UNIT comp 646 k 2
R3-UNIT comp 646 k 3
R3-UNIT comp 655 k 1
R3-UNIT comp 655 k 2
R3-UNIT comp 655 k 3
R3-UNIT comp 662 k 1
R3-UNIT comp 662 k 2
R3-UNIT comp 662 k 3
R3-UNIT comp 664 k 1
R3-UNIT comp 664 k 2
R3-UNIT comp 664 k 3
R3-UNIT comp 667 k 1
R3-UNIT comp 667 k 2
R3-UNIT comp 667 k 3
R3-UNIT comp 673 k 1
R3-UNIT comp 673 k 2
R3-UNIT comp 673 k 3
R3-UNIT comp 681 k 1
R3-UNIT comp 681 k 2
R3-UNIT comp 681 k 3
R3-UNIT comp 685 k 1
R3-UNIT comp 685 k 2
R3-UNIT comp 685 k 3
R3-UNIT comp 688 k 1
R3-UNIT comp 688 k 2
R3-UNIT comp 688 k 3
R3-UNIT comp 690 k 1
R3-UNIT comp 690 k 2
R3-UNIT comp 690 k 3
R3-UNIT comp 695 k 1
R3-UNIT comp 695 k 2
R3-UNIT comp 695 k 3
R3-UNIT comp 698 k 1
R3-UNIT comp 698 k 2
R3-UNIT comp 698 k 3
R3-UNIT comp 700 k 1
R3-UNIT comp 700 k 2
R3-UNIT comp 700 k 3
R3-UNIT comp 703 k 1
R3-UNIT comp 703 k 2
R3-UNIT comp 703 k 3
R3-UNIT comp 708 k 1
R3-UNIT comp 708 k 2
R3-UNIT comp 708 k 3
R3-UNIT comp 727 k 1
R3-UNIT comp 727 k 2
R3-UNIT comp 727 k 3
R3-UNIT comp 728 k 1
R3-UNIT comp 728 k 2
R3-UNIT comp 728 k 3
R3-UNIT comp 731 k 1
R3-UNIT comp 731 k 2
R3-UNIT comp 731 k 3
R3-UNIT comp 733 k 1
R3-UNIT comp 733 k 2
R3-UNIT comp 733 k 3
R3-UNIT comp 747 k 1
R3-UNIT comp 747 k 2
R3-UNIT comp 747 k 3
R3-UNIT comp 749 k 1
R3-UNIT comp 749 k 2
R3-UNIT comp 749 k 3
R3-UNIT comp 751 k 1
R3-UNIT comp 751 k 2
R3-UNIT comp 751 k 3
R3-UNIT comp 753 k 1
R3-UNIT comp 753 k 2
R3-UNIT comp 753 k 3
R3-UNIT comp 756 k 1
R3-UNIT comp 756 k 2
R3-UNIT comp 756 k 3
R3-UNIT comp 758 k 1
R3-UNIT comp 758 k 2
R3-UNIT comp 758 k 3
R3-UNIT comp 763 k 1
R3-UNIT comp 763 k 2
R3-UNIT comp 763 k 3
R3-UNIT comp 766 k 1
R3-UNIT comp 766 k 2
R3-UNIT comp 766 k 3
R3-UNIT comp 770 k 1
R3-UNIT comp 770 k 2
R3-UNIT comp 770 k 3
R3-UNIT comp 781 k 1
R3-UNIT comp 781 k 2
R3-UNIT comp 781 k 3
R3-UNIT comp 783 k 1
R3-UNIT comp 783 k 2
R3-UNIT comp 783 k 3
R3-UNIT comp 785 k 1
R3-UNIT comp 785 k 2
R3-UNIT comp 785 k 3
R3-UNIT comp 787 k 1
R3-UNIT comp 787 k 2
R3-UNIT comp 787 k 3
R3-UNIT comp 789 k 1
R3-UNIT comp 789 k 2
R3-UNIT comp 789 k 3
R3-UNIT comp 790 k 1
R3-UNIT comp 790 k 2
R3-UNIT comp 790 k 3
R3-UNIT comp 793 k 1
R3-UNIT comp 793 k 2
R3-UNIT comp 793 k 3
R3-UNIT comp 795 k 1
R3-UNIT comp 795 k 2
R3-UNIT comp 795 k 3
R3-UNIT comp 796 k 1
R3-UNIT comp 796 k 2
R3-UNIT comp 796 k 3
R3-UNIT comp 797 k 1
R3-UNIT comp 797 k 2
R3-UNIT comp 797 k 3
R3-UNIT comp 802 k 1
R3-UNIT comp 802 k 2
R3-UNIT comp 802 k 3
R3-UNIT comp 833 k 1
R3-UNIT comp 833 k 2
R3-UNIT comp 833 k 3
R3-UNIT comp 835 k 1
R3-UNIT comp 835 k 2
R3-UNIT comp 835 k 3
R3-UNIT comp 841 k 1
R3-UNIT comp 841 k 2
R3-UNIT comp 841 k 3
R3-UNIT comp 842 k 1
R3-UNIT comp 842 k 2
R3-UNIT comp 842 k 3
R3-UNIT comp 843 k 1
R3-UNIT comp 843 k 2
R3-UNIT comp 843 k 3
R3-UNIT comp 844 k 1
R3-UNIT comp 844 k 2
R3-UNIT comp 844 k 3
R3-UNIT comp 845 k 1
R3-UNIT comp 845 k 2
R3-UNIT comp 845 k 3
R3-UNIT comp 848 k 1
R3-UNIT comp 848 k 2
R3-UNIT comp 848 k 3
R3-UNIT comp 849 k 1
R3-UNIT comp 849 k 2
R3-UNIT comp 849 k 3
R3-UNIT comp 850 k 1
R3-UNIT comp 850 k 2
R3-UNIT comp 850 k 3
R3-UNIT comp 853 k 1
R3-UNIT comp 853 k 2
R3-UNIT comp 853 k 3
R3-UNIT comp 858 k 1
R3-UNIT comp 858 k 2
R3-UNIT comp 858 k 3
R3-UNIT comp 860 k 1
R3-UNIT comp 860 k 2
R3-UNIT comp 860 k 3
R3-UNIT comp 863 k 1
R3-UNIT comp 863 k 2
R3-UNIT comp 863 k 3
R3-UNIT comp 865 k 1
R3-UNIT comp 865 k 2
R3-UNIT comp 865 k 3
R3-UNIT comp 866 k 1
R3-UNIT comp 866 k 2
R3-UNIT comp 866 k 3
R3-UNIT comp 877 k 1
R3-UNIT comp 877 k 2
R3-UNIT comp 877 k 3
R3-UNIT comp 879 k 1
R3-UNIT comp 879 k 2
R3-UNIT comp 879 k 3
R3-UNIT comp 892 k 1
R3-UNIT comp 892 k 2
R3-UNIT comp 892 k 3
R3-UNIT comp 893 k 1
R3-UNIT comp 893 k 2
R3-UNIT comp 893 k 3
R3-UNIT comp 895 k 1
R3-UNIT comp 895 k 2
R3-UNIT comp 895 k 3
R3-UNIT comp 903 k 1
R3-UNIT comp 903 k 2
R3-UNIT comp 903 k 3
R3-UNIT comp 910 k 1
R3-UNIT comp 910 k 2
R3-UNIT comp 910 k 3
R3-UNIT comp 912 k 1
R3-UNIT comp 912 k 2
R3-UNIT comp 912 k 3
R3-UNIT comp 914 k 1
R3-UNIT comp 914 k 2
R3-UNIT comp 914 k 3
R3-UNIT comp 924 k 1
R3-UNIT comp 924 k 2
R3-UNIT comp 924 k 3
R3-UNIT comp 926 k 1
R3-UNIT comp 926 k 2
R3-UNIT comp 926 k 3
R3-UNIT comp 929 k 1
R3-UNIT comp 929 k 2
R3-UNIT comp 929 k 3
R3-UNIT comp 931 k 1
R3-UNIT comp 931 k 2
R3-UNIT comp 931 k 3
R3-UNIT comp 936 k 1
R3-UNIT comp 936 k 2
R3-UNIT comp 936 k 3
R3-UNIT comp 938 k 1
R3-UNIT comp 938 k 2
R3-UNIT comp 938 k 3
R3-UNIT comp 954 k 1
R3-UNIT comp 954 k 2
R3-UNIT comp 954 k 3
R3-UNIT comp 955 k 1
R3-UNIT comp 955 k 2
R3-UNIT comp 955 k 3
R3-UNIT comp 973 k 1
R3-UNIT comp 973 k 2
R3-UNIT comp 973 k 3
R3-UNIT comp 981 k 1
R3-UNIT comp 981 k 2
R3-UNIT comp 981 k 3
R3-UNIT comp 991 k 1
R3-UNIT comp 991 k 2
R3-UNIT comp 991 k 3
R3-UNIT comp 1001 k 1
R3-UNIT comp 1001 k 2
R3-UNIT comp 1001 k 3
R3-UNIT comp 1010 k 1
R3-UNIT comp 1010 k 2
R3-UNIT comp 1010 k 3
R3-UNIT comp 1012 k 1
R3-UNIT comp 1012 k 2
R3-UNIT comp 1012 k 3
R3-UNIT comp 1014 k 1
R3-UNIT comp 1014 k 2
R3-UNIT comp 1014 k 3
R3-UNIT comp 1033 k 1
R3-UNIT comp 1033 k 2
R3-UNIT comp 1033 k 3
R3-UNIT comp 1035 k 1
R3-UNIT comp 1035 k 2
R3-UNIT comp 1035 k 3
R3-UNIT comp 1049 k 1
R3-UNIT comp 1049 k 2
R3-UNIT comp 1049 k 3
R3-UNIT comp 1050 k 1
R3-UNIT comp 1050 k 2
R3-UNIT comp 1050 k 3
R3-UNIT comp 1057 k 1
R3-UNIT comp 1057 k 2
R3-UNIT comp 1057 k 3
R3-UNIT comp 1067 k 1
R3-UNIT comp 1067 k 2
R3-UNIT comp 1067 k 3
R3-UNIT comp 1073 k 1
R3-UNIT comp 1073 k 2
R3-UNIT comp 1073 k 3
R3-UNIT comp 1078 k 1
R3-UNIT comp 1078 k 2
R3-UNIT comp 1078 k 3
R3-UNIT comp 1079 k 1
R3-UNIT comp 1079 k 2
R3-UNIT comp 1079 k 3
R3-UNIT comp 1081 k 1
R3-UNIT comp 1081 k 2
R3-UNIT comp 1081 k 3
R3-CERT system 727: ALL-UNIT
R3-COVER-NGENS 1146

halt 1
